MPASM  5.51                          MAIN.ASM   10-1-2018  16:13:34         PAGE  1


LOC  OBJECT CODE     LINE SOURCE TEXT
  VALUE

Warning[205]: Found directive in column 1. (LIST)
                      00001 LIST    P=16F88
                      00002 #include "p16f88.inc"
                      00001         LIST
                      00002 
                      00003 ;==========================================================================
                      00004 ;  MPASM PIC16F88 processor include
                      00005 ; 
                      00006 ;  (c) Copyright 1999-2013 Microchip Technology, All rights reserved
                      00007 ;==========================================================================
                      00008 
                      00549         LIST
                      00003 #include "Macros.inc"
                      00001 
                      00002 
                      00003 LOAD MACRO Reg,Val
                      00004         movlw Val
                      00005         movwf Reg
                      00006         ENDM
                      00007 
                      00008         
                      00009 Delay MACRO val
                      00010         LOAD C1,val
                      00011         LOAD C2,0xff    ; Iniciamos contador2 
                      00012         decfsz C2,1    ; Decrementa Contador2 y si es 0 sale.-     
                      00013         goto $-1       ; Si no es 0 repetimos ciclo.- 
                      00014         decfsz C1,1    ; Decrementa Contador1.- 
                      00015         goto $-4    ; Si no es cero repetimos ciclo.- 
                      00016         ENDM
                      00017 
                      00018 Print MACRO i
                      00019         movlw 0xF0
                      00020         andwf PORTB
                      00021         movf i,0
                      00022         call msg  
                      00023         movwf temp ; actual
                      00024         movlw 0x0F
                      00025         andwf temp,0
                      00026         iorwf PORTB,1
                      00027         
                      00028         movf i,0
                      00029         call msg
                      00030         movwf temp
                      00031         movlw 0x70
                      00032         andwf temp,1
                      00033         rrf temp
                      00034         rrf temp
                      00035         rrf temp
                      00036         rrf temp
                      00037         movlw 0xF8
                      00038         andwf PORTA
                      00039         movf temp,0
                      00040         iorwf PORTA,1
MPASM  5.51                          MAIN.ASM   10-1-2018  16:13:34         PAGE  2


LOC  OBJECT CODE     LINE SOURCE TEXT
  VALUE

                      00041 
Warning[205]: Found directive in column 1. (ENDM)
                      00042 ENDM
                      00004 
2007   3F29           00005  __CONFIG _CONFIG1, _FOSC_XT & _WDTE_OFF & _PWRTE_OFF & _MCLRE_ON & _CP_OFF & _CPD_OFF & _BODEN_OFF & _L
                            VP_OFF
2008   3FFC           00006  __CONFIG _CONFIG2, _IESO_OFF  & _FCMEN_OFF & _CCP1_RB0 
                      00007 
  00000000            00008 in1a equ .0
  00000001            00009 in1b equ .1
  00000002            00010 in2a equ .2
  00000003            00011 in2b equ .3
                      00012 
  00000005            00013 Motor_Port  equ PORTA
  00000006            00014 Sensor_Port equ PORTB
                      00015 
                      00016 ;s4 s3 s2 s1
                      00017 ;0  0  0  1   func normal
                      00018 ;1  0  x  1
                      00019 ;0  1  x  1
                      00020 ;0  0  0  1
                      00021 ;0  0  1  1
                      00022 ;0  1  1  1
                      00023 ;0  1  1  0
                      00024 ;0  0  1  0
                      00025 ;0  1  0  0
                      00026 ;1  1  1  0
                      00027 ;1  1  0  0
                      00028 ;1  0  0  0
                      00029 ;1  1  1  1  todos activados
                      00030 
  000000F0            00031 s1_s2_s3_s4 equ 0xF0
  00000000            00032 debounce        equ 0x00
                      00033 
  00000010            00034 s1                      equ 0x10
  00000020            00035 s2                      equ 0x20
  00000040            00036 s3                      equ 0x40
  00000080            00037 s4                      equ 0x80
                      00038 
  000000D0            00039 s1_s3_s4        equ 0xD0
                      00040 
  00000050            00041 s1_s3           equ 0x50
  00000090            00042 s1_s4           equ 0x90
                      00043 
                      00044 ;last case
                      00045 
  00000015            00046 lento equ 0x15
  00000002            00047 s1_s4_0 equ 0x02
  00000004            00048 s1_s3_0 equ 0x04
                      00049 
Warning[205]: Found directive in column 1. (CBLOCK)
                      00050 CBLOCK 0x20
  00000020            00051     C1,C2,CUENTA,tim,temp,Duty_Cycle,led,mask,last_case
MPASM  5.51                          MAIN.ASM   10-1-2018  16:13:34         PAGE  3


LOC  OBJECT CODE     LINE SOURCE TEXT
  VALUE

Warning[205]: Found directive in column 1. (ENDC)
                      00052 ENDC
                      00053 
Warning[205]: Found directive in column 1. (ORG)
                      00054 ORG  0X00
Warning[203]: Found opcode in column 1. (GOTO)
0000   2???           00055 GOTO  INICIO 
Warning[205]: Found directive in column 1. (ORG)
                      00056 ORG  0X05   
                      00057     
0005                  00058 INICIO
                      00059 
Warning[205]: Found directive in column 1. (BANKSEL)
0005   1683 1303      00060 BANKSEL ANSEL
Message[302]: Register in operand not in bank 0.  Ensure that bank bits are correct.
0007   019B           00061         CLRF ANSEL
                      00062 
Warning[205]: Found directive in column 1. (BANKSEL)
0008   1283 1303      00063 BANKSEL T2CON
                      00064         LOAD T2CON,0x07 ; pre =16, tmr2 on 
000A   3007               M         movlw 0x07
000B   0092               M         movwf T2CON
                      00065         LOAD CCP1CON,0x3F ; <4:5> 2 bits dc , <3:0> pwm mode
000C   303F               M         movlw 0x3F
000D   0097               M         movwf CCP1CON
                      00066         LOAD CCPR1L,0x00
000E   3000               M         movlw 0x00
000F   0095               M         movwf CCPR1L
Warning[205]: Found directive in column 1. (BANKSEL)
0010   1683 1303      00067 BANKSEL PR2
                      00068         LOAD PR2,0x3E           ; 4Mhz
0012   303E               M         movlw 0x3E
Message[302]: Register in operand not in bank 0.  Ensure that bank bits are correct.
0013   0092               M         movwf PR2
                      00069 
Warning[205]: Found directive in column 1. (BANKSEL)
0014   1683 1303      00070 BANKSEL TRISA
                      00071         LOAD TRISA,0x00 
0016   3000               M         movlw 0x00
Message[302]: Register in operand not in bank 0.  Ensure that bank bits are correct.
0017   0085               M         movwf TRISA
                      00072         LOAD TRISB,0xF0 
0018   30F0               M         movlw 0xF0
Message[302]: Register in operand not in bank 0.  Ensure that bank bits are correct.
0019   0086               M         movwf TRISB
                      00073 
Warning[205]: Found directive in column 1. (BANKSEL)
001A   1283 1303      00074 BANKSEL PORTA
001C   0186           00075         CLRF Sensor_Port
001D   0185           00076         CLRF Motor_Port 
                      00077 
Warning[203]: Found opcode in column 1. (Call)
001E   2???           00078 Call InitLineFollower
MPASM  5.51                          MAIN.ASM   10-1-2018  16:13:34         PAGE  4


LOC  OBJECT CODE     LINE SOURCE TEXT
  VALUE

Warning[203]: Found opcode in column 1. (Call)
001F   2???           00079 Call EnableTimer1
                      00080   
0020                  00081 Loop
Warning[203]: Found opcode in column 1. (movf)
0020   0806           00082 movf Sensor_Port,0 
Warning[203]: Found opcode in column 1. (andlw)
0021   39F0           00083 andlw 0xF0
Warning[203]: Found opcode in column 1. (movwf)
0022   00A4           00084 movwf temp
                      00085 
                      00086 ;########## Led #########
Warning[203]: Found opcode in column 1. (movf)
0023   0824           00087 movf temp,0
Warning[203]: Found opcode in column 1. (movwf)
0024   00A6           00088 movwf led
                      00089 
Warning[203]: Found opcode in column 1. (movlw)
0025   30EF           00090 movlw 0xEF
Warning[203]: Found opcode in column 1. (andwf)
Message[305]: Using default destination of 1 (file).
0026   0585           00091 andwf PORTA
Warning[203]: Found opcode in column 1. (movf)
0027   0826           00092 movf led,0
Warning[203]: Found opcode in column 1. (andlw)
0028   3910           00093 andlw 0x10
Warning[203]: Found opcode in column 1. (iorwf)
Message[305]: Using default destination of 1 (file).
0029   0485           00094 iorwf PORTA
                      00095 
Warning[203]: Found opcode in column 1. (rrf)
Message[305]: Using default destination of 1 (file).
002A   0CA6           00096 rrf led
Warning[203]: Found opcode in column 1. (rrf)
Message[305]: Using default destination of 1 (file).
002B   0CA6           00097 rrf led
Warning[203]: Found opcode in column 1. (rrf)
Message[305]: Using default destination of 1 (file).
002C   0CA6           00098 rrf led
Warning[203]: Found opcode in column 1. (rrf)
Message[305]: Using default destination of 1 (file).
002D   0CA6           00099 rrf led
                      00100 
Warning[203]: Found opcode in column 1. (movlw)
002E   300E           00101 movlw 0x0E
Warning[203]: Found opcode in column 1. (andwf)
Message[305]: Using default destination of 1 (file).
002F   05A6           00102 andwf led
Warning[203]: Found opcode in column 1. (movlw)
0030   30F1           00103 movlw 0xF1
Warning[203]: Found opcode in column 1. (andwf)
Message[305]: Using default destination of 1 (file).
0031   0586           00104 andwf PORTB
MPASM  5.51                          MAIN.ASM   10-1-2018  16:13:34         PAGE  5


LOC  OBJECT CODE     LINE SOURCE TEXT
  VALUE

Warning[203]: Found opcode in column 1. (movf)
0032   0826           00105 movf led,0
Warning[203]: Found opcode in column 1. (iorwf)
Message[305]: Using default destination of 1 (file).
0033   0486           00106 iorwf PORTB
                      00107 
                      00108 ;#######################
                      00109 
0034                  00110 S1_Event
Warning[203]: Found opcode in column 1. (movlw)
0034   3010           00111 movlw s1
Warning[203]: Found opcode in column 1. (bcf)
0035   1103           00112 bcf STATUS,Z
Warning[203]: Found opcode in column 1. (xorwf)
0036   0624           00113 xorwf temp,0
Warning[203]: Found opcode in column 1. (btfss)
0037   1D03           00114 btfss STATUS,Z
Warning[203]: Found opcode in column 1. (GOTO)
0038   2???           00115 GOTO S2_Event  
                      00116         LOAD CCPR1L,lento
0039   3015               M         movlw lento
003A   0095               M         movwf CCPR1L
                      00117         LOAD PR2,0x3E
003B   303E               M         movlw 0x3E
Message[302]: Register in operand not in bank 0.  Ensure that bank bits are correct.
003C   0092               M         movwf PR2
003D   2???           00118         Call Forward
003E   2???           00119         GOTO Loop
                      00120 
003F                  00121 S2_Event                
Warning[203]: Found opcode in column 1. (movlw)
003F   3020           00122 movlw s2
Warning[203]: Found opcode in column 1. (bcf)
0040   1103           00123 bcf STATUS,Z
Warning[203]: Found opcode in column 1. (xorwf)
0041   0624           00124 xorwf temp,0
Warning[203]: Found opcode in column 1. (btfss)
0042   1D03           00125 btfss STATUS,Z
Warning[203]: Found opcode in column 1. (GOTO)
0043   2???           00126 GOTO S3_Event
                      00127         LOAD CCPR1L,lento
0044   3015               M         movlw lento
0045   0095               M         movwf CCPR1L
                      00128         LOAD PR2,0x3E   
0046   303E               M         movlw 0x3E
Message[302]: Register in operand not in bank 0.  Ensure that bank bits are correct.
0047   0092               M         movwf PR2
0048   2???           00129         Call Left
0049   2???           00130         GOTO Loop
                      00131 
004A                  00132 S3_Event                
Warning[203]: Found opcode in column 1. (movlw)
004A   3040           00133 movlw s3
MPASM  5.51                          MAIN.ASM   10-1-2018  16:13:34         PAGE  6


LOC  OBJECT CODE     LINE SOURCE TEXT
  VALUE

Warning[203]: Found opcode in column 1. (bcf)
004B   1103           00134 bcf STATUS,Z
Warning[203]: Found opcode in column 1. (xorwf)
004C   0624           00135 xorwf temp,0
Warning[203]: Found opcode in column 1. (btfss)
004D   1D03           00136 btfss STATUS,Z
Warning[203]: Found opcode in column 1. (GOTO)
004E   2???           00137 GOTO S4_Event  
                      00138         LOAD CCPR1L,lento
004F   3015               M         movlw lento
0050   0095               M         movwf CCPR1L
                      00139         LOAD PR2,0x3E   
0051   303E               M         movlw 0x3E
Message[302]: Register in operand not in bank 0.  Ensure that bank bits are correct.
0052   0092               M         movwf PR2
0053   2???           00140         Call Left
0054   2???           00141         GOTO Loop
                      00142 
0055                  00143 S4_Event                
Warning[203]: Found opcode in column 1. (movlw)
0055   3080           00144 movlw s4
Warning[203]: Found opcode in column 1. (bcf)
0056   1103           00145 bcf STATUS,Z
Warning[203]: Found opcode in column 1. (xorwf)
0057   0624           00146 xorwf temp,0
Warning[203]: Found opcode in column 1. (btfss)
0058   1D03           00147 btfss STATUS,Z
Warning[203]: Found opcode in column 1. (GOTO)
0059   2???           00148 GOTO S1_S3_S4_Event  
                      00149         LOAD CCPR1L,lento
005A   3015               M         movlw lento
005B   0095               M         movwf CCPR1L
                      00150         LOAD PR2,0x3E
005C   303E               M         movlw 0x3E
Message[302]: Register in operand not in bank 0.  Ensure that bank bits are correct.
005D   0092               M         movwf PR2
005E   2???           00151         Call Left
005F   2???           00152         GOTO Loop
                      00153 
0060                  00154 S1_S3_S4_Event ; no sabe que hacer entonces  que vaya defrente
Warning[203]: Found opcode in column 1. (movlw)
0060   30D0           00155 movlw s1_s3_s4
Warning[203]: Found opcode in column 1. (bcf)
0061   1103           00156 bcf STATUS,Z
Warning[203]: Found opcode in column 1. (xorwf)
0062   0624           00157 xorwf temp,0
Warning[203]: Found opcode in column 1. (btfss)
0063   1D03           00158 btfss STATUS,Z
Warning[203]: Found opcode in column 1. (GOTO)
0064   2???           00159 GOTO S1_S3_Event  
                      00160         LOAD CCPR1L,lento
0065   3015               M         movlw lento
0066   0095               M         movwf CCPR1L
MPASM  5.51                          MAIN.ASM   10-1-2018  16:13:34         PAGE  7


LOC  OBJECT CODE     LINE SOURCE TEXT
  VALUE

                      00161         LOAD PR2,0x3E
0067   303E               M         movlw 0x3E
Message[302]: Register in operand not in bank 0.  Ensure that bank bits are correct.
0068   0092               M         movwf PR2
0069   2???           00162         Call Forward
006A   2???           00163         GOTO Loop
                      00164 
006B                  00165 S1_S3_Event ;dont care s2
Warning[203]: Found opcode in column 1. (bcf)
006B   1103           00166 bcf STATUS,Z
Warning[203]: Found opcode in column 1. (movf)
006C   0824           00167 movf temp,0
Warning[203]: Found opcode in column 1. (movwf)
006D   00A7           00168 movwf mask
Warning[203]: Found opcode in column 1. (movlw)
006E   30DF           00169 movlw 0xDF
Warning[203]: Found opcode in column 1. (andwf)
Message[305]: Using default destination of 1 (file).
006F   05A7           00170 andwf mask
Warning[203]: Found opcode in column 1. (movlw)
0070   3050           00171 movlw s1_s3
Warning[203]: Found opcode in column 1. (xorwf)
0071   0627           00172 xorwf mask,0
Warning[203]: Found opcode in column 1. (btfss)
0072   1D03           00173 btfss STATUS,Z
Warning[203]: Found opcode in column 1. (GOTO)
0073   2???           00174 GOTO S1_S4_Event  
                      00175         
                      00176         LOAD CCPR1L,lento
0074   3015               M         movlw lento
0075   0095               M         movwf CCPR1L
                      00177         LOAD PR2,0x3E
0076   303E               M         movlw 0x3E
Message[302]: Register in operand not in bank 0.  Ensure that bank bits are correct.
0077   0092               M         movwf PR2
                      00178         LOAD last_case,s1_s3_0
0078   3004               M         movlw s1_s3_0
0079   00A8               M         movwf last_case
007A   2???           00179         Call Left
007B   2???           00180         GOTO Loop
                      00181 
007C                  00182 S1_S4_Event ;dont care s2
Warning[203]: Found opcode in column 1. (bcf)
007C   1103           00183 bcf STATUS,Z
Warning[203]: Found opcode in column 1. (movf)
007D   0824           00184 movf temp,0
Warning[203]: Found opcode in column 1. (movwf)
007E   00A7           00185 movwf mask
Warning[203]: Found opcode in column 1. (movlw)
007F   30DF           00186 movlw 0xDF
Warning[203]: Found opcode in column 1. (andwf)
Message[305]: Using default destination of 1 (file).
0080   05A7           00187 andwf mask
MPASM  5.51                          MAIN.ASM   10-1-2018  16:13:34         PAGE  8


LOC  OBJECT CODE     LINE SOURCE TEXT
  VALUE

Warning[203]: Found opcode in column 1. (movlw)
0081   3090           00188 movlw s1_s4
Warning[203]: Found opcode in column 1. (xorwf)
0082   0627           00189 xorwf mask,0
Warning[203]: Found opcode in column 1. (btfss)
0083   1D03           00190 btfss STATUS,Z
Warning[203]: Found opcode in column 1. (GOTO)
0084   2???           00191 GOTO S1_S2_S3_S4_Event
                      00192         
                      00193         LOAD CCPR1L,lento
0085   3015               M         movlw lento
0086   0095               M         movwf CCPR1L
                      00194         LOAD PR2,0x3E
0087   303E               M         movlw 0x3E
Message[302]: Register in operand not in bank 0.  Ensure that bank bits are correct.
0088   0092               M         movwf PR2
                      00195         LOAD last_case,s1_s4_0
0089   3002               M         movlw s1_s4_0
008A   00A8               M         movwf last_case
008B   2???           00196         Call Right
008C   2???           00197         GOTO Loop
                      00198 
008D                  00199 S1_S2_S3_S4_Event
Warning[203]: Found opcode in column 1. (movlw)
008D   30F0           00200 movlw s1_s2_s3_s4
Warning[203]: Found opcode in column 1. (bcf)
008E   1103           00201 bcf STATUS,Z
Warning[203]: Found opcode in column 1. (xorwf)
008F   0624           00202 xorwf temp,0
Warning[203]: Found opcode in column 1. (btfss)
0090   1D03           00203 btfss STATUS,Z
Warning[203]: Found opcode in column 1. (GOTO)
0091   2???           00204 GOTO D_Event
                      00205         
0092   2???           00206         Call Stop 
0093   2???           00207         GOTO Loop
                      00208 
0094                  00209 D_Event
Warning[203]: Found opcode in column 1. (movlw)
0094   3000           00210 movlw debounce
Warning[203]: Found opcode in column 1. (bcf)
0095   1103           00211 bcf STATUS,Z
Warning[203]: Found opcode in column 1. (xorwf)
0096   0624           00212 xorwf temp,0
Warning[203]: Found opcode in column 1. (btfss)
0097   1D03           00213 btfss STATUS,Z
Warning[203]: Found opcode in column 1. (GOTO)
0098   2???           00214 GOTO Loop
                      00215 
                      00216         ;Call Stop
0099   3002           00217         movlw s1_s4_0   
009A   1103           00218         bcf STATUS,Z
009B   0628           00219         xorwf last_case,0
MPASM  5.51                          MAIN.ASM   10-1-2018  16:13:34         PAGE  9


LOC  OBJECT CODE     LINE SOURCE TEXT
  VALUE

009C   1D03           00220         btfss STATUS,Z
009D   2???           00221         GOTO Left_D
                      00222                 LOAD CCPR1L,0x3E
009E   303E               M         movlw 0x3E
009F   0095               M         movwf CCPR1L
                      00223                 LOAD PR2,0x3E
00A0   303E               M         movlw 0x3E
Message[302]: Register in operand not in bank 0.  Ensure that bank bits are correct.
00A1   0092               M         movwf PR2
00A2   2???           00224                 Call Right
00A3   2???           00225                 GOto End_D
Warning[207]: Found label after column 1. (Left_D)
00A4                  00226         Left_D
00A4   3004           00227         movlw s1_s3_0   
00A5   1103           00228         bcf STATUS,Z
00A6   0628           00229         xorwf last_case,0
00A7   1D03           00230         btfss STATUS,Z
00A8   2???           00231         GOTO Loop
                      00232                 LOAD CCPR1L,0x3E
00A9   303E               M         movlw 0x3E
00AA   0095               M         movwf CCPR1L
                      00233                 LOAD PR2,0x3E
00AB   303E               M         movlw 0x3E
Message[302]: Register in operand not in bank 0.  Ensure that bank bits are correct.
00AC   0092               M         movwf PR2
00AD   2???           00234                 Call Left
                      00235         
Warning[207]: Found label after column 1. (End_D)
00AE                  00236         End_D
                      00237         LOAD last_case,0x00
00AE   3000               M         movlw 0x00
00AF   00A8               M         movwf last_case
Warning[203]: Found opcode in column 1. (GOTO)
00B0   2???           00238 GOTO Loop
                      00239  
                      00240 ;$$$$$$$$$$$$$$$$$SUbRoutineS$$$$$$$$$$$$$$$$$$$$$
00B1                  00241 InitLineFollower
                      00242         LOAD CCPR1L,0x15
00B1   3015               M         movlw 0x15
00B2   0095               M         movwf CCPR1L
                      00243         LOAD PR2,0x3E
00B3   303E               M         movlw 0x3E
Message[302]: Register in operand not in bank 0.  Ensure that bank bits are correct.
00B4   0092               M         movwf PR2
00B5   30F0           00244         movlw 0xF0      
Message[305]: Using default destination of 1 (file).
00B6   0585           00245         andwf Motor_Port 
Warning[203]: Found opcode in column 1. (return)
00B7   0008           00246 return
                      00247 
00B8                  00248 Left ;  1110
                      00249         
00B8   1005           00250         bcf Motor_Port ,in1a    
MPASM  5.51                          MAIN.ASM   10-1-2018  16:13:34         PAGE 10


LOC  OBJECT CODE     LINE SOURCE TEXT
  VALUE

00B9   1485           00251         bsf Motor_Port ,in1b
00BA   1505           00252         bsf Motor_Port ,in2a
00BB   1585           00253         bsf Motor_Port ,in2b
Warning[203]: Found opcode in column 1. (return)
00BC   0008           00254 return
                      00255 
00BD                  00256 Right;  1011
                      00257 
00BD   1405           00258         bsf Motor_Port ,in1a    
00BE   1485           00259         bsf Motor_Port ,in1b
00BF   1105           00260         bcf Motor_Port ,in2a
00C0   1585           00261         bsf Motor_Port ,in2b
Warning[203]: Found opcode in column 1. (return)
00C1   0008           00262 return
                      00263 
00C2                  00264 Forward;  1010
                      00265 
00C2   1005           00266         bcf Motor_Port ,in1a    
00C3   1485           00267         bsf Motor_Port ,in1b
00C4   1105           00268         bcf Motor_Port ,in2a
00C5   1585           00269         bsf Motor_Port ,in2b
Warning[203]: Found opcode in column 1. (return)
00C6   0008           00270 return
                      00271 
00C7                  00272 Stop;  1111
                      00273 
00C7   300F           00274         movlw 0x0F
Message[305]: Using default destination of 1 (file).
00C8   0485           00275         iorwf Motor_Port 
Warning[203]: Found opcode in column 1. (return)
00C9   0008           00276 return
                      00277 
00CA                  00278 EnableTimer1
00CA   3001           00279         movlw 0x01
Message[305]: Using default destination of 1 (file).
00CB   0490           00280         iorwf T1CON
Warning[203]: Found opcode in column 1. (return)
00CC   0008           00281 return
                      00282 
                      00283 
Warning[205]: Found directive in column 1. (END)
3F29 3FFC             00284 END
MPASM  5.51                          MAIN.ASM   10-1-2018  16:13:34         PAGE 11


SYMBOL TABLE
  LABEL                             VALUE 

ADCON0                            0000001F
ADCON1                            0000009F
ADCS0                             00000006
ADCS1                             00000007
ADCS2                             00000006
ADDEN                             00000003
ADFM                              00000007
ADIE                              00000006
ADIF                              00000006
ADON                              00000000
ADRESH                            0000001E
ADRESL                            0000009E
ANS0                              00000000
ANS1                              00000001
ANS2                              00000002
ANS3                              00000003
ANS4                              00000004
ANS5                              00000005
ANS6                              00000006
ANSEL                             0000009B
BF                                00000000
BRGH                              00000002
C                                 00000000
C1                                00000020
C1INV                             00000004
C1OUT                             00000006
C2                                00000021
C2INV                             00000005
C2OUT                             00000007
CCP1CON                           00000017
CCP1IE                            00000002
CCP1IF                            00000002
CCP1M0                            00000000
CCP1M1                            00000001
CCP1M2                            00000002
CCP1M3                            00000003
CCP1X                             00000005
CCP1Y                             00000004
CCPR1                             00000015
CCPR1H                            00000016
CCPR1L                            00000015
CHS0                              00000003
CHS1                              00000004
CHS2                              00000005
CIS                               00000003
CKE                               00000006
CKP                               00000004
CM0                               00000000
CM1                               00000001
CM2                               00000002
CMCON                             0000009C
CMIE                              00000006
CMIF                              00000006
MPASM  5.51                          MAIN.ASM   10-1-2018  16:13:34         PAGE 12


SYMBOL TABLE
  LABEL                             VALUE 

CREN                              00000004
CSRC                              00000007
CUENTA                            00000022
CVR0                              00000000
CVR1                              00000001
CVR2                              00000002
CVR3                              00000003
CVRCON                            0000009D
CVREN                             00000007
CVROE                             00000006
CVRR                              00000005
D                                 00000005
DATA_ADDRESS                      00000005
DC                                00000001
D_A                               00000005
D_Event                           00000094
D_NOT_A                           00000005
Delay                             
Duty_Cycle                        00000025
EEADR                             0000010D
EEADRH                            0000010F
EECON1                            0000018C
EECON2                            0000018D
EEDATA                            0000010C
EEDATH                            0000010E
EEIE                              00000004
EEIF                              00000004
EEPGD                             00000007
EnableTimer1                      000000CA
End_D                             000000AE
F                                 00000001
FERR                              00000002
FREE                              00000004
FSR                               00000004
Forward                           000000C2
GIE                               00000007
GO                                00000002
GO_DONE                           00000002
GO_NOT_DONE                       00000002
I2C_DATA                          00000005
I2C_READ                          00000002
I2C_START                         00000003
I2C_STOP                          00000004
INDF                              00000000
INICIO                            00000005
INT0IE                            00000004
INT0IF                            00000001
INTCON                            0000000B
INTE                              00000004
INTEDG                            00000006
INTF                              00000001
IOFS                              00000002
IRCF0                             00000004
MPASM  5.51                          MAIN.ASM   10-1-2018  16:13:34         PAGE 13


SYMBOL TABLE
  LABEL                             VALUE 

IRCF1                             00000005
IRCF2                             00000006
IRP                               00000007
InitLineFollower                  000000B1
LOAD                              
Left                              000000B8
Left_D                            000000A4
Loop                              00000020
Motor_Port                        00000005
NOT_A                             00000005
NOT_ADDRESS                       00000005
NOT_BO                            00000000
NOT_BOR                           00000000
NOT_DONE                          00000002
NOT_PD                            00000003
NOT_POR                           00000001
NOT_RBPU                          00000007
NOT_RC8                           00000006
NOT_T1SYNC                        00000002
NOT_TO                            00000004
NOT_TX8                           00000006
NOT_W                             00000002
NOT_WRITE                         00000002
OERR                              00000001
OPTION_REG                        00000081
OSCCON                            0000008F
OSCTUNE                           00000090
OSFIE                             00000007
OSFIF                             00000007
OSTS                              00000003
P                                 00000004
PCL                               00000002
PCLATH                            0000000A
PCON                              0000008E
PEIE                              00000006
PIE1                              0000008C
PIE2                              0000008D
PIR1                              0000000C
PIR2                              0000000D
PORTA                             00000005
PORTB                             00000006
PR2                               00000092
PS0                               00000000
PS1                               00000001
PS2                               00000002
PSA                               00000003
Print                             
R                                 00000002
RA0                               00000000
RA1                               00000001
RA2                               00000002
RA3                               00000003
RA4                               00000004
MPASM  5.51                          MAIN.ASM   10-1-2018  16:13:34         PAGE 14


SYMBOL TABLE
  LABEL                             VALUE 

RA5                               00000005
RA6                               00000006
RA7                               00000007
RB0                               00000000
RB1                               00000001
RB2                               00000002
RB3                               00000003
RB4                               00000004
RB5                               00000005
RB6                               00000006
RB7                               00000007
RBIE                              00000003
RBIF                              00000000
RC8_9                             00000006
RC9                               00000006
RCD8                              00000000
RCIE                              00000005
RCIF                              00000005
RCREG                             0000001A
RCSTA                             00000018
RD                                00000000
READ_WRITE                        00000002
RP0                               00000005
RP1                               00000006
RX9                               00000006
RX9D                              00000000
R_NOT_W                           00000002
R_W                               00000002
Right                             000000BD
S                                 00000003
S1_Event                          00000034
S1_S2_S3_S4_Event                 0000008D
S1_S3_Event                       0000006B
S1_S3_S4_Event                    00000060
S1_S4_Event                       0000007C
S2_Event                          0000003F
S3_Event                          0000004A
S4_Event                          00000055
SCS0                              00000000
SCS1                              00000001
SMP                               00000007
SPBRG                             00000099
SPEN                              00000007
SREN                              00000005
SSPADD                            00000093
SSPBUF                            00000013
SSPCON                            00000014
SSPEN                             00000005
SSPIE                             00000003
SSPIF                             00000003
SSPM0                             00000000
SSPM1                             00000001
SSPM2                             00000002
MPASM  5.51                          MAIN.ASM   10-1-2018  16:13:34         PAGE 15


SYMBOL TABLE
  LABEL                             VALUE 

SSPM3                             00000003
SSPOV                             00000006
SSPSTAT                           00000094
STATUS                            00000003
SWDTE                             00000000
SWDTEN                            00000000
SYNC                              00000004
Sensor_Port                       00000006
Stop                              000000C7
T0CS                              00000005
T0SE                              00000004
T1CKPS0                           00000004
T1CKPS1                           00000005
T1CON                             00000010
T1INSYNC                          00000002
T1OSCEN                           00000003
T1RUN                             00000006
T2CKPS0                           00000000
T2CKPS1                           00000001
T2CON                             00000012
TMR0                              00000001
TMR0IE                            00000005
TMR0IF                            00000002
TMR1                              0000000E
TMR1CS                            00000001
TMR1H                             0000000F
TMR1IE                            00000000
TMR1IF                            00000000
TMR1L                             0000000E
TMR1ON                            00000000
TMR2                              00000011
TMR2IE                            00000001
TMR2IF                            00000001
TMR2ON                            00000002
TOUTPS0                           00000003
TOUTPS1                           00000004
TOUTPS2                           00000005
TOUTPS3                           00000006
TRISA                             00000085
TRISA0                            00000000
TRISA1                            00000001
TRISA2                            00000002
TRISA3                            00000003
TRISA4                            00000004
TRISA5                            00000005
TRISA6                            00000006
TRISA7                            00000007
TRISB                             00000086
TRISB0                            00000000
TRISB1                            00000001
TRISB2                            00000002
TRISB3                            00000003
TRISB4                            00000004
MPASM  5.51                          MAIN.ASM   10-1-2018  16:13:34         PAGE 16


SYMBOL TABLE
  LABEL                             VALUE 

TRISB5                            00000005
TRISB6                            00000006
TRISB7                            00000007
TRMT                              00000001
TUN0                              00000000
TUN1                              00000001
TUN2                              00000002
TUN3                              00000003
TUN4                              00000004
TUN5                              00000005
TX8_9                             00000006
TX9                               00000006
TX9D                              00000000
TXD8                              00000000
TXEN                              00000005
TXIE                              00000004
TXIF                              00000004
TXREG                             00000019
TXSTA                             00000098
UA                                00000001
VCFG0                             00000004
VCFG1                             00000005
W                                 00000000
WCOL                              00000007
WDTCON                            00000105
WDTPS0                            00000001
WDTPS1                            00000002
WDTPS2                            00000003
WDTPS3                            00000004
WR                                00000001
WREN                              00000002
WRERR                             00000003
Z                                 00000002
_BODEN_OFF                        00003FBF
_BODEN_ON                         00003FFF
_BOREN_OFF                        00003FBF
_BOREN_ON                         00003FFF
_CCP1_RB0                         00003FFF
_CCP1_RB3                         00002FFF
_CCPMX_RB0                        00003FFF
_CCPMX_RB3                        00002FFF
_CONFIG1                          00002007
_CONFIG2                          00002008
_CPD_OFF                          00003FFF
_CPD_ON                           00003EFF
_CP_ALL                           00001FFF
_CP_OFF                           00003FFF
_CP_ON                            00001FFF
_DEBUG_OFF                        00003FFF
_DEBUG_ON                         000037FF
_DEVID1                           00002006
_EXTCLK                           00003FEF
_EXTRC_CLKOUT                     00003FFF
MPASM  5.51                          MAIN.ASM   10-1-2018  16:13:34         PAGE 17


SYMBOL TABLE
  LABEL                             VALUE 

_EXTRC_IO                         00003FFE
_FCMEN_OFF                        00003FFE
_FCMEN_ON                         00003FFF
_FOSC_EC                          00003FEF
_FOSC_EXTRCCLK                    00003FFF
_FOSC_EXTRCIO                     00003FFE
_FOSC_HS                          00003FEE
_FOSC_INTOSCCLK                   00003FFD
_FOSC_INTOSCIO                    00003FFC
_FOSC_LP                          00003FEC
_FOSC_XT                          00003FED
_HS_OSC                           00003FEE
_IDLOC0                           00002000
_IDLOC1                           00002001
_IDLOC2                           00002002
_IDLOC3                           00002003
_IESO_OFF                         00003FFD
_IESO_ON                          00003FFF
_INTRC_CLKOUT                     00003FFD
_INTRC_IO                         00003FFC
_LP_OSC                           00003FEC
_LVP_OFF                          00003F7F
_LVP_ON                           00003FFF
_MCLRE_OFF                        00003FDF
_MCLRE_ON                         00003FFF
_MCLR_OFF                         00003FDF
_MCLR_ON                          00003FFF
_PWRTE_OFF                        00003FFF
_PWRTE_ON                         00003FF7
_WDTE_OFF                         00003FFB
_WDTE_ON                          00003FFF
_WDT_OFF                          00003FFB
_WDT_ON                           00003FFF
_WRT_2048                         00003BFF
_WRT_256                          00003DFF
_WRT_ALL                          000039FF
_WRT_OFF                          00003FFF
_WRT_PROTECT_2048                 00003BFF
_WRT_PROTECT_256                  00003DFF
_WRT_PROTECT_ALL                  000039FF
_WRT_PROTECT_OFF                  00003FFF
_XT_OSC                           00003FED
__16F88                           00000001
__DEBUG                           1
debounce                          00000000
in1a                              00000000
in1b                              00000001
in2a                              00000002
in2b                              00000003
last_case                         00000028
led                               00000026
lento                             00000015
mask                              00000027
MPASM  5.51                          MAIN.ASM   10-1-2018  16:13:34         PAGE 18


SYMBOL TABLE
  LABEL                             VALUE 

s1                                00000010
s1_s2_s3_s4                       000000F0
s1_s3                             00000050
s1_s3_0                           00000004
s1_s3_s4                          000000D0
s1_s4                             00000090
s1_s4_0                           00000002
s2                                00000020
s3                                00000040
s4                                00000080
temp                              00000024
tim                               00000023

Errors   :     0
Warnings :    97 reported,     0 suppressed
Messages :    28 reported,     0 suppressed

