Warning[205] E:\MPLAB_WORKSPACE\16F88\LUISMORENO_SEG\MAIN.ASM 1 : Found directive in column 1. (LIST)
Message[301] C:\PROGRAM FILES (X86)\MICROCHIP\MPASM SUITE\P16F88.INC 33 : MESSAGE: (Processor-header file mismatch.  Verify selected processor.)
Warning[205] E:\MPLAB_WORKSPACE\16F88\LUISMORENO_SEG\MACROS.INC 1 : Found directive in column 1. (CBLOCK)
Warning[210] E:\MPLAB_WORKSPACE\16F88\LUISMORENO_SEG\MACROS.INC 2 : Extra ","
Warning[210] E:\MPLAB_WORKSPACE\16F88\LUISMORENO_SEG\MACROS.INC 3 : Extra ","
Warning[210] E:\MPLAB_WORKSPACE\16F88\LUISMORENO_SEG\MACROS.INC 4 : Extra ","
Warning[205] E:\MPLAB_WORKSPACE\16F88\LUISMORENO_SEG\MACROS.INC 5 : Found directive in column 1. (ENDC)
Warning[205] E:\MPLAB_WORKSPACE\16F88\LUISMORENO_SEG\MACROS.INC 46 : Found directive in column 1. (ENDM)
Warning[205] E:\MPLAB_WORKSPACE\16F88\LUISMORENO_SEG\MAIN.ASM 24 : Found directive in column 1. (CBLOCK)
Warning[205] E:\MPLAB_WORKSPACE\16F88\LUISMORENO_SEG\MAIN.ASM 26 : Found directive in column 1. (ENDC)
Warning[205] E:\MPLAB_WORKSPACE\16F88\LUISMORENO_SEG\MAIN.ASM 28 : Found directive in column 1. (ORG)
Warning[203] E:\MPLAB_WORKSPACE\16F88\LUISMORENO_SEG\MAIN.ASM 29 : Found opcode in column 1. (GOTO)
Warning[205] E:\MPLAB_WORKSPACE\16F88\LUISMORENO_SEG\MAIN.ASM 30 : Found directive in column 1. (ORG)
Warning[203] E:\MPLAB_WORKSPACE\16F88\LUISMORENO_SEG\MAIN.ASM 31 : Found opcode in column 1. (GOTO)
Warning[205] E:\MPLAB_WORKSPACE\16F88\LUISMORENO_SEG\MAIN.ASM 32 : Found directive in column 1. (ORG)
Warning[205] E:\MPLAB_WORKSPACE\16F88\LUISMORENO_SEG\MAIN.ASM 36 : Found directive in column 1. (BANKSEL)
Warning[206] E:\MPLAB_WORKSPACE\16F88\LUISMORENO_SEG\MAIN.ASM 37 : Found call to macro in column 1. (LOAD)
Message[302] E:\MPLAB_WORKSPACE\16F88\LUISMORENO_SEG\MACROS.INC 9 : Register in operand not in bank 0.  Ensure that bank bits are correct.
Warning[206] E:\MPLAB_WORKSPACE\16F88\LUISMORENO_SEG\MAIN.ASM 38 : Found call to macro in column 1. (LOAD)
Message[302] E:\MPLAB_WORKSPACE\16F88\LUISMORENO_SEG\MACROS.INC 9 : Register in operand not in bank 0.  Ensure that bank bits are correct.
Warning[205] E:\MPLAB_WORKSPACE\16F88\LUISMORENO_SEG\MAIN.ASM 40 : Found directive in column 1. (BANKSEL)
Warning[203] E:\MPLAB_WORKSPACE\16F88\LUISMORENO_SEG\MAIN.ASM 41 : Found opcode in column 1. (CLRF)
Message[302] E:\MPLAB_WORKSPACE\16F88\LUISMORENO_SEG\MAIN.ASM 41 : Register in operand not in bank 0.  Ensure that bank bits are correct.
Warning[205] E:\MPLAB_WORKSPACE\16F88\LUISMORENO_SEG\MAIN.ASM 43 : Found directive in column 1. (BANKSEL)
Warning[203] E:\MPLAB_WORKSPACE\16F88\LUISMORENO_SEG\MAIN.ASM 44 : Found opcode in column 1. (CLRF)
Warning[203] E:\MPLAB_WORKSPACE\16F88\LUISMORENO_SEG\MAIN.ASM 45 : Found opcode in column 1. (CLRF)
Warning[206] E:\MPLAB_WORKSPACE\16F88\LUISMORENO_SEG\MAIN.ASM 46 : Found call to macro in column 1. (LOAD)
Message[302] E:\MPLAB_WORKSPACE\16F88\LUISMORENO_SEG\MACROS.INC 9 : Register in operand not in bank 0.  Ensure that bank bits are correct.
Warning[206] E:\MPLAB_WORKSPACE\16F88\LUISMORENO_SEG\MAIN.ASM 47 : Found call to macro in column 1. (LOAD)
Warning[206] E:\MPLAB_WORKSPACE\16F88\LUISMORENO_SEG\MAIN.ASM 48 : Found call to macro in column 1. (LOAD)
Warning[203] E:\MPLAB_WORKSPACE\16F88\LUISMORENO_SEG\MAIN.ASM 50 : Found opcode in column 1. (clrf)
Warning[203] E:\MPLAB_WORKSPACE\16F88\LUISMORENO_SEG\MAIN.ASM 51 : Found opcode in column 1. (clrf)
Warning[203] E:\MPLAB_WORKSPACE\16F88\LUISMORENO_SEG\MAIN.ASM 52 : Found opcode in column 1. (clrf)
Warning[203] E:\MPLAB_WORKSPACE\16F88\LUISMORENO_SEG\MAIN.ASM 53 : Found opcode in column 1. (clrf)
Warning[203] E:\MPLAB_WORKSPACE\16F88\LUISMORENO_SEG\MAIN.ASM 54 : Found opcode in column 1. (clrf)
Warning[203] E:\MPLAB_WORKSPACE\16F88\LUISMORENO_SEG\MAIN.ASM 55 : Found opcode in column 1. (clrf)
Warning[203] E:\MPLAB_WORKSPACE\16F88\LUISMORENO_SEG\MAIN.ASM 56 : Found opcode in column 1. (clrf)
Warning[203] E:\MPLAB_WORKSPACE\16F88\LUISMORENO_SEG\MAIN.ASM 59 : Found opcode in column 1. (Call)
Warning[203] E:\MPLAB_WORKSPACE\16F88\LUISMORENO_SEG\MAIN.ASM 63 : Found opcode in column 1. (btfss)
Warning[203] E:\MPLAB_WORKSPACE\16F88\LUISMORENO_SEG\MAIN.ASM 64 : Found opcode in column 1. (goto)
Warning[203] E:\MPLAB_WORKSPACE\16F88\LUISMORENO_SEG\MAIN.ASM 66 : Found opcode in column 1. (btfss)
Warning[203] E:\MPLAB_WORKSPACE\16F88\LUISMORENO_SEG\MAIN.ASM 67 : Found opcode in column 1. (goto)
Warning[203] E:\MPLAB_WORKSPACE\16F88\LUISMORENO_SEG\MAIN.ASM 68 : Found opcode in column 1. (goto)
Warning[203] E:\MPLAB_WORKSPACE\16F88\LUISMORENO_SEG\MAIN.ASM 71 : Found opcode in column 1. (movlw)
Warning[203] E:\MPLAB_WORKSPACE\16F88\LUISMORENO_SEG\MAIN.ASM 72 : Found opcode in column 1. (bcf)
Warning[203] E:\MPLAB_WORKSPACE\16F88\LUISMORENO_SEG\MAIN.ASM 73 : Found opcode in column 1. (xorwf)
Warning[203] E:\MPLAB_WORKSPACE\16F88\LUISMORENO_SEG\MAIN.ASM 74 : Found opcode in column 1. (btfss)
Warning[203] E:\MPLAB_WORKSPACE\16F88\LUISMORENO_SEG\MAIN.ASM 75 : Found opcode in column 1. (goto)
Warning[203] E:\MPLAB_WORKSPACE\16F88\LUISMORENO_SEG\MAIN.ASM 83 : Found opcode in column 1. (movlw)
Warning[203] E:\MPLAB_WORKSPACE\16F88\LUISMORENO_SEG\MAIN.ASM 84 : Found opcode in column 1. (bcf)
Warning[203] E:\MPLAB_WORKSPACE\16F88\LUISMORENO_SEG\MAIN.ASM 85 : Found opcode in column 1. (xorwf)
Warning[203] E:\MPLAB_WORKSPACE\16F88\LUISMORENO_SEG\MAIN.ASM 86 : Found opcode in column 1. (btfss)
Warning[203] E:\MPLAB_WORKSPACE\16F88\LUISMORENO_SEG\MAIN.ASM 87 : Found opcode in column 1. (goto)
Warning[203] E:\MPLAB_WORKSPACE\16F88\LUISMORENO_SEG\MAIN.ASM 95 : Found opcode in column 1. (movlw)
Warning[203] E:\MPLAB_WORKSPACE\16F88\LUISMORENO_SEG\MAIN.ASM 96 : Found opcode in column 1. (bcf)
Warning[203] E:\MPLAB_WORKSPACE\16F88\LUISMORENO_SEG\MAIN.ASM 97 : Found opcode in column 1. (xorwf)
Warning[203] E:\MPLAB_WORKSPACE\16F88\LUISMORENO_SEG\MAIN.ASM 98 : Found opcode in column 1. (btfss)
Warning[203] E:\MPLAB_WORKSPACE\16F88\LUISMORENO_SEG\MAIN.ASM 99 : Found opcode in column 1. (goto)
Warning[203] E:\MPLAB_WORKSPACE\16F88\LUISMORENO_SEG\MAIN.ASM 119 : Found opcode in column 1. (bcf)
Warning[203] E:\MPLAB_WORKSPACE\16F88\LUISMORENO_SEG\MAIN.ASM 120 : Found opcode in column 1. (bsf)
Warning[206] E:\MPLAB_WORKSPACE\16F88\LUISMORENO_SEG\MAIN.ASM 122 : Found call to macro in column 1. (LOAD)
Warning[203] E:\MPLAB_WORKSPACE\16F88\LUISMORENO_SEG\MAIN.ASM 123 : Found opcode in column 1. (movf)
Warning[203] E:\MPLAB_WORKSPACE\16F88\LUISMORENO_SEG\MAIN.ASM 124 : Found opcode in column 1. (call)
Warning[203] E:\MPLAB_WORKSPACE\16F88\LUISMORENO_SEG\MAIN.ASM 125 : Found opcode in column 1. (call)
Warning[203] E:\MPLAB_WORKSPACE\16F88\LUISMORENO_SEG\MAIN.ASM 126 : Found opcode in column 1. (movf)
Warning[203] E:\MPLAB_WORKSPACE\16F88\LUISMORENO_SEG\MAIN.ASM 127 : Found opcode in column 1. (call)
Warning[203] E:\MPLAB_WORKSPACE\16F88\LUISMORENO_SEG\MAIN.ASM 128 : Found opcode in column 1. (call)
Warning[203] E:\MPLAB_WORKSPACE\16F88\LUISMORENO_SEG\MAIN.ASM 129 : Found opcode in column 1. (bcf)
Warning[203] E:\MPLAB_WORKSPACE\16F88\LUISMORENO_SEG\MAIN.ASM 130 : Found opcode in column 1. (bsf)
Warning[206] E:\MPLAB_WORKSPACE\16F88\LUISMORENO_SEG\MAIN.ASM 131 : Found call to macro in column 1. (Delay)
Warning[206] E:\MPLAB_WORKSPACE\16F88\LUISMORENO_SEG\MAIN.ASM 133 : Found call to macro in column 1. (LOAD)
Warning[203] E:\MPLAB_WORKSPACE\16F88\LUISMORENO_SEG\MAIN.ASM 134 : Found opcode in column 1. (movf)
Warning[203] E:\MPLAB_WORKSPACE\16F88\LUISMORENO_SEG\MAIN.ASM 135 : Found opcode in column 1. (call)
Warning[203] E:\MPLAB_WORKSPACE\16F88\LUISMORENO_SEG\MAIN.ASM 136 : Found opcode in column 1. (call)
Warning[203] E:\MPLAB_WORKSPACE\16F88\LUISMORENO_SEG\MAIN.ASM 137 : Found opcode in column 1. (movf)
Warning[203] E:\MPLAB_WORKSPACE\16F88\LUISMORENO_SEG\MAIN.ASM 138 : Found opcode in column 1. (call)
Warning[203] E:\MPLAB_WORKSPACE\16F88\LUISMORENO_SEG\MAIN.ASM 139 : Found opcode in column 1. (call)
Warning[203] E:\MPLAB_WORKSPACE\16F88\LUISMORENO_SEG\MAIN.ASM 140 : Found opcode in column 1. (bcf)
Warning[203] E:\MPLAB_WORKSPACE\16F88\LUISMORENO_SEG\MAIN.ASM 141 : Found opcode in column 1. (bsf)
Warning[206] E:\MPLAB_WORKSPACE\16F88\LUISMORENO_SEG\MAIN.ASM 142 : Found call to macro in column 1. (Delay)
Warning[206] E:\MPLAB_WORKSPACE\16F88\LUISMORENO_SEG\MAIN.ASM 144 : Found call to macro in column 1. (LOAD)
Warning[203] E:\MPLAB_WORKSPACE\16F88\LUISMORENO_SEG\MAIN.ASM 145 : Found opcode in column 1. (movf)
Warning[203] E:\MPLAB_WORKSPACE\16F88\LUISMORENO_SEG\MAIN.ASM 146 : Found opcode in column 1. (call)
Warning[203] E:\MPLAB_WORKSPACE\16F88\LUISMORENO_SEG\MAIN.ASM 147 : Found opcode in column 1. (call)
Warning[203] E:\MPLAB_WORKSPACE\16F88\LUISMORENO_SEG\MAIN.ASM 148 : Found opcode in column 1. (movf)
Warning[203] E:\MPLAB_WORKSPACE\16F88\LUISMORENO_SEG\MAIN.ASM 149 : Found opcode in column 1. (call)
Warning[203] E:\MPLAB_WORKSPACE\16F88\LUISMORENO_SEG\MAIN.ASM 150 : Found opcode in column 1. (call)
Warning[203] E:\MPLAB_WORKSPACE\16F88\LUISMORENO_SEG\MAIN.ASM 151 : Found opcode in column 1. (bcf)
Warning[203] E:\MPLAB_WORKSPACE\16F88\LUISMORENO_SEG\MAIN.ASM 152 : Found opcode in column 1. (bsf)
Warning[206] E:\MPLAB_WORKSPACE\16F88\LUISMORENO_SEG\MAIN.ASM 153 : Found call to macro in column 1. (Delay)
Warning[206] E:\MPLAB_WORKSPACE\16F88\LUISMORENO_SEG\MAIN.ASM 155 : Found call to macro in column 1. (LOAD)
Warning[203] E:\MPLAB_WORKSPACE\16F88\LUISMORENO_SEG\MAIN.ASM 156 : Found opcode in column 1. (movf)
Warning[203] E:\MPLAB_WORKSPACE\16F88\LUISMORENO_SEG\MAIN.ASM 157 : Found opcode in column 1. (call)
Warning[203] E:\MPLAB_WORKSPACE\16F88\LUISMORENO_SEG\MAIN.ASM 158 : Found opcode in column 1. (call)
Warning[203] E:\MPLAB_WORKSPACE\16F88\LUISMORENO_SEG\MAIN.ASM 159 : Found opcode in column 1. (movf)
Warning[203] E:\MPLAB_WORKSPACE\16F88\LUISMORENO_SEG\MAIN.ASM 160 : Found opcode in column 1. (call)
Warning[203] E:\MPLAB_WORKSPACE\16F88\LUISMORENO_SEG\MAIN.ASM 161 : Found opcode in column 1. (call)
Warning[203] E:\MPLAB_WORKSPACE\16F88\LUISMORENO_SEG\MAIN.ASM 162 : Found opcode in column 1. (bcf)
Warning[203] E:\MPLAB_WORKSPACE\16F88\LUISMORENO_SEG\MAIN.ASM 163 : Found opcode in column 1. (bsf)
Warning[206] E:\MPLAB_WORKSPACE\16F88\LUISMORENO_SEG\MAIN.ASM 164 : Found call to macro in column 1. (Delay)
Warning[203] E:\MPLAB_WORKSPACE\16F88\LUISMORENO_SEG\MAIN.ASM 166 : Found opcode in column 1. (bcf)
Warning[203] E:\MPLAB_WORKSPACE\16F88\LUISMORENO_SEG\MAIN.ASM 167 : Found opcode in column 1. (bcf)
Warning[203] E:\MPLAB_WORKSPACE\16F88\LUISMORENO_SEG\MAIN.ASM 169 : Found opcode in column 1. (incf)
Message[305] E:\MPLAB_WORKSPACE\16F88\LUISMORENO_SEG\MAIN.ASM 169 : Using default destination of 1 (file).
Warning[203] E:\MPLAB_WORKSPACE\16F88\LUISMORENO_SEG\MAIN.ASM 170 : Found opcode in column 1. (movlw)
Warning[203] E:\MPLAB_WORKSPACE\16F88\LUISMORENO_SEG\MAIN.ASM 171 : Found opcode in column 1. (bcf)
Warning[203] E:\MPLAB_WORKSPACE\16F88\LUISMORENO_SEG\MAIN.ASM 172 : Found opcode in column 1. (xorwf)
Warning[203] E:\MPLAB_WORKSPACE\16F88\LUISMORENO_SEG\MAIN.ASM 173 : Found opcode in column 1. (btfss)
Warning[203] E:\MPLAB_WORKSPACE\16F88\LUISMORENO_SEG\MAIN.ASM 174 : Found opcode in column 1. (GOTO)
Warning[203] E:\MPLAB_WORKSPACE\16F88\LUISMORENO_SEG\MAIN.ASM 175 : Found opcode in column 1. (clrf)
Warning[203] E:\MPLAB_WORKSPACE\16F88\LUISMORENO_SEG\MAIN.ASM 177 : Found opcode in column 1. (movf)
Warning[203] E:\MPLAB_WORKSPACE\16F88\LUISMORENO_SEG\MAIN.ASM 178 : Found opcode in column 1. (movwf)
Warning[203] E:\MPLAB_WORKSPACE\16F88\LUISMORENO_SEG\MAIN.ASM 179 : Found opcode in column 1. (movf)
Warning[203] E:\MPLAB_WORKSPACE\16F88\LUISMORENO_SEG\MAIN.ASM 180 : Found opcode in column 1. (movwf)
Warning[203] E:\MPLAB_WORKSPACE\16F88\LUISMORENO_SEG\MAIN.ASM 181 : Found opcode in column 1. (movf)
Warning[203] E:\MPLAB_WORKSPACE\16F88\LUISMORENO_SEG\MAIN.ASM 182 : Found opcode in column 1. (movwf)
Warning[203] E:\MPLAB_WORKSPACE\16F88\LUISMORENO_SEG\MAIN.ASM 183 : Found opcode in column 1. (incf)
Message[305] E:\MPLAB_WORKSPACE\16F88\LUISMORENO_SEG\MAIN.ASM 183 : Using default destination of 1 (file).
Warning[203] E:\MPLAB_WORKSPACE\16F88\LUISMORENO_SEG\MAIN.ASM 185 : Found opcode in column 1. (movf)
Warning[203] E:\MPLAB_WORKSPACE\16F88\LUISMORENO_SEG\MAIN.ASM 186 : Found opcode in column 1. (bcf)
Warning[203] E:\MPLAB_WORKSPACE\16F88\LUISMORENO_SEG\MAIN.ASM 187 : Found opcode in column 1. (xorwf)
Warning[203] E:\MPLAB_WORKSPACE\16F88\LUISMORENO_SEG\MAIN.ASM 188 : Found opcode in column 1. (btfss)
Warning[203] E:\MPLAB_WORKSPACE\16F88\LUISMORENO_SEG\MAIN.ASM 189 : Found opcode in column 1. (GOTO)
Warning[203] E:\MPLAB_WORKSPACE\16F88\LUISMORENO_SEG\MAIN.ASM 191 : Found opcode in column 1. (movf)
Warning[203] E:\MPLAB_WORKSPACE\16F88\LUISMORENO_SEG\MAIN.ASM 192 : Found opcode in column 1. (movwf)
Warning[203] E:\MPLAB_WORKSPACE\16F88\LUISMORENO_SEG\MAIN.ASM 194 : Found opcode in column 1. (GOTO)
Warning[207] E:\MPLAB_WORKSPACE\16F88\LUISMORENO_SEG\MAIN.ASM 198 : Found label after column 1. (msj1)
Warning[207] E:\MPLAB_WORKSPACE\16F88\LUISMORENO_SEG\MAIN.ASM 207 : Found label after column 1. (msj2)
Warning[207] E:\MPLAB_WORKSPACE\16F88\LUISMORENO_SEG\MAIN.ASM 216 : Found label after column 1. (msj3)
Warning[207] E:\MPLAB_WORKSPACE\16F88\LUISMORENO_SEG\MAIN.ASM 225 : Found label after column 1. (sub_process)
Warning[207] E:\MPLAB_WORKSPACE\16F88\LUISMORENO_SEG\MAIN.ASM 278 : Found label after column 1. (Clear_Display)
Warning[207] E:\MPLAB_WORKSPACE\16F88\LUISMORENO_SEG\MAIN.ASM 281 : Found label after column 1. (sigue)
Warning[203] E:\MPLAB_WORKSPACE\16F88\LUISMORENO_SEG\MAIN.ASM 286 : Found opcode in column 1. (GOTO)
Warning[206] E:\MPLAB_WORKSPACE\16F88\LUISMORENO_SEG\MAIN.ASM 290 : Found call to macro in column 1. (LOAD)
Warning[203] E:\MPLAB_WORKSPACE\16F88\LUISMORENO_SEG\MAIN.ASM 291 : Found opcode in column 1. (movlw)
Warning[203] E:\MPLAB_WORKSPACE\16F88\LUISMORENO_SEG\MAIN.ASM 292 : Found opcode in column 1. (call)
Warning[203] E:\MPLAB_WORKSPACE\16F88\LUISMORENO_SEG\MAIN.ASM 293 : Found opcode in column 1. (movlw)
Warning[203] E:\MPLAB_WORKSPACE\16F88\LUISMORENO_SEG\MAIN.ASM 294 : Found opcode in column 1. (call)
Warning[203] E:\MPLAB_WORKSPACE\16F88\LUISMORENO_SEG\MAIN.ASM 295 : Found opcode in column 1. (bcf)
Warning[203] E:\MPLAB_WORKSPACE\16F88\LUISMORENO_SEG\MAIN.ASM 296 : Found opcode in column 1. (bsf)
Warning[203] E:\MPLAB_WORKSPACE\16F88\LUISMORENO_SEG\MAIN.ASM 299 : Found opcode in column 1. (movwf)
Warning[203] E:\MPLAB_WORKSPACE\16F88\LUISMORENO_SEG\MAIN.ASM 300 : Found opcode in column 1. (movlw)
Warning[203] E:\MPLAB_WORKSPACE\16F88\LUISMORENO_SEG\MAIN.ASM 301 : Found opcode in column 1. (movwf)
Warning[203] E:\MPLAB_WORKSPACE\16F88\LUISMORENO_SEG\MAIN.ASM 304 : Found opcode in column 1. (btfss)
Warning[203] E:\MPLAB_WORKSPACE\16F88\LUISMORENO_SEG\MAIN.ASM 305 : Found opcode in column 1. (goto)
Warning[203] E:\MPLAB_WORKSPACE\16F88\LUISMORENO_SEG\MAIN.ASM 306 : Found opcode in column 1. (bsf)
Warning[203] E:\MPLAB_WORKSPACE\16F88\LUISMORENO_SEG\MAIN.ASM 307 : Found opcode in column 1. (goto)
Warning[203] E:\MPLAB_WORKSPACE\16F88\LUISMORENO_SEG\MAIN.ASM 308 : Found opcode in column 1. (bcf)
Warning[203] E:\MPLAB_WORKSPACE\16F88\LUISMORENO_SEG\MAIN.ASM 309 : Found opcode in column 1. (bcf)
Warning[203] E:\MPLAB_WORKSPACE\16F88\LUISMORENO_SEG\MAIN.ASM 310 : Found opcode in column 1. (bsf)
Warning[203] E:\MPLAB_WORKSPACE\16F88\LUISMORENO_SEG\MAIN.ASM 312 : Found opcode in column 1. (rlf)
Warning[203] E:\MPLAB_WORKSPACE\16F88\LUISMORENO_SEG\MAIN.ASM 313 : Found opcode in column 1. (decfsz)
Warning[203] E:\MPLAB_WORKSPACE\16F88\LUISMORENO_SEG\MAIN.ASM 314 : Found opcode in column 1. (goto)
Warning[207] E:\MPLAB_WORKSPACE\16F88\LUISMORENO_SEG\MAIN.ASM 330 : Found label after column 1. (pulsos)
Message[305] E:\MPLAB_WORKSPACE\16F88\LUISMORENO_SEG\MAIN.ASM 337 : Using default destination of 1 (file).
Warning[207] E:\MPLAB_WORKSPACE\16F88\LUISMORENO_SEG\MAIN.ASM 345 : Found label after column 1. (end_pulses)
Warning[207] E:\MPLAB_WORKSPACE\16F88\LUISMORENO_SEG\MAIN.ASM 347 : Found label after column 1. (exit_irq)
Warning[203] E:\MPLAB_WORKSPACE\16F88\LUISMORENO_SEG\MAIN.ASM 350 : Found opcode in column 1. (retfie)
Warning[203] E:\MPLAB_WORKSPACE\16F88\LUISMORENO_SEG\MAIN.ASM 353 : Found opcode in column 1. (retlw)
Warning[203] E:\MPLAB_WORKSPACE\16F88\LUISMORENO_SEG\MAIN.ASM 354 : Found opcode in column 1. (retlw)
Warning[203] E:\MPLAB_WORKSPACE\16F88\LUISMORENO_SEG\MAIN.ASM 355 : Found opcode in column 1. (retlw)
Warning[203] E:\MPLAB_WORKSPACE\16F88\LUISMORENO_SEG\MAIN.ASM 356 : Found opcode in column 1. (retlw)
Warning[203] E:\MPLAB_WORKSPACE\16F88\LUISMORENO_SEG\MAIN.ASM 357 : Found opcode in column 1. (retlw)
Warning[203] E:\MPLAB_WORKSPACE\16F88\LUISMORENO_SEG\MAIN.ASM 358 : Found opcode in column 1. (retlw)
Warning[203] E:\MPLAB_WORKSPACE\16F88\LUISMORENO_SEG\MAIN.ASM 359 : Found opcode in column 1. (retlw)
Warning[203] E:\MPLAB_WORKSPACE\16F88\LUISMORENO_SEG\MAIN.ASM 360 : Found opcode in column 1. (retlw)
Warning[203] E:\MPLAB_WORKSPACE\16F88\LUISMORENO_SEG\MAIN.ASM 361 : Found opcode in column 1. (retlw)
Warning[203] E:\MPLAB_WORKSPACE\16F88\LUISMORENO_SEG\MAIN.ASM 362 : Found opcode in column 1. (retlw)
Warning[203] E:\MPLAB_WORKSPACE\16F88\LUISMORENO_SEG\MAIN.ASM 363 : Found opcode in column 1. (retlw)
Warning[203] E:\MPLAB_WORKSPACE\16F88\LUISMORENO_SEG\MAIN.ASM 364 : Found opcode in column 1. (retlw)
Warning[203] E:\MPLAB_WORKSPACE\16F88\LUISMORENO_SEG\MAIN.ASM 365 : Found opcode in column 1. (retlw)
Warning[203] E:\MPLAB_WORKSPACE\16F88\LUISMORENO_SEG\MAIN.ASM 366 : Found opcode in column 1. (retlw)
Warning[203] E:\MPLAB_WORKSPACE\16F88\LUISMORENO_SEG\MAIN.ASM 367 : Found opcode in column 1. (retlw)
Warning[203] E:\MPLAB_WORKSPACE\16F88\LUISMORENO_SEG\MAIN.ASM 368 : Found opcode in column 1. (retlw)
Warning[203] E:\MPLAB_WORKSPACE\16F88\LUISMORENO_SEG\MAIN.ASM 369 : Found opcode in column 1. (retlw)
Warning[203] E:\MPLAB_WORKSPACE\16F88\LUISMORENO_SEG\MAIN.ASM 370 : Found opcode in column 1. (retlw)
Warning[203] E:\MPLAB_WORKSPACE\16F88\LUISMORENO_SEG\MAIN.ASM 371 : Found opcode in column 1. (retlw)
Warning[203] E:\MPLAB_WORKSPACE\16F88\LUISMORENO_SEG\MAIN.ASM 372 : Found opcode in column 1. (retlw)
Warning[203] E:\MPLAB_WORKSPACE\16F88\LUISMORENO_SEG\MAIN.ASM 373 : Found opcode in column 1. (retlw)
Warning[203] E:\MPLAB_WORKSPACE\16F88\LUISMORENO_SEG\MAIN.ASM 374 : Found opcode in column 1. (retlw)
Warning[203] E:\MPLAB_WORKSPACE\16F88\LUISMORENO_SEG\MAIN.ASM 375 : Found opcode in column 1. (retlw)
Warning[203] E:\MPLAB_WORKSPACE\16F88\LUISMORENO_SEG\MAIN.ASM 376 : Found opcode in column 1. (retlw)
Warning[203] E:\MPLAB_WORKSPACE\16F88\LUISMORENO_SEG\MAIN.ASM 377 : Found opcode in column 1. (retlw)
Warning[203] E:\MPLAB_WORKSPACE\16F88\LUISMORENO_SEG\MAIN.ASM 378 : Found opcode in column 1. (retlw)
Warning[203] E:\MPLAB_WORKSPACE\16F88\LUISMORENO_SEG\MAIN.ASM 379 : Found opcode in column 1. (retlw)
Warning[203] E:\MPLAB_WORKSPACE\16F88\LUISMORENO_SEG\MAIN.ASM 380 : Found opcode in column 1. (retlw)
Warning[203] E:\MPLAB_WORKSPACE\16F88\LUISMORENO_SEG\MAIN.ASM 384 : Found opcode in column 1. (addwf)
Warning[203] E:\MPLAB_WORKSPACE\16F88\LUISMORENO_SEG\MAIN.ASM 385 : Found opcode in column 1. (retlw)
Warning[203] E:\MPLAB_WORKSPACE\16F88\LUISMORENO_SEG\MAIN.ASM 386 : Found opcode in column 1. (retlw)
Warning[203] E:\MPLAB_WORKSPACE\16F88\LUISMORENO_SEG\MAIN.ASM 387 : Found opcode in column 1. (retlw)
Warning[203] E:\MPLAB_WORKSPACE\16F88\LUISMORENO_SEG\MAIN.ASM 388 : Found opcode in column 1. (retlw)
Warning[203] E:\MPLAB_WORKSPACE\16F88\LUISMORENO_SEG\MAIN.ASM 389 : Found opcode in column 1. (retlw)
Warning[203] E:\MPLAB_WORKSPACE\16F88\LUISMORENO_SEG\MAIN.ASM 390 : Found opcode in column 1. (retlw)
Warning[203] E:\MPLAB_WORKSPACE\16F88\LUISMORENO_SEG\MAIN.ASM 392 : Found opcode in column 1. (addwf)
Warning[203] E:\MPLAB_WORKSPACE\16F88\LUISMORENO_SEG\MAIN.ASM 393 : Found opcode in column 1. (retlw)
Warning[203] E:\MPLAB_WORKSPACE\16F88\LUISMORENO_SEG\MAIN.ASM 394 : Found opcode in column 1. (retlw)
Warning[203] E:\MPLAB_WORKSPACE\16F88\LUISMORENO_SEG\MAIN.ASM 395 : Found opcode in column 1. (retlw)
Warning[203] E:\MPLAB_WORKSPACE\16F88\LUISMORENO_SEG\MAIN.ASM 396 : Found opcode in column 1. (retlw)
Warning[203] E:\MPLAB_WORKSPACE\16F88\LUISMORENO_SEG\MAIN.ASM 397 : Found opcode in column 1. (retlw)
Warning[203] E:\MPLAB_WORKSPACE\16F88\LUISMORENO_SEG\MAIN.ASM 398 : Found opcode in column 1. (retlw)
Warning[203] E:\MPLAB_WORKSPACE\16F88\LUISMORENO_SEG\MAIN.ASM 402 : Found opcode in column 1. (addwf)
Warning[203] E:\MPLAB_WORKSPACE\16F88\LUISMORENO_SEG\MAIN.ASM 403 : Found opcode in column 1. (retlw)
Warning[203] E:\MPLAB_WORKSPACE\16F88\LUISMORENO_SEG\MAIN.ASM 404 : Found opcode in column 1. (retlw)
Warning[203] E:\MPLAB_WORKSPACE\16F88\LUISMORENO_SEG\MAIN.ASM 405 : Found opcode in column 1. (retlw)
Warning[203] E:\MPLAB_WORKSPACE\16F88\LUISMORENO_SEG\MAIN.ASM 406 : Found opcode in column 1. (retlw)
Warning[203] E:\MPLAB_WORKSPACE\16F88\LUISMORENO_SEG\MAIN.ASM 407 : Found opcode in column 1. (retlw)
Warning[203] E:\MPLAB_WORKSPACE\16F88\LUISMORENO_SEG\MAIN.ASM 408 : Found opcode in column 1. (retlw)
Warning[203] E:\MPLAB_WORKSPACE\16F88\LUISMORENO_SEG\MAIN.ASM 409 : Found opcode in column 1. (retlw)
Warning[203] E:\MPLAB_WORKSPACE\16F88\LUISMORENO_SEG\MAIN.ASM 410 : Found opcode in column 1. (retlw)
Warning[203] E:\MPLAB_WORKSPACE\16F88\LUISMORENO_SEG\MAIN.ASM 411 : Found opcode in column 1. (retlw)
Warning[203] E:\MPLAB_WORKSPACE\16F88\LUISMORENO_SEG\MAIN.ASM 412 : Found opcode in column 1. (retlw)
Warning[203] E:\MPLAB_WORKSPACE\16F88\LUISMORENO_SEG\MAIN.ASM 413 : Found opcode in column 1. (retlw)
Warning[203] E:\MPLAB_WORKSPACE\16F88\LUISMORENO_SEG\MAIN.ASM 414 : Found opcode in column 1. (retlw)
Warning[203] E:\MPLAB_WORKSPACE\16F88\LUISMORENO_SEG\MAIN.ASM 415 : Found opcode in column 1. (retlw)
Warning[203] E:\MPLAB_WORKSPACE\16F88\LUISMORENO_SEG\MAIN.ASM 416 : Found opcode in column 1. (retlw)
Warning[203] E:\MPLAB_WORKSPACE\16F88\LUISMORENO_SEG\MAIN.ASM 417 : Found opcode in column 1. (retlw)
Warning[203] E:\MPLAB_WORKSPACE\16F88\LUISMORENO_SEG\MAIN.ASM 418 : Found opcode in column 1. (retlw)
Warning[203] E:\MPLAB_WORKSPACE\16F88\LUISMORENO_SEG\MAIN.ASM 419 : Found opcode in column 1. (retlw)
Warning[203] E:\MPLAB_WORKSPACE\16F88\LUISMORENO_SEG\MAIN.ASM 420 : Found opcode in column 1. (retlw)
Warning[203] E:\MPLAB_WORKSPACE\16F88\LUISMORENO_SEG\MAIN.ASM 421 : Found opcode in column 1. (retlw)
Warning[203] E:\MPLAB_WORKSPACE\16F88\LUISMORENO_SEG\MAIN.ASM 422 : Found opcode in column 1. (retlw)
Warning[203] E:\MPLAB_WORKSPACE\16F88\LUISMORENO_SEG\MAIN.ASM 423 : Found opcode in column 1. (retlw)
Warning[203] E:\MPLAB_WORKSPACE\16F88\LUISMORENO_SEG\MAIN.ASM 424 : Found opcode in column 1. (retlw)
Warning[203] E:\MPLAB_WORKSPACE\16F88\LUISMORENO_SEG\MAIN.ASM 425 : Found opcode in column 1. (retlw)
Warning[203] E:\MPLAB_WORKSPACE\16F88\LUISMORENO_SEG\MAIN.ASM 426 : Found opcode in column 1. (retlw)
Warning[203] E:\MPLAB_WORKSPACE\16F88\LUISMORENO_SEG\MAIN.ASM 427 : Found opcode in column 1. (retlw)
Warning[203] E:\MPLAB_WORKSPACE\16F88\LUISMORENO_SEG\MAIN.ASM 428 : Found opcode in column 1. (retlw)
Warning[203] E:\MPLAB_WORKSPACE\16F88\LUISMORENO_SEG\MAIN.ASM 429 : Found opcode in column 1. (retlw)
Warning[203] E:\MPLAB_WORKSPACE\16F88\LUISMORENO_SEG\MAIN.ASM 430 : Found opcode in column 1. (retlw)
Warning[203] E:\MPLAB_WORKSPACE\16F88\LUISMORENO_SEG\MAIN.ASM 431 : Found opcode in column 1. (retlw)
Warning[203] E:\MPLAB_WORKSPACE\16F88\LUISMORENO_SEG\MAIN.ASM 432 : Found opcode in column 1. (retlw)
Warning[203] E:\MPLAB_WORKSPACE\16F88\LUISMORENO_SEG\MAIN.ASM 433 : Found opcode in column 1. (retlw)
Warning[203] E:\MPLAB_WORKSPACE\16F88\LUISMORENO_SEG\MAIN.ASM 434 : Found opcode in column 1. (retlw)
Warning[203] E:\MPLAB_WORKSPACE\16F88\LUISMORENO_SEG\MAIN.ASM 435 : Found opcode in column 1. (retlw)
Warning[203] E:\MPLAB_WORKSPACE\16F88\LUISMORENO_SEG\MAIN.ASM 436 : Found opcode in column 1. (retlw)
Warning[203] E:\MPLAB_WORKSPACE\16F88\LUISMORENO_SEG\MAIN.ASM 437 : Found opcode in column 1. (retlw)
Warning[203] E:\MPLAB_WORKSPACE\16F88\LUISMORENO_SEG\MAIN.ASM 438 : Found opcode in column 1. (retlw)
Warning[203] E:\MPLAB_WORKSPACE\16F88\LUISMORENO_SEG\MAIN.ASM 439 : Found opcode in column 1. (retlw)
Warning[203] E:\MPLAB_WORKSPACE\16F88\LUISMORENO_SEG\MAIN.ASM 440 : Found opcode in column 1. (retlw)
Warning[203] E:\MPLAB_WORKSPACE\16F88\LUISMORENO_SEG\MAIN.ASM 441 : Found opcode in column 1. (retlw)
Warning[203] E:\MPLAB_WORKSPACE\16F88\LUISMORENO_SEG\MAIN.ASM 442 : Found opcode in column 1. (retlw)
Warning[203] E:\MPLAB_WORKSPACE\16F88\LUISMORENO_SEG\MAIN.ASM 443 : Found opcode in column 1. (retlw)
Warning[203] E:\MPLAB_WORKSPACE\16F88\LUISMORENO_SEG\MAIN.ASM 444 : Found opcode in column 1. (retlw)
Warning[203] E:\MPLAB_WORKSPACE\16F88\LUISMORENO_SEG\MAIN.ASM 445 : Found opcode in column 1. (retlw)
Warning[203] E:\MPLAB_WORKSPACE\16F88\LUISMORENO_SEG\MAIN.ASM 446 : Found opcode in column 1. (retlw)
Warning[203] E:\MPLAB_WORKSPACE\16F88\LUISMORENO_SEG\MAIN.ASM 447 : Found opcode in column 1. (retlw)
Warning[203] E:\MPLAB_WORKSPACE\16F88\LUISMORENO_SEG\MAIN.ASM 448 : Found opcode in column 1. (retlw)
Warning[203] E:\MPLAB_WORKSPACE\16F88\LUISMORENO_SEG\MAIN.ASM 449 : Found opcode in column 1. (retlw)
Warning[203] E:\MPLAB_WORKSPACE\16F88\LUISMORENO_SEG\MAIN.ASM 450 : Found opcode in column 1. (retlw)
Warning[203] E:\MPLAB_WORKSPACE\16F88\LUISMORENO_SEG\MAIN.ASM 451 : Found opcode in column 1. (retlw)
Warning[203] E:\MPLAB_WORKSPACE\16F88\LUISMORENO_SEG\MAIN.ASM 452 : Found opcode in column 1. (retlw)
Warning[203] E:\MPLAB_WORKSPACE\16F88\LUISMORENO_SEG\MAIN.ASM 453 : Found opcode in column 1. (retlw)
Warning[203] E:\MPLAB_WORKSPACE\16F88\LUISMORENO_SEG\MAIN.ASM 454 : Found opcode in column 1. (retlw)
Warning[203] E:\MPLAB_WORKSPACE\16F88\LUISMORENO_SEG\MAIN.ASM 455 : Found opcode in column 1. (retlw)
Warning[203] E:\MPLAB_WORKSPACE\16F88\LUISMORENO_SEG\MAIN.ASM 456 : Found opcode in column 1. (retlw)
Warning[203] E:\MPLAB_WORKSPACE\16F88\LUISMORENO_SEG\MAIN.ASM 457 : Found opcode in column 1. (retlw)
Warning[203] E:\MPLAB_WORKSPACE\16F88\LUISMORENO_SEG\MAIN.ASM 458 : Found opcode in column 1. (retlw)
Warning[203] E:\MPLAB_WORKSPACE\16F88\LUISMORENO_SEG\MAIN.ASM 462 : Found opcode in column 1. (addwf)
Warning[203] E:\MPLAB_WORKSPACE\16F88\LUISMORENO_SEG\MAIN.ASM 463 : Found opcode in column 1. (retlw)
Warning[203] E:\MPLAB_WORKSPACE\16F88\LUISMORENO_SEG\MAIN.ASM 464 : Found opcode in column 1. (retlw)
Warning[203] E:\MPLAB_WORKSPACE\16F88\LUISMORENO_SEG\MAIN.ASM 465 : Found opcode in column 1. (retlw)
Warning[203] E:\MPLAB_WORKSPACE\16F88\LUISMORENO_SEG\MAIN.ASM 466 : Found opcode in column 1. (retlw)
Warning[203] E:\MPLAB_WORKSPACE\16F88\LUISMORENO_SEG\MAIN.ASM 467 : Found opcode in column 1. (retlw)
Warning[203] E:\MPLAB_WORKSPACE\16F88\LUISMORENO_SEG\MAIN.ASM 468 : Found opcode in column 1. (retlw)
Warning[203] E:\MPLAB_WORKSPACE\16F88\LUISMORENO_SEG\MAIN.ASM 469 : Found opcode in column 1. (retlw)
Warning[203] E:\MPLAB_WORKSPACE\16F88\LUISMORENO_SEG\MAIN.ASM 470 : Found opcode in column 1. (retlw)
Warning[203] E:\MPLAB_WORKSPACE\16F88\LUISMORENO_SEG\MAIN.ASM 471 : Found opcode in column 1. (retlw)
Warning[203] E:\MPLAB_WORKSPACE\16F88\LUISMORENO_SEG\MAIN.ASM 472 : Found opcode in column 1. (retlw)
Warning[203] E:\MPLAB_WORKSPACE\16F88\LUISMORENO_SEG\MAIN.ASM 473 : Found opcode in column 1. (retlw)
Warning[203] E:\MPLAB_WORKSPACE\16F88\LUISMORENO_SEG\MAIN.ASM 474 : Found opcode in column 1. (retlw)
Warning[203] E:\MPLAB_WORKSPACE\16F88\LUISMORENO_SEG\MAIN.ASM 475 : Found opcode in column 1. (retlw)
Warning[203] E:\MPLAB_WORKSPACE\16F88\LUISMORENO_SEG\MAIN.ASM 478 : Found opcode in column 1. (retlw)
Warning[203] E:\MPLAB_WORKSPACE\16F88\LUISMORENO_SEG\MAIN.ASM 479 : Found opcode in column 1. (retlw)
Warning[203] E:\MPLAB_WORKSPACE\16F88\LUISMORENO_SEG\MAIN.ASM 480 : Found opcode in column 1. (retlw)
Warning[203] E:\MPLAB_WORKSPACE\16F88\LUISMORENO_SEG\MAIN.ASM 481 : Found opcode in column 1. (retlw)
Warning[203] E:\MPLAB_WORKSPACE\16F88\LUISMORENO_SEG\MAIN.ASM 482 : Found opcode in column 1. (retlw)
Warning[203] E:\MPLAB_WORKSPACE\16F88\LUISMORENO_SEG\MAIN.ASM 483 : Found opcode in column 1. (retlw)
Warning[203] E:\MPLAB_WORKSPACE\16F88\LUISMORENO_SEG\MAIN.ASM 484 : Found opcode in column 1. (retlw)
Warning[203] E:\MPLAB_WORKSPACE\16F88\LUISMORENO_SEG\MAIN.ASM 485 : Found opcode in column 1. (retlw)
Warning[203] E:\MPLAB_WORKSPACE\16F88\LUISMORENO_SEG\MAIN.ASM 486 : Found opcode in column 1. (retlw)
Warning[203] E:\MPLAB_WORKSPACE\16F88\LUISMORENO_SEG\MAIN.ASM 487 : Found opcode in column 1. (retlw)
Warning[203] E:\MPLAB_WORKSPACE\16F88\LUISMORENO_SEG\MAIN.ASM 488 : Found opcode in column 1. (retlw)
Warning[203] E:\MPLAB_WORKSPACE\16F88\LUISMORENO_SEG\MAIN.ASM 489 : Found opcode in column 1. (retlw)
Warning[203] E:\MPLAB_WORKSPACE\16F88\LUISMORENO_SEG\MAIN.ASM 490 : Found opcode in column 1. (retlw)
Warning[203] E:\MPLAB_WORKSPACE\16F88\LUISMORENO_SEG\MAIN.ASM 491 : Found opcode in column 1. (retlw)
Warning[203] E:\MPLAB_WORKSPACE\16F88\LUISMORENO_SEG\MAIN.ASM 492 : Found opcode in column 1. (retlw)
Warning[203] E:\MPLAB_WORKSPACE\16F88\LUISMORENO_SEG\MAIN.ASM 493 : Found opcode in column 1. (retlw)
Warning[203] E:\MPLAB_WORKSPACE\16F88\LUISMORENO_SEG\MAIN.ASM 494 : Found opcode in column 1. (retlw)
Warning[203] E:\MPLAB_WORKSPACE\16F88\LUISMORENO_SEG\MAIN.ASM 495 : Found opcode in column 1. (retlw)
Warning[203] E:\MPLAB_WORKSPACE\16F88\LUISMORENO_SEG\MAIN.ASM 498 : Found opcode in column 1. (retlw)
Warning[203] E:\MPLAB_WORKSPACE\16F88\LUISMORENO_SEG\MAIN.ASM 499 : Found opcode in column 1. (retlw)
Warning[203] E:\MPLAB_WORKSPACE\16F88\LUISMORENO_SEG\MAIN.ASM 500 : Found opcode in column 1. (retlw)
Warning[203] E:\MPLAB_WORKSPACE\16F88\LUISMORENO_SEG\MAIN.ASM 501 : Found opcode in column 1. (retlw)
Warning[203] E:\MPLAB_WORKSPACE\16F88\LUISMORENO_SEG\MAIN.ASM 502 : Found opcode in column 1. (retlw)
Warning[203] E:\MPLAB_WORKSPACE\16F88\LUISMORENO_SEG\MAIN.ASM 503 : Found opcode in column 1. (retlw)
Warning[203] E:\MPLAB_WORKSPACE\16F88\LUISMORENO_SEG\MAIN.ASM 504 : Found opcode in column 1. (retlw)
Warning[203] E:\MPLAB_WORKSPACE\16F88\LUISMORENO_SEG\MAIN.ASM 505 : Found opcode in column 1. (retlw)
Warning[203] E:\MPLAB_WORKSPACE\16F88\LUISMORENO_SEG\MAIN.ASM 506 : Found opcode in column 1. (retlw)
Warning[203] E:\MPLAB_WORKSPACE\16F88\LUISMORENO_SEG\MAIN.ASM 507 : Found opcode in column 1. (retlw)
Warning[203] E:\MPLAB_WORKSPACE\16F88\LUISMORENO_SEG\MAIN.ASM 508 : Found opcode in column 1. (retlw)
Warning[203] E:\MPLAB_WORKSPACE\16F88\LUISMORENO_SEG\MAIN.ASM 509 : Found opcode in column 1. (retlw)
Warning[203] E:\MPLAB_WORKSPACE\16F88\LUISMORENO_SEG\MAIN.ASM 510 : Found opcode in column 1. (retlw)
Warning[203] E:\MPLAB_WORKSPACE\16F88\LUISMORENO_SEG\MAIN.ASM 511 : Found opcode in column 1. (retlw)
Warning[203] E:\MPLAB_WORKSPACE\16F88\LUISMORENO_SEG\MAIN.ASM 512 : Found opcode in column 1. (retlw)
Warning[203] E:\MPLAB_WORKSPACE\16F88\LUISMORENO_SEG\MAIN.ASM 513 : Found opcode in column 1. (retlw)
Warning[203] E:\MPLAB_WORKSPACE\16F88\LUISMORENO_SEG\MAIN.ASM 514 : Found opcode in column 1. (retlw)
Warning[203] E:\MPLAB_WORKSPACE\16F88\LUISMORENO_SEG\MAIN.ASM 515 : Found opcode in column 1. (retlw)
Warning[203] E:\MPLAB_WORKSPACE\16F88\LUISMORENO_SEG\MAIN.ASM 516 : Found opcode in column 1. (retlw)
Warning[203] E:\MPLAB_WORKSPACE\16F88\LUISMORENO_SEG\MAIN.ASM 517 : Found opcode in column 1. (retlw)
Warning[203] E:\MPLAB_WORKSPACE\16F88\LUISMORENO_SEG\MAIN.ASM 518 : Found opcode in column 1. (retlw)
Warning[203] E:\MPLAB_WORKSPACE\16F88\LUISMORENO_SEG\MAIN.ASM 519 : Found opcode in column 1. (retlw)
Warning[203] E:\MPLAB_WORKSPACE\16F88\LUISMORENO_SEG\MAIN.ASM 520 : Found opcode in column 1. (retlw)
Warning[203] E:\MPLAB_WORKSPACE\16F88\LUISMORENO_SEG\MAIN.ASM 521 : Found opcode in column 1. (retlw)
Warning[203] E:\MPLAB_WORKSPACE\16F88\LUISMORENO_SEG\MAIN.ASM 522 : Found opcode in column 1. (retlw)
Warning[203] E:\MPLAB_WORKSPACE\16F88\LUISMORENO_SEG\MAIN.ASM 523 : Found opcode in column 1. (retlw)
Warning[205] E:\MPLAB_WORKSPACE\16F88\LUISMORENO_SEG\MAIN.ASM 525 : Found directive in column 1. (END)
