Warning[205] E:\MPLAB_WORKSPACE\16F88\DECODER2\MAIN.ASM 1 : Found directive in column 1. (LIST)
Message[301] C:\PROGRAM FILES (X86)\MICROCHIP\MPASM SUITE\P16F88.INC 33 : MESSAGE: (Processor-header file mismatch.  Verify selected processor.)
Warning[205] E:\MPLAB_WORKSPACE\16F88\DECODER2\MACROS.INC 1 : Found directive in column 1. (CBLOCK)
Warning[210] E:\MPLAB_WORKSPACE\16F88\DECODER2\MACROS.INC 2 : Extra ","
Warning[210] E:\MPLAB_WORKSPACE\16F88\DECODER2\MACROS.INC 3 : Extra ","
Warning[210] E:\MPLAB_WORKSPACE\16F88\DECODER2\MACROS.INC 4 : Extra ","
Warning[205] E:\MPLAB_WORKSPACE\16F88\DECODER2\MACROS.INC 5 : Found directive in column 1. (ENDC)
Warning[205] E:\MPLAB_WORKSPACE\16F88\DECODER2\MACROS.INC 46 : Found directive in column 1. (ENDM)
Warning[205] E:\MPLAB_WORKSPACE\16F88\DECODER2\MAIN.ASM 25 : Found directive in column 1. (CBLOCK)
Warning[205] E:\MPLAB_WORKSPACE\16F88\DECODER2\MAIN.ASM 27 : Found directive in column 1. (ENDC)
Warning[205] E:\MPLAB_WORKSPACE\16F88\DECODER2\MAIN.ASM 28 : Found directive in column 1. (CBLOCK)
Warning[205] E:\MPLAB_WORKSPACE\16F88\DECODER2\MAIN.ASM 30 : Found directive in column 1. (ENDC)
Warning[205] E:\MPLAB_WORKSPACE\16F88\DECODER2\MAIN.ASM 31 : Found directive in column 1. (CBLOCK)
Warning[205] E:\MPLAB_WORKSPACE\16F88\DECODER2\MAIN.ASM 34 : Found directive in column 1. (ENDC)
Warning[205] E:\MPLAB_WORKSPACE\16F88\DECODER2\MAIN.ASM 36 : Found directive in column 1. (ORG)
Warning[203] E:\MPLAB_WORKSPACE\16F88\DECODER2\MAIN.ASM 37 : Found opcode in column 1. (GOTO)
Warning[205] E:\MPLAB_WORKSPACE\16F88\DECODER2\MAIN.ASM 38 : Found directive in column 1. (ORG)
Warning[205] E:\MPLAB_WORKSPACE\16F88\DECODER2\MAIN.ASM 42 : Found directive in column 1. (BANKSEL)
Warning[206] E:\MPLAB_WORKSPACE\16F88\DECODER2\MAIN.ASM 43 : Found call to macro in column 1. (LOAD)
Message[302] E:\MPLAB_WORKSPACE\16F88\DECODER2\MACROS.INC 9 : Register in operand not in bank 0.  Ensure that bank bits are correct.
Warning[206] E:\MPLAB_WORKSPACE\16F88\DECODER2\MAIN.ASM 44 : Found call to macro in column 1. (LOAD)
Message[302] E:\MPLAB_WORKSPACE\16F88\DECODER2\MACROS.INC 9 : Register in operand not in bank 0.  Ensure that bank bits are correct.
Warning[205] E:\MPLAB_WORKSPACE\16F88\DECODER2\MAIN.ASM 46 : Found directive in column 1. (BANKSEL)
Warning[203] E:\MPLAB_WORKSPACE\16F88\DECODER2\MAIN.ASM 47 : Found opcode in column 1. (CLRF)
Message[302] E:\MPLAB_WORKSPACE\16F88\DECODER2\MAIN.ASM 47 : Register in operand not in bank 0.  Ensure that bank bits are correct.
Warning[205] E:\MPLAB_WORKSPACE\16F88\DECODER2\MAIN.ASM 49 : Found directive in column 1. (BANKSEL)
Warning[203] E:\MPLAB_WORKSPACE\16F88\DECODER2\MAIN.ASM 50 : Found opcode in column 1. (CLRF)
Warning[203] E:\MPLAB_WORKSPACE\16F88\DECODER2\MAIN.ASM 51 : Found opcode in column 1. (CLRF)
Message[305] E:\MPLAB_WORKSPACE\16F88\DECODER2\MAIN.ASM 66 : Using default destination of 1 (file).
Message[305] E:\MPLAB_WORKSPACE\16F88\DECODER2\MAIN.ASM 67 : Using default destination of 1 (file).
Message[305] E:\MPLAB_WORKSPACE\16F88\DECODER2\MAIN.ASM 68 : Using default destination of 1 (file).
Message[305] E:\MPLAB_WORKSPACE\16F88\DECODER2\MAIN.ASM 74 : Using default destination of 1 (file).
Message[305] E:\MPLAB_WORKSPACE\16F88\DECODER2\MAIN.ASM 76 : Using default destination of 1 (file).
Message[305] E:\MPLAB_WORKSPACE\16F88\DECODER2\MAIN.ASM 107 : Using default destination of 1 (file).
Warning[207] E:\MPLAB_WORKSPACE\16F88\DECODER2\MAIN.ASM 138 : Found label after column 1. (check_low)
Message[305] E:\MPLAB_WORKSPACE\16F88\DECODER2\MAIN.ASM 144 : Using default destination of 1 (file).
Warning[207] E:\MPLAB_WORKSPACE\16F88\DECODER2\MAIN.ASM 147 : Found label after column 1. (check_c)
Message[305] E:\MPLAB_WORKSPACE\16F88\DECODER2\MAIN.ASM 153 : Using default destination of 1 (file).
Message[305] E:\MPLAB_WORKSPACE\16F88\DECODER2\MAIN.ASM 164 : Using default destination of 1 (file).
Message[305] E:\MPLAB_WORKSPACE\16F88\DECODER2\MAIN.ASM 185 : Using default destination of 1 (file).
Warning[207] E:\MPLAB_WORKSPACE\16F88\DECODER2\MAIN.ASM 188 : Found label after column 1. (check_h_c)
Message[305] E:\MPLAB_WORKSPACE\16F88\DECODER2\MAIN.ASM 191 : Using default destination of 1 (file).
Message[305] E:\MPLAB_WORKSPACE\16F88\DECODER2\MAIN.ASM 194 : Using default destination of 1 (file).
Message[305] E:\MPLAB_WORKSPACE\16F88\DECODER2\MAIN.ASM 204 : Using default destination of 1 (file).
Message[305] E:\MPLAB_WORKSPACE\16F88\DECODER2\MAIN.ASM 219 : Using default destination of 1 (file).
Message[305] E:\MPLAB_WORKSPACE\16F88\DECODER2\MAIN.ASM 229 : Using default destination of 1 (file).
Warning[203] E:\MPLAB_WORKSPACE\16F88\DECODER2\MAIN.ASM 253 : Found opcode in column 1. (clrf)
Warning[203] E:\MPLAB_WORKSPACE\16F88\DECODER2\MAIN.ASM 254 : Found opcode in column 1. (clrf)
Warning[203] E:\MPLAB_WORKSPACE\16F88\DECODER2\MAIN.ASM 255 : Found opcode in column 1. (clrf)
Warning[203] E:\MPLAB_WORKSPACE\16F88\DECODER2\MAIN.ASM 256 : Found opcode in column 1. (clrf)
Warning[203] E:\MPLAB_WORKSPACE\16F88\DECODER2\MAIN.ASM 257 : Found opcode in column 1. (clrf)
Warning[203] E:\MPLAB_WORKSPACE\16F88\DECODER2\MAIN.ASM 258 : Found opcode in column 1. (clrf)
Warning[203] E:\MPLAB_WORKSPACE\16F88\DECODER2\MAIN.ASM 259 : Found opcode in column 1. (bcf)
Warning[203] E:\MPLAB_WORKSPACE\16F88\DECODER2\MAIN.ASM 261 : Found opcode in column 1. (movf)
Warning[203] E:\MPLAB_WORKSPACE\16F88\DECODER2\MAIN.ASM 262 : Found opcode in column 1. (andlw)
Warning[203] E:\MPLAB_WORKSPACE\16F88\DECODER2\MAIN.ASM 263 : Found opcode in column 1. (movwf)
Warning[203] E:\MPLAB_WORKSPACE\16F88\DECODER2\MAIN.ASM 264 : Found opcode in column 1. (rrf)
Message[305] E:\MPLAB_WORKSPACE\16F88\DECODER2\MAIN.ASM 264 : Using default destination of 1 (file).
Warning[203] E:\MPLAB_WORKSPACE\16F88\DECODER2\MAIN.ASM 265 : Found opcode in column 1. (rrf)
Message[305] E:\MPLAB_WORKSPACE\16F88\DECODER2\MAIN.ASM 265 : Using default destination of 1 (file).
Warning[203] E:\MPLAB_WORKSPACE\16F88\DECODER2\MAIN.ASM 266 : Found opcode in column 1. (rrf)
Message[305] E:\MPLAB_WORKSPACE\16F88\DECODER2\MAIN.ASM 266 : Using default destination of 1 (file).
Warning[203] E:\MPLAB_WORKSPACE\16F88\DECODER2\MAIN.ASM 269 : Found opcode in column 1. (movlw)
Warning[203] E:\MPLAB_WORKSPACE\16F88\DECODER2\MAIN.ASM 270 : Found opcode in column 1. (bcf)
Warning[203] E:\MPLAB_WORKSPACE\16F88\DECODER2\MAIN.ASM 271 : Found opcode in column 1. (xorwf)
Warning[203] E:\MPLAB_WORKSPACE\16F88\DECODER2\MAIN.ASM 272 : Found opcode in column 1. (btfss)
Warning[203] E:\MPLAB_WORKSPACE\16F88\DECODER2\MAIN.ASM 273 : Found opcode in column 1. (goto)
Warning[203] E:\MPLAB_WORKSPACE\16F88\DECODER2\MAIN.ASM 275 : Found opcode in column 1. (goto)
Warning[203] E:\MPLAB_WORKSPACE\16F88\DECODER2\MAIN.ASM 277 : Found opcode in column 1. (movlw)
Warning[203] E:\MPLAB_WORKSPACE\16F88\DECODER2\MAIN.ASM 278 : Found opcode in column 1. (bcf)
Warning[203] E:\MPLAB_WORKSPACE\16F88\DECODER2\MAIN.ASM 279 : Found opcode in column 1. (xorwf)
Warning[203] E:\MPLAB_WORKSPACE\16F88\DECODER2\MAIN.ASM 280 : Found opcode in column 1. (btfss)
Warning[203] E:\MPLAB_WORKSPACE\16F88\DECODER2\MAIN.ASM 281 : Found opcode in column 1. (goto)
Warning[203] E:\MPLAB_WORKSPACE\16F88\DECODER2\MAIN.ASM 283 : Found opcode in column 1. (goto)
Warning[203] E:\MPLAB_WORKSPACE\16F88\DECODER2\MAIN.ASM 285 : Found opcode in column 1. (movlw)
Warning[203] E:\MPLAB_WORKSPACE\16F88\DECODER2\MAIN.ASM 286 : Found opcode in column 1. (bcf)
Warning[203] E:\MPLAB_WORKSPACE\16F88\DECODER2\MAIN.ASM 287 : Found opcode in column 1. (xorwf)
Warning[203] E:\MPLAB_WORKSPACE\16F88\DECODER2\MAIN.ASM 288 : Found opcode in column 1. (btfss)
Warning[203] E:\MPLAB_WORKSPACE\16F88\DECODER2\MAIN.ASM 289 : Found opcode in column 1. (goto)
Warning[203] E:\MPLAB_WORKSPACE\16F88\DECODER2\MAIN.ASM 291 : Found opcode in column 1. (goto)
Warning[203] E:\MPLAB_WORKSPACE\16F88\DECODER2\MAIN.ASM 307 : Found opcode in column 1. (GOTO)
Warning[203] E:\MPLAB_WORKSPACE\16F88\DECODER2\MAIN.ASM 312 : Found opcode in column 1. (movwf)
Warning[203] E:\MPLAB_WORKSPACE\16F88\DECODER2\MAIN.ASM 313 : Found opcode in column 1. (movlw)
Warning[203] E:\MPLAB_WORKSPACE\16F88\DECODER2\MAIN.ASM 314 : Found opcode in column 1. (movwf)
Warning[203] E:\MPLAB_WORKSPACE\16F88\DECODER2\MAIN.ASM 317 : Found opcode in column 1. (btfss)
Warning[203] E:\MPLAB_WORKSPACE\16F88\DECODER2\MAIN.ASM 318 : Found opcode in column 1. (goto)
Warning[203] E:\MPLAB_WORKSPACE\16F88\DECODER2\MAIN.ASM 319 : Found opcode in column 1. (bsf)
Warning[203] E:\MPLAB_WORKSPACE\16F88\DECODER2\MAIN.ASM 320 : Found opcode in column 1. (goto)
Warning[203] E:\MPLAB_WORKSPACE\16F88\DECODER2\MAIN.ASM 321 : Found opcode in column 1. (bcf)
Warning[203] E:\MPLAB_WORKSPACE\16F88\DECODER2\MAIN.ASM 322 : Found opcode in column 1. (bcf)
Warning[203] E:\MPLAB_WORKSPACE\16F88\DECODER2\MAIN.ASM 323 : Found opcode in column 1. (bsf)
Warning[203] E:\MPLAB_WORKSPACE\16F88\DECODER2\MAIN.ASM 325 : Found opcode in column 1. (rlf)
Warning[203] E:\MPLAB_WORKSPACE\16F88\DECODER2\MAIN.ASM 326 : Found opcode in column 1. (decfsz)
Warning[203] E:\MPLAB_WORKSPACE\16F88\DECODER2\MAIN.ASM 327 : Found opcode in column 1. (goto)
Warning[203] E:\MPLAB_WORKSPACE\16F88\DECODER2\MAIN.ASM 328 : Found opcode in column 1. (bcf)
Warning[203] E:\MPLAB_WORKSPACE\16F88\DECODER2\MAIN.ASM 329 : Found opcode in column 1. (bsf)
Warning[203] E:\MPLAB_WORKSPACE\16F88\DECODER2\MAIN.ASM 330 : Found opcode in column 1. (return)
Warning[203] E:\MPLAB_WORKSPACE\16F88\DECODER2\MAIN.ASM 333 : Found opcode in column 1. (addwf)
Message[305] E:\MPLAB_WORKSPACE\16F88\DECODER2\MAIN.ASM 333 : Using default destination of 1 (file).
Warning[203] E:\MPLAB_WORKSPACE\16F88\DECODER2\MAIN.ASM 334 : Found opcode in column 1. (retlw)
Warning[203] E:\MPLAB_WORKSPACE\16F88\DECODER2\MAIN.ASM 335 : Found opcode in column 1. (retlw)
Warning[203] E:\MPLAB_WORKSPACE\16F88\DECODER2\MAIN.ASM 336 : Found opcode in column 1. (retlw)
Warning[203] E:\MPLAB_WORKSPACE\16F88\DECODER2\MAIN.ASM 337 : Found opcode in column 1. (retlw)
Warning[203] E:\MPLAB_WORKSPACE\16F88\DECODER2\MAIN.ASM 338 : Found opcode in column 1. (retlw)
Warning[203] E:\MPLAB_WORKSPACE\16F88\DECODER2\MAIN.ASM 339 : Found opcode in column 1. (retlw)
Warning[203] E:\MPLAB_WORKSPACE\16F88\DECODER2\MAIN.ASM 340 : Found opcode in column 1. (retlw)
Warning[203] E:\MPLAB_WORKSPACE\16F88\DECODER2\MAIN.ASM 341 : Found opcode in column 1. (retlw)
Warning[203] E:\MPLAB_WORKSPACE\16F88\DECODER2\MAIN.ASM 342 : Found opcode in column 1. (retlw)
Warning[203] E:\MPLAB_WORKSPACE\16F88\DECODER2\MAIN.ASM 343 : Found opcode in column 1. (retlw)
Warning[203] E:\MPLAB_WORKSPACE\16F88\DECODER2\MAIN.ASM 344 : Found opcode in column 1. (retlw)
Warning[203] E:\MPLAB_WORKSPACE\16F88\DECODER2\MAIN.ASM 345 : Found opcode in column 1. (retlw)
Warning[203] E:\MPLAB_WORKSPACE\16F88\DECODER2\MAIN.ASM 346 : Found opcode in column 1. (retlw)
Warning[203] E:\MPLAB_WORKSPACE\16F88\DECODER2\MAIN.ASM 347 : Found opcode in column 1. (retlw)
Warning[203] E:\MPLAB_WORKSPACE\16F88\DECODER2\MAIN.ASM 348 : Found opcode in column 1. (retlw)
Warning[203] E:\MPLAB_WORKSPACE\16F88\DECODER2\MAIN.ASM 349 : Found opcode in column 1. (retlw)
Warning[203] E:\MPLAB_WORKSPACE\16F88\DECODER2\MAIN.ASM 350 : Found opcode in column 1. (retlw)
Warning[203] E:\MPLAB_WORKSPACE\16F88\DECODER2\MAIN.ASM 351 : Found opcode in column 1. (retlw)
Warning[203] E:\MPLAB_WORKSPACE\16F88\DECODER2\MAIN.ASM 352 : Found opcode in column 1. (retlw)
Warning[203] E:\MPLAB_WORKSPACE\16F88\DECODER2\MAIN.ASM 353 : Found opcode in column 1. (retlw)
Warning[203] E:\MPLAB_WORKSPACE\16F88\DECODER2\MAIN.ASM 354 : Found opcode in column 1. (retlw)
Warning[203] E:\MPLAB_WORKSPACE\16F88\DECODER2\MAIN.ASM 355 : Found opcode in column 1. (retlw)
Warning[203] E:\MPLAB_WORKSPACE\16F88\DECODER2\MAIN.ASM 356 : Found opcode in column 1. (retlw)
Warning[203] E:\MPLAB_WORKSPACE\16F88\DECODER2\MAIN.ASM 357 : Found opcode in column 1. (retlw)
Warning[203] E:\MPLAB_WORKSPACE\16F88\DECODER2\MAIN.ASM 358 : Found opcode in column 1. (retlw)
Warning[203] E:\MPLAB_WORKSPACE\16F88\DECODER2\MAIN.ASM 359 : Found opcode in column 1. (retlw)
Warning[203] E:\MPLAB_WORKSPACE\16F88\DECODER2\MAIN.ASM 360 : Found opcode in column 1. (retlw)
Warning[203] E:\MPLAB_WORKSPACE\16F88\DECODER2\MAIN.ASM 361 : Found opcode in column 1. (retlw)
Warning[203] E:\MPLAB_WORKSPACE\16F88\DECODER2\MAIN.ASM 362 : Found opcode in column 1. (retlw)
Warning[203] E:\MPLAB_WORKSPACE\16F88\DECODER2\MAIN.ASM 363 : Found opcode in column 1. (retlw)
Warning[203] E:\MPLAB_WORKSPACE\16F88\DECODER2\MAIN.ASM 364 : Found opcode in column 1. (retlw)
Warning[203] E:\MPLAB_WORKSPACE\16F88\DECODER2\MAIN.ASM 365 : Found opcode in column 1. (retlw)
Warning[203] E:\MPLAB_WORKSPACE\16F88\DECODER2\MAIN.ASM 366 : Found opcode in column 1. (retlw)
Warning[203] E:\MPLAB_WORKSPACE\16F88\DECODER2\MAIN.ASM 367 : Found opcode in column 1. (retlw)
Warning[203] E:\MPLAB_WORKSPACE\16F88\DECODER2\MAIN.ASM 368 : Found opcode in column 1. (retlw)
Warning[203] E:\MPLAB_WORKSPACE\16F88\DECODER2\MAIN.ASM 369 : Found opcode in column 1. (retlw)
Warning[203] E:\MPLAB_WORKSPACE\16F88\DECODER2\MAIN.ASM 370 : Found opcode in column 1. (retlw)
Warning[203] E:\MPLAB_WORKSPACE\16F88\DECODER2\MAIN.ASM 371 : Found opcode in column 1. (retlw)
Warning[203] E:\MPLAB_WORKSPACE\16F88\DECODER2\MAIN.ASM 372 : Found opcode in column 1. (retlw)
Warning[203] E:\MPLAB_WORKSPACE\16F88\DECODER2\MAIN.ASM 373 : Found opcode in column 1. (retlw)
Warning[203] E:\MPLAB_WORKSPACE\16F88\DECODER2\MAIN.ASM 374 : Found opcode in column 1. (retlw)
Warning[203] E:\MPLAB_WORKSPACE\16F88\DECODER2\MAIN.ASM 375 : Found opcode in column 1. (retlw)
Warning[203] E:\MPLAB_WORKSPACE\16F88\DECODER2\MAIN.ASM 376 : Found opcode in column 1. (retlw)
Warning[203] E:\MPLAB_WORKSPACE\16F88\DECODER2\MAIN.ASM 377 : Found opcode in column 1. (retlw)
Warning[203] E:\MPLAB_WORKSPACE\16F88\DECODER2\MAIN.ASM 378 : Found opcode in column 1. (retlw)
Warning[203] E:\MPLAB_WORKSPACE\16F88\DECODER2\MAIN.ASM 379 : Found opcode in column 1. (retlw)
Warning[203] E:\MPLAB_WORKSPACE\16F88\DECODER2\MAIN.ASM 380 : Found opcode in column 1. (retlw)
Warning[203] E:\MPLAB_WORKSPACE\16F88\DECODER2\MAIN.ASM 381 : Found opcode in column 1. (retlw)
Warning[203] E:\MPLAB_WORKSPACE\16F88\DECODER2\MAIN.ASM 382 : Found opcode in column 1. (retlw)
Warning[203] E:\MPLAB_WORKSPACE\16F88\DECODER2\MAIN.ASM 383 : Found opcode in column 1. (retlw)
Warning[203] E:\MPLAB_WORKSPACE\16F88\DECODER2\MAIN.ASM 384 : Found opcode in column 1. (retlw)
Warning[203] E:\MPLAB_WORKSPACE\16F88\DECODER2\MAIN.ASM 385 : Found opcode in column 1. (retlw)
Warning[203] E:\MPLAB_WORKSPACE\16F88\DECODER2\MAIN.ASM 386 : Found opcode in column 1. (retlw)
Warning[203] E:\MPLAB_WORKSPACE\16F88\DECODER2\MAIN.ASM 387 : Found opcode in column 1. (retlw)
Warning[203] E:\MPLAB_WORKSPACE\16F88\DECODER2\MAIN.ASM 388 : Found opcode in column 1. (retlw)
Warning[203] E:\MPLAB_WORKSPACE\16F88\DECODER2\MAIN.ASM 391 : Found opcode in column 1. (addwf)
Message[305] E:\MPLAB_WORKSPACE\16F88\DECODER2\MAIN.ASM 391 : Using default destination of 1 (file).
Warning[203] E:\MPLAB_WORKSPACE\16F88\DECODER2\MAIN.ASM 392 : Found opcode in column 1. (retlw)
Warning[203] E:\MPLAB_WORKSPACE\16F88\DECODER2\MAIN.ASM 393 : Found opcode in column 1. (retlw)
Warning[203] E:\MPLAB_WORKSPACE\16F88\DECODER2\MAIN.ASM 394 : Found opcode in column 1. (retlw)
Warning[203] E:\MPLAB_WORKSPACE\16F88\DECODER2\MAIN.ASM 395 : Found opcode in column 1. (retlw)
Warning[203] E:\MPLAB_WORKSPACE\16F88\DECODER2\MAIN.ASM 396 : Found opcode in column 1. (retlw)
Warning[203] E:\MPLAB_WORKSPACE\16F88\DECODER2\MAIN.ASM 397 : Found opcode in column 1. (retlw)
Warning[203] E:\MPLAB_WORKSPACE\16F88\DECODER2\MAIN.ASM 398 : Found opcode in column 1. (retlw)
Warning[203] E:\MPLAB_WORKSPACE\16F88\DECODER2\MAIN.ASM 399 : Found opcode in column 1. (retlw)
Warning[203] E:\MPLAB_WORKSPACE\16F88\DECODER2\MAIN.ASM 400 : Found opcode in column 1. (retlw)
Warning[203] E:\MPLAB_WORKSPACE\16F88\DECODER2\MAIN.ASM 401 : Found opcode in column 1. (retlw)
Warning[205] E:\MPLAB_WORKSPACE\16F88\DECODER2\MAIN.ASM 404 : Found directive in column 1. (END)
