Warning[205] E:\MPLAB_WORKSPAC\16F886\DESPLAZAMIENTO\MAIN.ASM 1 : Found directive in column 1. (LIST)
Warning[205] E:\MPLAB_WORKSPAC\16F886\DESPLAZAMIENTO\MAIN.ASM 18 : Found directive in column 1. (CBLOCK)
Warning[205] E:\MPLAB_WORKSPAC\16F886\DESPLAZAMIENTO\MAIN.ASM 20 : Found directive in column 1. (ENDC)
Warning[205] E:\MPLAB_WORKSPAC\16F886\DESPLAZAMIENTO\MAIN.ASM 22 : Found directive in column 1. (ORG)
Warning[203] E:\MPLAB_WORKSPAC\16F886\DESPLAZAMIENTO\MAIN.ASM 23 : Found opcode in column 1. (GOTO)
Warning[205] E:\MPLAB_WORKSPAC\16F886\DESPLAZAMIENTO\MAIN.ASM 24 : Found directive in column 1. (ORG)
Warning[205] E:\MPLAB_WORKSPAC\16F886\DESPLAZAMIENTO\MAIN.ASM 28 : Found directive in column 1. (BANKSEL)
Warning[203] E:\MPLAB_WORKSPAC\16F886\DESPLAZAMIENTO\MAIN.ASM 30 : Found opcode in column 1. (CLRF)
Message[302] E:\MPLAB_WORKSPAC\16F886\DESPLAZAMIENTO\MAIN.ASM 30 : Register in operand not in bank 0.  Ensure that bank bits are correct.
Warning[203] E:\MPLAB_WORKSPAC\16F886\DESPLAZAMIENTO\MAIN.ASM 31 : Found opcode in column 1. (CLRF)
Message[302] E:\MPLAB_WORKSPAC\16F886\DESPLAZAMIENTO\MAIN.ASM 31 : Register in operand not in bank 0.  Ensure that bank bits are correct.
Warning[203] E:\MPLAB_WORKSPAC\16F886\DESPLAZAMIENTO\MAIN.ASM 32 : Found opcode in column 1. (CLRF)
Message[302] E:\MPLAB_WORKSPAC\16F886\DESPLAZAMIENTO\MAIN.ASM 32 : Register in operand not in bank 0.  Ensure that bank bits are correct.
Warning[205] E:\MPLAB_WORKSPAC\16F886\DESPLAZAMIENTO\MAIN.ASM 33 : Found directive in column 1. (BANKSEL)
Warning[203] E:\MPLAB_WORKSPAC\16F886\DESPLAZAMIENTO\MAIN.ASM 34 : Found opcode in column 1. (CLRF)
Message[302] E:\MPLAB_WORKSPAC\16F886\DESPLAZAMIENTO\MAIN.ASM 34 : Register in operand not in bank 0.  Ensure that bank bits are correct.
Warning[203] E:\MPLAB_WORKSPAC\16F886\DESPLAZAMIENTO\MAIN.ASM 35 : Found opcode in column 1. (CLRF)
Message[302] E:\MPLAB_WORKSPAC\16F886\DESPLAZAMIENTO\MAIN.ASM 35 : Register in operand not in bank 0.  Ensure that bank bits are correct.
Warning[205] E:\MPLAB_WORKSPAC\16F886\DESPLAZAMIENTO\MAIN.ASM 36 : Found directive in column 1. (BANKSEL)
Warning[203] E:\MPLAB_WORKSPAC\16F886\DESPLAZAMIENTO\MAIN.ASM 37 : Found opcode in column 1. (CLRF)
Warning[203] E:\MPLAB_WORKSPAC\16F886\DESPLAZAMIENTO\MAIN.ASM 38 : Found opcode in column 1. (CLRF)
Warning[203] E:\MPLAB_WORKSPAC\16F886\DESPLAZAMIENTO\MAIN.ASM 39 : Found opcode in column 1. (CLRF)
Warning[203] E:\MPLAB_WORKSPAC\16F886\DESPLAZAMIENTO\MAIN.ASM 41 : Found opcode in column 1. (clrf)
Warning[203] E:\MPLAB_WORKSPAC\16F886\DESPLAZAMIENTO\MAIN.ASM 42 : Found opcode in column 1. (clrf)
Warning[203] E:\MPLAB_WORKSPAC\16F886\DESPLAZAMIENTO\MAIN.ASM 43 : Found opcode in column 1. (clrf)
Warning[203] E:\MPLAB_WORKSPAC\16F886\DESPLAZAMIENTO\MAIN.ASM 44 : Found opcode in column 1. (clrf)
Warning[203] E:\MPLAB_WORKSPAC\16F886\DESPLAZAMIENTO\MAIN.ASM 45 : Found opcode in column 1. (clrf)
Warning[206] E:\MPLAB_WORKSPAC\16F886\DESPLAZAMIENTO\MAIN.ASM 49 : Found call to macro in column 1. (LOAD)
Warning[203] E:\MPLAB_WORKSPAC\16F886\DESPLAZAMIENTO\MAIN.ASM 50 : Found opcode in column 1. (movf)
Warning[203] E:\MPLAB_WORKSPAC\16F886\DESPLAZAMIENTO\MAIN.ASM 51 : Found opcode in column 1. (call)
Warning[203] E:\MPLAB_WORKSPAC\16F886\DESPLAZAMIENTO\MAIN.ASM 52 : Found opcode in column 1. (call)
Warning[203] E:\MPLAB_WORKSPAC\16F886\DESPLAZAMIENTO\MAIN.ASM 53 : Found opcode in column 1. (movf)
Warning[203] E:\MPLAB_WORKSPAC\16F886\DESPLAZAMIENTO\MAIN.ASM 54 : Found opcode in column 1. (call)
Warning[203] E:\MPLAB_WORKSPAC\16F886\DESPLAZAMIENTO\MAIN.ASM 55 : Found opcode in column 1. (call)
Warning[203] E:\MPLAB_WORKSPAC\16F886\DESPLAZAMIENTO\MAIN.ASM 56 : Found opcode in column 1. (bcf)
Warning[203] E:\MPLAB_WORKSPAC\16F886\DESPLAZAMIENTO\MAIN.ASM 57 : Found opcode in column 1. (bsf)
Warning[206] E:\MPLAB_WORKSPAC\16F886\DESPLAZAMIENTO\MAIN.ASM 58 : Found call to macro in column 1. (Delay)
Warning[206] E:\MPLAB_WORKSPAC\16F886\DESPLAZAMIENTO\MAIN.ASM 60 : Found call to macro in column 1. (LOAD)
Warning[203] E:\MPLAB_WORKSPAC\16F886\DESPLAZAMIENTO\MAIN.ASM 61 : Found opcode in column 1. (movf)
Warning[203] E:\MPLAB_WORKSPAC\16F886\DESPLAZAMIENTO\MAIN.ASM 62 : Found opcode in column 1. (call)
Warning[203] E:\MPLAB_WORKSPAC\16F886\DESPLAZAMIENTO\MAIN.ASM 63 : Found opcode in column 1. (call)
Warning[203] E:\MPLAB_WORKSPAC\16F886\DESPLAZAMIENTO\MAIN.ASM 64 : Found opcode in column 1. (movf)
Warning[203] E:\MPLAB_WORKSPAC\16F886\DESPLAZAMIENTO\MAIN.ASM 65 : Found opcode in column 1. (call)
Warning[203] E:\MPLAB_WORKSPAC\16F886\DESPLAZAMIENTO\MAIN.ASM 66 : Found opcode in column 1. (call)
Warning[203] E:\MPLAB_WORKSPAC\16F886\DESPLAZAMIENTO\MAIN.ASM 67 : Found opcode in column 1. (bcf)
Warning[203] E:\MPLAB_WORKSPAC\16F886\DESPLAZAMIENTO\MAIN.ASM 68 : Found opcode in column 1. (bsf)
Warning[206] E:\MPLAB_WORKSPAC\16F886\DESPLAZAMIENTO\MAIN.ASM 69 : Found call to macro in column 1. (Delay)
Warning[206] E:\MPLAB_WORKSPAC\16F886\DESPLAZAMIENTO\MAIN.ASM 71 : Found call to macro in column 1. (LOAD)
Warning[203] E:\MPLAB_WORKSPAC\16F886\DESPLAZAMIENTO\MAIN.ASM 72 : Found opcode in column 1. (movf)
Warning[203] E:\MPLAB_WORKSPAC\16F886\DESPLAZAMIENTO\MAIN.ASM 73 : Found opcode in column 1. (call)
Warning[203] E:\MPLAB_WORKSPAC\16F886\DESPLAZAMIENTO\MAIN.ASM 74 : Found opcode in column 1. (call)
Warning[203] E:\MPLAB_WORKSPAC\16F886\DESPLAZAMIENTO\MAIN.ASM 75 : Found opcode in column 1. (movf)
Warning[203] E:\MPLAB_WORKSPAC\16F886\DESPLAZAMIENTO\MAIN.ASM 76 : Found opcode in column 1. (call)
Warning[203] E:\MPLAB_WORKSPAC\16F886\DESPLAZAMIENTO\MAIN.ASM 77 : Found opcode in column 1. (call)
Warning[203] E:\MPLAB_WORKSPAC\16F886\DESPLAZAMIENTO\MAIN.ASM 78 : Found opcode in column 1. (bcf)
Warning[203] E:\MPLAB_WORKSPAC\16F886\DESPLAZAMIENTO\MAIN.ASM 79 : Found opcode in column 1. (bsf)
Warning[206] E:\MPLAB_WORKSPAC\16F886\DESPLAZAMIENTO\MAIN.ASM 80 : Found call to macro in column 1. (Delay)
Warning[206] E:\MPLAB_WORKSPAC\16F886\DESPLAZAMIENTO\MAIN.ASM 82 : Found call to macro in column 1. (LOAD)
Warning[203] E:\MPLAB_WORKSPAC\16F886\DESPLAZAMIENTO\MAIN.ASM 83 : Found opcode in column 1. (movf)
Warning[203] E:\MPLAB_WORKSPAC\16F886\DESPLAZAMIENTO\MAIN.ASM 84 : Found opcode in column 1. (call)
Warning[203] E:\MPLAB_WORKSPAC\16F886\DESPLAZAMIENTO\MAIN.ASM 85 : Found opcode in column 1. (call)
Warning[203] E:\MPLAB_WORKSPAC\16F886\DESPLAZAMIENTO\MAIN.ASM 86 : Found opcode in column 1. (movf)
Warning[203] E:\MPLAB_WORKSPAC\16F886\DESPLAZAMIENTO\MAIN.ASM 87 : Found opcode in column 1. (call)
Warning[203] E:\MPLAB_WORKSPAC\16F886\DESPLAZAMIENTO\MAIN.ASM 88 : Found opcode in column 1. (call)
Warning[203] E:\MPLAB_WORKSPAC\16F886\DESPLAZAMIENTO\MAIN.ASM 89 : Found opcode in column 1. (bcf)
Warning[203] E:\MPLAB_WORKSPAC\16F886\DESPLAZAMIENTO\MAIN.ASM 90 : Found opcode in column 1. (bsf)
Warning[206] E:\MPLAB_WORKSPAC\16F886\DESPLAZAMIENTO\MAIN.ASM 91 : Found call to macro in column 1. (Delay)
Warning[203] E:\MPLAB_WORKSPAC\16F886\DESPLAZAMIENTO\MAIN.ASM 94 : Found opcode in column 1. (incf)
Message[305] E:\MPLAB_WORKSPAC\16F886\DESPLAZAMIENTO\MAIN.ASM 94 : Using default destination of 1 (file).
Warning[203] E:\MPLAB_WORKSPAC\16F886\DESPLAZAMIENTO\MAIN.ASM 95 : Found opcode in column 1. (movlw)
Warning[203] E:\MPLAB_WORKSPAC\16F886\DESPLAZAMIENTO\MAIN.ASM 96 : Found opcode in column 1. (bcf)
Warning[203] E:\MPLAB_WORKSPAC\16F886\DESPLAZAMIENTO\MAIN.ASM 97 : Found opcode in column 1. (xorwf)
Warning[203] E:\MPLAB_WORKSPAC\16F886\DESPLAZAMIENTO\MAIN.ASM 98 : Found opcode in column 1. (btfss)
Warning[203] E:\MPLAB_WORKSPAC\16F886\DESPLAZAMIENTO\MAIN.ASM 99 : Found opcode in column 1. (GOTO)
Warning[203] E:\MPLAB_WORKSPAC\16F886\DESPLAZAMIENTO\MAIN.ASM 100 : Found opcode in column 1. (clrf)
Warning[203] E:\MPLAB_WORKSPAC\16F886\DESPLAZAMIENTO\MAIN.ASM 102 : Found opcode in column 1. (movf)
Warning[203] E:\MPLAB_WORKSPAC\16F886\DESPLAZAMIENTO\MAIN.ASM 103 : Found opcode in column 1. (movwf)
Warning[203] E:\MPLAB_WORKSPAC\16F886\DESPLAZAMIENTO\MAIN.ASM 104 : Found opcode in column 1. (movf)
Warning[203] E:\MPLAB_WORKSPAC\16F886\DESPLAZAMIENTO\MAIN.ASM 105 : Found opcode in column 1. (movwf)
Warning[203] E:\MPLAB_WORKSPAC\16F886\DESPLAZAMIENTO\MAIN.ASM 106 : Found opcode in column 1. (movf)
Warning[203] E:\MPLAB_WORKSPAC\16F886\DESPLAZAMIENTO\MAIN.ASM 107 : Found opcode in column 1. (movwf)
Warning[203] E:\MPLAB_WORKSPAC\16F886\DESPLAZAMIENTO\MAIN.ASM 108 : Found opcode in column 1. (incf)
Message[305] E:\MPLAB_WORKSPAC\16F886\DESPLAZAMIENTO\MAIN.ASM 108 : Using default destination of 1 (file).
Warning[203] E:\MPLAB_WORKSPAC\16F886\DESPLAZAMIENTO\MAIN.ASM 110 : Found opcode in column 1. (movlw)
Warning[203] E:\MPLAB_WORKSPAC\16F886\DESPLAZAMIENTO\MAIN.ASM 111 : Found opcode in column 1. (bcf)
Warning[203] E:\MPLAB_WORKSPAC\16F886\DESPLAZAMIENTO\MAIN.ASM 112 : Found opcode in column 1. (xorwf)
Warning[203] E:\MPLAB_WORKSPAC\16F886\DESPLAZAMIENTO\MAIN.ASM 113 : Found opcode in column 1. (btfss)
Warning[203] E:\MPLAB_WORKSPAC\16F886\DESPLAZAMIENTO\MAIN.ASM 114 : Found opcode in column 1. (GOTO)
Warning[203] E:\MPLAB_WORKSPAC\16F886\DESPLAZAMIENTO\MAIN.ASM 115 : Found opcode in column 1. (clrf)
Warning[203] E:\MPLAB_WORKSPAC\16F886\DESPLAZAMIENTO\MAIN.ASM 117 : Found opcode in column 1. (GOTO)
Warning[203] E:\MPLAB_WORKSPAC\16F886\DESPLAZAMIENTO\MAIN.ASM 120 : Found opcode in column 1. (movwf)
Warning[203] E:\MPLAB_WORKSPAC\16F886\DESPLAZAMIENTO\MAIN.ASM 121 : Found opcode in column 1. (movlw)
Warning[203] E:\MPLAB_WORKSPAC\16F886\DESPLAZAMIENTO\MAIN.ASM 122 : Found opcode in column 1. (movwf)
Warning[203] E:\MPLAB_WORKSPAC\16F886\DESPLAZAMIENTO\MAIN.ASM 125 : Found opcode in column 1. (btfss)
Warning[203] E:\MPLAB_WORKSPAC\16F886\DESPLAZAMIENTO\MAIN.ASM 126 : Found opcode in column 1. (goto)
Warning[203] E:\MPLAB_WORKSPAC\16F886\DESPLAZAMIENTO\MAIN.ASM 127 : Found opcode in column 1. (bsf)
Warning[203] E:\MPLAB_WORKSPAC\16F886\DESPLAZAMIENTO\MAIN.ASM 128 : Found opcode in column 1. (goto)
Warning[203] E:\MPLAB_WORKSPAC\16F886\DESPLAZAMIENTO\MAIN.ASM 129 : Found opcode in column 1. (bcf)
Warning[203] E:\MPLAB_WORKSPAC\16F886\DESPLAZAMIENTO\MAIN.ASM 130 : Found opcode in column 1. (bcf)
Warning[203] E:\MPLAB_WORKSPAC\16F886\DESPLAZAMIENTO\MAIN.ASM 131 : Found opcode in column 1. (bsf)
Warning[203] E:\MPLAB_WORKSPAC\16F886\DESPLAZAMIENTO\MAIN.ASM 133 : Found opcode in column 1. (rlf)
Warning[203] E:\MPLAB_WORKSPAC\16F886\DESPLAZAMIENTO\MAIN.ASM 134 : Found opcode in column 1. (decfsz)
Warning[203] E:\MPLAB_WORKSPAC\16F886\DESPLAZAMIENTO\MAIN.ASM 135 : Found opcode in column 1. (goto)
Warning[203] E:\MPLAB_WORKSPAC\16F886\DESPLAZAMIENTO\MAIN.ASM 137 : Found opcode in column 1. (return)
Warning[203] E:\MPLAB_WORKSPAC\16F886\DESPLAZAMIENTO\MAIN.ASM 140 : Found opcode in column 1. (addwf)
Warning[203] E:\MPLAB_WORKSPAC\16F886\DESPLAZAMIENTO\MAIN.ASM 141 : Found opcode in column 1. (retlw)
Warning[203] E:\MPLAB_WORKSPAC\16F886\DESPLAZAMIENTO\MAIN.ASM 142 : Found opcode in column 1. (retlw)
Warning[203] E:\MPLAB_WORKSPAC\16F886\DESPLAZAMIENTO\MAIN.ASM 143 : Found opcode in column 1. (retlw)
Warning[203] E:\MPLAB_WORKSPAC\16F886\DESPLAZAMIENTO\MAIN.ASM 144 : Found opcode in column 1. (retlw)
Warning[203] E:\MPLAB_WORKSPAC\16F886\DESPLAZAMIENTO\MAIN.ASM 145 : Found opcode in column 1. (retlw)
Warning[203] E:\MPLAB_WORKSPAC\16F886\DESPLAZAMIENTO\MAIN.ASM 146 : Found opcode in column 1. (retlw)
Warning[203] E:\MPLAB_WORKSPAC\16F886\DESPLAZAMIENTO\MAIN.ASM 147 : Found opcode in column 1. (retlw)
Warning[203] E:\MPLAB_WORKSPAC\16F886\DESPLAZAMIENTO\MAIN.ASM 148 : Found opcode in column 1. (retlw)
Warning[203] E:\MPLAB_WORKSPAC\16F886\DESPLAZAMIENTO\MAIN.ASM 149 : Found opcode in column 1. (retlw)
Warning[203] E:\MPLAB_WORKSPAC\16F886\DESPLAZAMIENTO\MAIN.ASM 150 : Found opcode in column 1. (retlw)
Warning[203] E:\MPLAB_WORKSPAC\16F886\DESPLAZAMIENTO\MAIN.ASM 151 : Found opcode in column 1. (retlw)
Warning[203] E:\MPLAB_WORKSPAC\16F886\DESPLAZAMIENTO\MAIN.ASM 152 : Found opcode in column 1. (retlw)
Warning[203] E:\MPLAB_WORKSPAC\16F886\DESPLAZAMIENTO\MAIN.ASM 153 : Found opcode in column 1. (retlw)
Warning[203] E:\MPLAB_WORKSPAC\16F886\DESPLAZAMIENTO\MAIN.ASM 154 : Found opcode in column 1. (retlw)
Warning[203] E:\MPLAB_WORKSPAC\16F886\DESPLAZAMIENTO\MAIN.ASM 155 : Found opcode in column 1. (retlw)
Warning[203] E:\MPLAB_WORKSPAC\16F886\DESPLAZAMIENTO\MAIN.ASM 156 : Found opcode in column 1. (retlw)
Warning[203] E:\MPLAB_WORKSPAC\16F886\DESPLAZAMIENTO\MAIN.ASM 157 : Found opcode in column 1. (retlw)
Warning[203] E:\MPLAB_WORKSPAC\16F886\DESPLAZAMIENTO\MAIN.ASM 158 : Found opcode in column 1. (retlw)
Warning[203] E:\MPLAB_WORKSPAC\16F886\DESPLAZAMIENTO\MAIN.ASM 159 : Found opcode in column 1. (retlw)
Warning[203] E:\MPLAB_WORKSPAC\16F886\DESPLAZAMIENTO\MAIN.ASM 160 : Found opcode in column 1. (retlw)
Warning[203] E:\MPLAB_WORKSPAC\16F886\DESPLAZAMIENTO\MAIN.ASM 161 : Found opcode in column 1. (retlw)
Warning[203] E:\MPLAB_WORKSPAC\16F886\DESPLAZAMIENTO\MAIN.ASM 162 : Found opcode in column 1. (retlw)
Warning[203] E:\MPLAB_WORKSPAC\16F886\DESPLAZAMIENTO\MAIN.ASM 163 : Found opcode in column 1. (retlw)
Warning[203] E:\MPLAB_WORKSPAC\16F886\DESPLAZAMIENTO\MAIN.ASM 164 : Found opcode in column 1. (retlw)
Warning[203] E:\MPLAB_WORKSPAC\16F886\DESPLAZAMIENTO\MAIN.ASM 165 : Found opcode in column 1. (retlw)
Warning[203] E:\MPLAB_WORKSPAC\16F886\DESPLAZAMIENTO\MAIN.ASM 168 : Found opcode in column 1. (addwf)
Warning[203] E:\MPLAB_WORKSPAC\16F886\DESPLAZAMIENTO\MAIN.ASM 169 : Found opcode in column 1. (retlw)
Warning[203] E:\MPLAB_WORKSPAC\16F886\DESPLAZAMIENTO\MAIN.ASM 170 : Found opcode in column 1. (retlw)
Warning[203] E:\MPLAB_WORKSPAC\16F886\DESPLAZAMIENTO\MAIN.ASM 171 : Found opcode in column 1. (retlw)
Warning[203] E:\MPLAB_WORKSPAC\16F886\DESPLAZAMIENTO\MAIN.ASM 172 : Found opcode in column 1. (retlw)
Warning[203] E:\MPLAB_WORKSPAC\16F886\DESPLAZAMIENTO\MAIN.ASM 173 : Found opcode in column 1. (retlw)
Warning[203] E:\MPLAB_WORKSPAC\16F886\DESPLAZAMIENTO\MAIN.ASM 174 : Found opcode in column 1. (retlw)
Warning[203] E:\MPLAB_WORKSPAC\16F886\DESPLAZAMIENTO\MAIN.ASM 175 : Found opcode in column 1. (retlw)
Warning[203] E:\MPLAB_WORKSPAC\16F886\DESPLAZAMIENTO\MAIN.ASM 176 : Found opcode in column 1. (retlw)
Warning[203] E:\MPLAB_WORKSPAC\16F886\DESPLAZAMIENTO\MAIN.ASM 177 : Found opcode in column 1. (retlw)
Warning[203] E:\MPLAB_WORKSPAC\16F886\DESPLAZAMIENTO\MAIN.ASM 178 : Found opcode in column 1. (retlw)
Warning[203] E:\MPLAB_WORKSPAC\16F886\DESPLAZAMIENTO\MAIN.ASM 179 : Found opcode in column 1. (retlw)
Warning[203] E:\MPLAB_WORKSPAC\16F886\DESPLAZAMIENTO\MAIN.ASM 180 : Found opcode in column 1. (retlw)
Warning[203] E:\MPLAB_WORKSPAC\16F886\DESPLAZAMIENTO\MAIN.ASM 181 : Found opcode in column 1. (retlw)
Warning[203] E:\MPLAB_WORKSPAC\16F886\DESPLAZAMIENTO\MAIN.ASM 182 : Found opcode in column 1. (retlw)
Warning[203] E:\MPLAB_WORKSPAC\16F886\DESPLAZAMIENTO\MAIN.ASM 183 : Found opcode in column 1. (retlw)
Warning[203] E:\MPLAB_WORKSPAC\16F886\DESPLAZAMIENTO\MAIN.ASM 184 : Found opcode in column 1. (retlw)
Warning[203] E:\MPLAB_WORKSPAC\16F886\DESPLAZAMIENTO\MAIN.ASM 185 : Found opcode in column 1. (retlw)
Warning[203] E:\MPLAB_WORKSPAC\16F886\DESPLAZAMIENTO\MAIN.ASM 186 : Found opcode in column 1. (retlw)
Warning[203] E:\MPLAB_WORKSPAC\16F886\DESPLAZAMIENTO\MAIN.ASM 187 : Found opcode in column 1. (retlw)
Warning[203] E:\MPLAB_WORKSPAC\16F886\DESPLAZAMIENTO\MAIN.ASM 188 : Found opcode in column 1. (retlw)
Warning[203] E:\MPLAB_WORKSPAC\16F886\DESPLAZAMIENTO\MAIN.ASM 189 : Found opcode in column 1. (retlw)
Warning[203] E:\MPLAB_WORKSPAC\16F886\DESPLAZAMIENTO\MAIN.ASM 190 : Found opcode in column 1. (retlw)
Warning[203] E:\MPLAB_WORKSPAC\16F886\DESPLAZAMIENTO\MAIN.ASM 191 : Found opcode in column 1. (retlw)
Warning[203] E:\MPLAB_WORKSPAC\16F886\DESPLAZAMIENTO\MAIN.ASM 192 : Found opcode in column 1. (retlw)
Warning[203] E:\MPLAB_WORKSPAC\16F886\DESPLAZAMIENTO\MAIN.ASM 193 : Found opcode in column 1. (retlw)
Warning[203] E:\MPLAB_WORKSPAC\16F886\DESPLAZAMIENTO\MAIN.ASM 196 : Found opcode in column 1. (movwf)
Warning[206] E:\MPLAB_WORKSPAC\16F886\DESPLAZAMIENTO\MAIN.ASM 197 : Found call to macro in column 1. (LOAD)
Warning[203] E:\MPLAB_WORKSPAC\16F886\DESPLAZAMIENTO\MAIN.ASM 198 : Found opcode in column 1. (decfsz)
Warning[203] E:\MPLAB_WORKSPAC\16F886\DESPLAZAMIENTO\MAIN.ASM 199 : Found opcode in column 1. (goto)
Warning[203] E:\MPLAB_WORKSPAC\16F886\DESPLAZAMIENTO\MAIN.ASM 200 : Found opcode in column 1. (decfsz)
Warning[203] E:\MPLAB_WORKSPAC\16F886\DESPLAZAMIENTO\MAIN.ASM 201 : Found opcode in column 1. (goto)
Warning[203] E:\MPLAB_WORKSPAC\16F886\DESPLAZAMIENTO\MAIN.ASM 202 : Found opcode in column 1. (return)
Warning[205] E:\MPLAB_WORKSPAC\16F886\DESPLAZAMIENTO\MAIN.ASM 204 : Found directive in column 1. (END)
