MPASM  5.51                          MAIN.ASM   5-3-2018  0:26:42         PAGE  1


LOC  OBJECT CODE     LINE SOURCE TEXT
  VALUE

Warning[205]: Found directive in column 1. (LIST)
                      00001 LIST    P=16F886
                      00002 #include "p16f886.inc"
                      00001         LIST
                      00002 
                      00003 ;==========================================================================
                      00004 ;  MPASM PIC16F886 processor include
                      00005 ; 
                      00006 ;  (c) Copyright 1999-2013 Microchip Technology, All rights reserved
                      00007 ;==========================================================================
                      00008 
                      00778         LIST
                      00003 #include "Macros.inc"
                      00001 
                      00002 LOAD MACRO Reg,Val
                      00003         movlw Val
                      00004         movwf Reg
                      00005         ENDM
                      00006 
                      00007 
                      00008         
                      00009 Delay MACRO val
                      00010         LOAD C1,val
                      00011         LOAD C2,0xff    ; Iniciamos contador2 
                      00012         decfsz C2,1    ; Decrementa Contador2 y si es 0 sale.-     
                      00013         goto $-1       ; Si no es 0 repetimos ciclo.- 
                      00014         decfsz C1,1    ; Decrementa Contador1.- 
                      00015         goto $-4    ; Si no es cero repetimos ciclo.- 
                      00016         ENDM
                      00004 
                      00005 ; __config 0xE0F1
2007   20F1           00006  __CONFIG _CONFIG1, _FOSC_XT & _WDTE_OFF & _PWRTE_OFF & _MCLRE_ON & _CP_OFF & _CPD_OFF & _BOREN_OFF & _I
                            ESO_OFF & _FCMEN_OFF & _LVP_OFF
                      00007 ; CONFIG2
                      00008 ; __config 0xFFFF
2008   3FFF           00009  __CONFIG _CONFIG2, _BOR4V_BOR40V & _WRT_OFF
                      00010  
                      00011 #DEFINE SH PORTC,0
                      00012 #DEFINE DS PORTC,1
  00000010            00013 dogs         EQU .16 ; delay de multiplexado
  00000005            00014 velocidad        EQU .5 ; delay de fotograma   minimo 2
  00000009            00015 num_foto     EQU .9 
                      00016 #DEFINE ST PORTC,2
                      00017 
Warning[205]: Found directive in column 1. (CBLOCK)
                      00018 CBLOCK 0x20
  00000020            00019     C1,C2,CUENTA,dato,bit, i0,i1,i2,i3,delay,k
Warning[205]: Found directive in column 1. (ENDC)
                      00020 ENDC
                      00021 
Warning[205]: Found directive in column 1. (ORG)
                      00022 ORG  0X00  
Warning[203]: Found opcode in column 1. (GOTO)
MPASM  5.51                          MAIN.ASM   5-3-2018  0:26:42         PAGE  2


LOC  OBJECT CODE     LINE SOURCE TEXT
  VALUE

0000   2???           00023 GOTO  INICIO 
Warning[205]: Found directive in column 1. (ORG)
                      00024 ORG  0X05   
                      00025 
                      00026     
0005                  00027 INICIO
Warning[205]: Found directive in column 1. (BANKSEL)
0005   1683 1303      00028 BANKSEL TRISA
                      00029 
Warning[203]: Found opcode in column 1. (CLRF)
Message[302]: Register in operand not in bank 0.  Ensure that bank bits are correct.
0007   0185           00030 CLRF TRISA 
Warning[203]: Found opcode in column 1. (CLRF)
Message[302]: Register in operand not in bank 0.  Ensure that bank bits are correct.
0008   0187           00031 CLRF TRISC
Warning[203]: Found opcode in column 1. (CLRF)
Message[302]: Register in operand not in bank 0.  Ensure that bank bits are correct.
0009   0186           00032 CLRF TRISB
Warning[205]: Found directive in column 1. (BANKSEL)
000A   1683 1703      00033 BANKSEL ANSEL
Warning[203]: Found opcode in column 1. (CLRF)
Message[302]: Register in operand not in bank 0.  Ensure that bank bits are correct.
000C   0188           00034 CLRF ANSEL
Warning[203]: Found opcode in column 1. (CLRF)
Message[302]: Register in operand not in bank 0.  Ensure that bank bits are correct.
000D   0189           00035 CLRF ANSELH
Warning[205]: Found directive in column 1. (BANKSEL)
000E   1283 1303      00036 BANKSEL PORTA
Warning[203]: Found opcode in column 1. (CLRF)
0010   0187           00037 CLRF PORTC
Warning[203]: Found opcode in column 1. (CLRF)
0011   0186           00038 CLRF PORTB
Warning[203]: Found opcode in column 1. (CLRF)
0012   0185           00039 CLRF PORTA
                      00040 
Warning[203]: Found opcode in column 1. (clrf)
0013   01A9           00041 clrf delay
Warning[203]: Found opcode in column 1. (clrf)
0014   01A5           00042 clrf i0
Warning[203]: Found opcode in column 1. (clrf)
0015   01A6           00043 clrf i1
Warning[203]: Found opcode in column 1. (clrf)
0016   01A7           00044 clrf i2
Warning[203]: Found opcode in column 1. (clrf)
0017   01A8           00045 clrf i3
                      00046     
0018                  00047 BUCLE 
                      00048 
Warning[206]: Found call to macro in column 1. (LOAD)
                      00049 LOAD PORTB,0xE0
0018   30E0               M         movlw 0xE0
0019   0086               M         movwf PORTB
Warning[203]: Found opcode in column 1. (movf)
MPASM  5.51                          MAIN.ASM   5-3-2018  0:26:42         PAGE  3


LOC  OBJECT CODE     LINE SOURCE TEXT
  VALUE

001A   0825           00050 movf i0,0
Warning[203]: Found opcode in column 1. (call)
001B   2???           00051 call tabla1  
Warning[203]: Found opcode in column 1. (call)
001C   2???           00052 call Envia
Warning[203]: Found opcode in column 1. (movf)
001D   0825           00053 movf i0,0
Warning[203]: Found opcode in column 1. (call)
001E   2???           00054 call tabla2  
Warning[203]: Found opcode in column 1. (call)
001F   2???           00055 call Envia
Warning[203]: Found opcode in column 1. (bcf)
0020   1107           00056 bcf ST
Warning[203]: Found opcode in column 1. (bsf)
0021   1507           00057 bsf ST
Warning[206]: Found call to macro in column 1. (Delay)
                      00058 Delay dogs   
                          M         LOAD C1,dogs
0022   3010               M         movlw dogs
0023   00A0               M         movwf C1
                          M         LOAD C2,0xff    ; Iniciamos contador2 
0024   30FF               M         movlw 0xff
0025   00A1               M         movwf C2
0026   0BA1               M         decfsz C2,1    ; Decrementa Contador2 y si es 0 sale.-     
0027   2???               M         goto $-1       ; Si no es 0 repetimos ciclo.- 
0028   0BA0               M         decfsz C1,1    ; Decrementa Contador1.- 
0029   2???               M         goto $-4    ; Si no es cero repetimos ciclo.- 
                      00059 
Warning[206]: Found call to macro in column 1. (LOAD)
                      00060 LOAD PORTB,0xD0
002A   30D0               M         movlw 0xD0
002B   0086               M         movwf PORTB
Warning[203]: Found opcode in column 1. (movf)
002C   0826           00061 movf i1,0
Warning[203]: Found opcode in column 1. (call)
002D   2???           00062 call tabla1  
Warning[203]: Found opcode in column 1. (call)
002E   2???           00063 call Envia
Warning[203]: Found opcode in column 1. (movf)
002F   0826           00064 movf i1,0
Warning[203]: Found opcode in column 1. (call)
0030   2???           00065 call tabla2  
Warning[203]: Found opcode in column 1. (call)
0031   2???           00066 call Envia
Warning[203]: Found opcode in column 1. (bcf)
0032   1107           00067 bcf ST
Warning[203]: Found opcode in column 1. (bsf)
0033   1507           00068 bsf ST
Warning[206]: Found call to macro in column 1. (Delay)
                      00069 Delay dogs  
                          M         LOAD C1,dogs
0034   3010               M         movlw dogs
0035   00A0               M         movwf C1
MPASM  5.51                          MAIN.ASM   5-3-2018  0:26:42         PAGE  4


LOC  OBJECT CODE     LINE SOURCE TEXT
  VALUE

                          M         LOAD C2,0xff    ; Iniciamos contador2 
0036   30FF               M         movlw 0xff
0037   00A1               M         movwf C2
0038   0BA1               M         decfsz C2,1    ; Decrementa Contador2 y si es 0 sale.-     
0039   2???               M         goto $-1       ; Si no es 0 repetimos ciclo.- 
003A   0BA0               M         decfsz C1,1    ; Decrementa Contador1.- 
003B   2???               M         goto $-4    ; Si no es cero repetimos ciclo.- 
                      00070 
Warning[206]: Found call to macro in column 1. (LOAD)
                      00071 LOAD PORTB,0xB0
003C   30B0               M         movlw 0xB0
003D   0086               M         movwf PORTB
Warning[203]: Found opcode in column 1. (movf)
003E   0827           00072 movf i2,0
Warning[203]: Found opcode in column 1. (call)
003F   2???           00073 call tabla1  
Warning[203]: Found opcode in column 1. (call)
0040   2???           00074 call Envia
Warning[203]: Found opcode in column 1. (movf)
0041   0827           00075 movf i2,0
Warning[203]: Found opcode in column 1. (call)
0042   2???           00076 call tabla2  
Warning[203]: Found opcode in column 1. (call)
0043   2???           00077 call Envia
Warning[203]: Found opcode in column 1. (bcf)
0044   1107           00078 bcf ST
Warning[203]: Found opcode in column 1. (bsf)
0045   1507           00079 bsf ST
Warning[206]: Found call to macro in column 1. (Delay)
                      00080 Delay dogs   
                          M         LOAD C1,dogs
0046   3010               M         movlw dogs
0047   00A0               M         movwf C1
                          M         LOAD C2,0xff    ; Iniciamos contador2 
0048   30FF               M         movlw 0xff
0049   00A1               M         movwf C2
004A   0BA1               M         decfsz C2,1    ; Decrementa Contador2 y si es 0 sale.-     
004B   2???               M         goto $-1       ; Si no es 0 repetimos ciclo.- 
004C   0BA0               M         decfsz C1,1    ; Decrementa Contador1.- 
004D   2???               M         goto $-4    ; Si no es cero repetimos ciclo.- 
                      00081 
Warning[206]: Found call to macro in column 1. (LOAD)
                      00082 LOAD PORTB,0x70
004E   3070               M         movlw 0x70
004F   0086               M         movwf PORTB
Warning[203]: Found opcode in column 1. (movf)
0050   0828           00083 movf i3,0
Warning[203]: Found opcode in column 1. (call)
0051   2???           00084 call tabla1  
Warning[203]: Found opcode in column 1. (call)
0052   2???           00085 call Envia
Warning[203]: Found opcode in column 1. (movf)
0053   0828           00086 movf i3,0
MPASM  5.51                          MAIN.ASM   5-3-2018  0:26:42         PAGE  5


LOC  OBJECT CODE     LINE SOURCE TEXT
  VALUE

Warning[203]: Found opcode in column 1. (call)
0054   2???           00087 call tabla2  
Warning[203]: Found opcode in column 1. (call)
0055   2???           00088 call Envia
Warning[203]: Found opcode in column 1. (bcf)
0056   1107           00089 bcf ST
Warning[203]: Found opcode in column 1. (bsf)
0057   1507           00090 bsf ST
Warning[206]: Found call to macro in column 1. (Delay)
                      00091 Delay dogs  
                          M         LOAD C1,dogs
0058   3010               M         movlw dogs
0059   00A0               M         movwf C1
                          M         LOAD C2,0xff    ; Iniciamos contador2 
005A   30FF               M         movlw 0xff
005B   00A1               M         movwf C2
005C   0BA1               M         decfsz C2,1    ; Decrementa Contador2 y si es 0 sale.-     
005D   2???               M         goto $-1       ; Si no es 0 repetimos ciclo.- 
005E   0BA0               M         decfsz C1,1    ; Decrementa Contador1.- 
005F   2???               M         goto $-4    ; Si no es cero repetimos ciclo.- 
                      00092 
                      00093 
Warning[203]: Found opcode in column 1. (incf)
Message[305]: Using default destination of 1 (file).
0060   0AA9           00094 incf delay
Warning[203]: Found opcode in column 1. (movlw)
0061   3005           00095 movlw velocidad
Warning[203]: Found opcode in column 1. (bcf)
0062   1103           00096 bcf STATUS,Z
Warning[203]: Found opcode in column 1. (xorwf)
0063   0629           00097 xorwf delay,0
Warning[203]: Found opcode in column 1. (btfss)
0064   1D03           00098 btfss STATUS,Z
Warning[203]: Found opcode in column 1. (GOTO)
0065   2???           00099 GOTO BUCLE
Warning[203]: Found opcode in column 1. (clrf)
0066   01A9           00100 clrf delay
                      00101 
Warning[203]: Found opcode in column 1. (movf)
0067   0827           00102 movf i2,0
Warning[203]: Found opcode in column 1. (movwf)
0068   00A8           00103 movwf i3
Warning[203]: Found opcode in column 1. (movf)
0069   0826           00104 movf i1,0
Warning[203]: Found opcode in column 1. (movwf)
006A   00A7           00105 movwf i2
Warning[203]: Found opcode in column 1. (movf)
006B   0825           00106 movf i0,0
Warning[203]: Found opcode in column 1. (movwf)
006C   00A6           00107 movwf i1
Warning[203]: Found opcode in column 1. (incf)
Message[305]: Using default destination of 1 (file).
006D   0AA5           00108 incf i0
MPASM  5.51                          MAIN.ASM   5-3-2018  0:26:42         PAGE  6


LOC  OBJECT CODE     LINE SOURCE TEXT
  VALUE

                      00109 
Warning[203]: Found opcode in column 1. (movlw)
006E   3009           00110 movlw num_foto          ;numero de fotogramas + 1
Warning[203]: Found opcode in column 1. (bcf)
006F   1103           00111 bcf STATUS,Z
Warning[203]: Found opcode in column 1. (xorwf)
0070   0625           00112 xorwf i0,0
Warning[203]: Found opcode in column 1. (btfss)
0071   1D03           00113 btfss STATUS,Z
Warning[203]: Found opcode in column 1. (GOTO)
0072   2???           00114 GOTO BUCLE
Warning[203]: Found opcode in column 1. (clrf)
0073   01A5           00115 clrf i0
                      00116 
Warning[203]: Found opcode in column 1. (GOTO)
0074   2???           00117 GOTO BUCLE  
                      00118 
0075                  00119 Envia
Warning[203]: Found opcode in column 1. (movwf)
0075   00A3           00120 movwf dato
Warning[203]: Found opcode in column 1. (movlw)
0076   3008           00121 movlw d'8'      ; Número de bits a transmitir.
Warning[203]: Found opcode in column 1. (movwf)
0077   00A4           00122 movwf bit
                      00123         
0078                  00124 EnviaBit              ; Comienza a enviar datos.
Warning[203]: Found opcode in column 1. (btfss)
0078   1FA3           00125 btfss dato,7  ; ¿Es un "1" el bit a transmitir?
Warning[203]: Found opcode in column 1. (goto)
0079   2???           00126 goto $+3
Warning[203]: Found opcode in column 1. (bsf)
007A   1487           00127 bsf DS    ; Si, Transmite un "1".
Warning[203]: Found opcode in column 1. (goto)
007B   2???           00128 goto $+2
Warning[203]: Found opcode in column 1. (bcf)
007C   1087           00129 bcf DS    ; No, pues envía un "0".
Warning[203]: Found opcode in column 1. (bcf)
007D   1007           00130 bcf SH  ; Clock=0.
Warning[203]: Found opcode in column 1. (bsf)
007E   1407           00131 bsf SH  ; Clock=1.
                      00132 
Warning[203]: Found opcode in column 1. (rlf)
007F   0DA3           00133 rlf dato,1  ; Rota para envia siguiente bit.-
Warning[203]: Found opcode in column 1. (decfsz)
0080   0BA4           00134 decfsz bit,1    ; Comprueba si es el último bit. 7,6,5,4,3,2,1,0
Warning[203]: Found opcode in column 1. (goto)
0081   2???           00135 goto EnviaBit    ; No es el último bit repite la operación.    
                      00136 
Warning[203]: Found opcode in column 1. (return)
0082   0008           00137 return  
                      00138 
0083                  00139 tabla1 
Warning[203]: Found opcode in column 1. (addwf)
MPASM  5.51                          MAIN.ASM   5-3-2018  0:26:42         PAGE  7


LOC  OBJECT CODE     LINE SOURCE TEXT
  VALUE

0083   0782           00140 addwf PCL,1
Warning[203]: Found opcode in column 1. (retlw)
0084   3400           00141 retlw 0x00 ;NULL
Warning[203]: Found opcode in column 1. (retlw)
0085   3400           00142 retlw 0x00 ;C
Warning[203]: Found opcode in column 1. (retlw)
0086   3400           00143 retlw 0x00 ;L
Warning[203]: Found opcode in column 1. (retlw)
0087   3422           00144 retlw 0x22 ;A
Warning[203]: Found opcode in column 1. (retlw)
0088   3400           00145 retlw 0X00 ;U
Warning[203]: Found opcode in column 1. (retlw)
0089   3408           00146 retlw 0X08 ;D
Warning[203]: Found opcode in column 1. (retlw)
008A   3408           00147 retlw 0X08 ;I
Warning[203]: Found opcode in column 1. (retlw)
008B   3400           00148 retlw 0X00 ;O
Warning[203]: Found opcode in column 1. (retlw)
008C   3400           00149 retlw 0x00 ;NULL
Warning[203]: Found opcode in column 1. (retlw)
008D   3408           00150 retlw 0X08 ;D
Warning[203]: Found opcode in column 1. (retlw)
008E   3422           00151 retlw 0X22 ;E
Warning[203]: Found opcode in column 1. (retlw)
008F   3400           00152 retlw 0x00 ;L
Warning[203]: Found opcode in column 1. (retlw)
0090   3400           00153 retlw 0x00 ;NULL
Warning[203]: Found opcode in column 1. (retlw)
0091   3400           00154 retlw 0x00 ;C
Warning[203]: Found opcode in column 1. (retlw)
0092   3422           00155 retlw 0x22 ;A
Warning[203]: Found opcode in column 1. (retlw)
0093   3422           00156 retlw 0X22 ;S
Warning[203]: Found opcode in column 1. (retlw)
0094   3408           00157 retlw 0X08 ;T
Warning[203]: Found opcode in column 1. (retlw)
0095   3408           00158 retlw 0X08 ;I
Warning[203]: Found opcode in column 1. (retlw)
0096   3400           00159 retlw 0x00 ;L
Warning[203]: Found opcode in column 1. (retlw)
0097   3400           00160 retlw 0x00 ;L
Warning[203]: Found opcode in column 1. (retlw)
0098   3400           00161 retlw 0X00 ;O
Warning[203]: Found opcode in column 1. (retlw)
0099   3400           00162 retlw 0x00 ;NULL 0x0A
Warning[203]: Found opcode in column 1. (retlw)
009A   3400           00163 retlw 0x00 ;NULL 0x0A
Warning[203]: Found opcode in column 1. (retlw)
009B   3400           00164 retlw 0x00 ;NULL 0x0A
Warning[203]: Found opcode in column 1. (retlw)
009C   3400           00165 retlw 0x00 ;NULL 0x0A
                      00166 
009D                  00167 tabla2
MPASM  5.51                          MAIN.ASM   5-3-2018  0:26:42         PAGE  8


LOC  OBJECT CODE     LINE SOURCE TEXT
  VALUE

Warning[203]: Found opcode in column 1. (addwf)
009D   0782           00168 addwf PCL,1
Warning[203]: Found opcode in column 1. (retlw)
009E   3400           00169 retlw 0x00 ;NULL
Warning[203]: Found opcode in column 1. (retlw)
009F   3439           00170 retlw 0x39;C
Warning[203]: Found opcode in column 1. (retlw)
00A0   3438           00171 retlw 0x38;L
Warning[203]: Found opcode in column 1. (retlw)
00A1   3437           00172 retlw 0x37;A
Warning[203]: Found opcode in column 1. (retlw)
00A2   343E           00173 retlw 0x3E;U
Warning[203]: Found opcode in column 1. (retlw)
00A3   348F           00174 retlw 0x8F;D
Warning[203]: Found opcode in column 1. (retlw)
00A4   3489           00175 retlw 0x89;I
Warning[203]: Found opcode in column 1. (retlw)
00A5   343F           00176 retlw 0x3F;O
Warning[203]: Found opcode in column 1. (retlw)
00A6   3400           00177 retlw 0x00;NULL
Warning[203]: Found opcode in column 1. (retlw)
00A7   348F           00178 retlw 0x8F;D
Warning[203]: Found opcode in column 1. (retlw)
00A8   3439           00179 retlw 0x39;E
Warning[203]: Found opcode in column 1. (retlw)
00A9   3438           00180 retlw 0x38;L
Warning[203]: Found opcode in column 1. (retlw)
00AA   3400           00181 retlw 0x00;NULL
Warning[203]: Found opcode in column 1. (retlw)
00AB   3439           00182 retlw 0x39;C
Warning[203]: Found opcode in column 1. (retlw)
00AC   3437           00183 retlw 0x37;A
Warning[203]: Found opcode in column 1. (retlw)
00AD   342D           00184 retlw 0x2D;S
Warning[203]: Found opcode in column 1. (retlw)
00AE   3481           00185 retlw 0x81;T
Warning[203]: Found opcode in column 1. (retlw)
00AF   3489           00186 retlw 0x89;I
Warning[203]: Found opcode in column 1. (retlw)
00B0   3438           00187 retlw 0x38;L
Warning[203]: Found opcode in column 1. (retlw)
00B1   3438           00188 retlw 0x38;L
Warning[203]: Found opcode in column 1. (retlw)
00B2   343F           00189 retlw 0x3F;O
Warning[203]: Found opcode in column 1. (retlw)
00B3   3400           00190 retlw 0x00;NULL
Warning[203]: Found opcode in column 1. (retlw)
00B4   3400           00191 retlw 0x00;NULL
Warning[203]: Found opcode in column 1. (retlw)
00B5   3400           00192 retlw 0x00;NULL
Warning[203]: Found opcode in column 1. (retlw)
00B6   3400           00193 retlw 0x00;NULL
                      00194 
MPASM  5.51                          MAIN.ASM   5-3-2018  0:26:42         PAGE  9


LOC  OBJECT CODE     LINE SOURCE TEXT
  VALUE

00B7                  00195 tiempo 
Warning[203]: Found opcode in column 1. (movwf)
00B7   00A0           00196 movwf C1
Warning[206]: Found call to macro in column 1. (LOAD)
                      00197 LOAD C2,0xff    ; Iniciamos contador2 
00B8   30FF               M         movlw 0xff
00B9   00A1               M         movwf C2
Warning[203]: Found opcode in column 1. (decfsz)
00BA   0BA1           00198 decfsz C2,1    ; Decrementa Contador2 y si es 0 sale.-     
Warning[203]: Found opcode in column 1. (goto)
00BB   2???           00199 goto $-1       ; Si no es 0 repetimos ciclo.- 
Warning[203]: Found opcode in column 1. (decfsz)
00BC   0BA0           00200 decfsz C1,1    ; Decrementa Contador1.- 
Warning[203]: Found opcode in column 1. (goto)
00BD   2???           00201 goto $-4    ; Si no es cero repetimos ciclo.- 
Warning[203]: Found opcode in column 1. (return)
00BE   0008           00202 return
                      00203 
Warning[205]: Found directive in column 1. (END)
20F1 3FFF             00204 END
MPASM  5.51                          MAIN.ASM   5-3-2018  0:26:42         PAGE 10


SYMBOL TABLE
  LABEL                             VALUE 

ABDEN                             00000000
ABDOVF                            00000007
ACKDT                             00000005
ACKEN                             00000004
ACKSTAT                           00000006
ADCON0                            0000001F
ADCON1                            0000009F
ADCS0                             00000006
ADCS1                             00000007
ADDEN                             00000003
ADFM                              00000007
ADIE                              00000006
ADIF                              00000006
ADON                              00000000
ADRESH                            0000001E
ADRESL                            0000009E
ANS0                              00000000
ANS1                              00000001
ANS10                             00000002
ANS11                             00000003
ANS12                             00000004
ANS13                             00000005
ANS2                              00000002
ANS3                              00000003
ANS4                              00000004
ANS8                              00000000
ANS9                              00000001
ANSEL                             00000188
ANSELH                            00000189
BAUDCTL                           00000187
BCLIE                             00000003
BCLIF                             00000003
BF                                00000000
BRG0                              00000000
BRG1                              00000001
BRG10                             00000002
BRG11                             00000003
BRG12                             00000004
BRG13                             00000005
BRG14                             00000006
BRG15                             00000007
BRG16                             00000003
BRG2                              00000002
BRG3                              00000003
BRG4                              00000004
BRG5                              00000005
BRG6                              00000006
BRG7                              00000007
BRG8                              00000000
BRG9                              00000001
BRGH                              00000002
BUCLE                             00000018
C                                 00000000
MPASM  5.51                          MAIN.ASM   5-3-2018  0:26:42         PAGE 11


SYMBOL TABLE
  LABEL                             VALUE 

C1                                00000020
C1CH0                             00000000
C1CH1                             00000001
C1IE                              00000005
C1IF                              00000005
C1OE                              00000005
C1ON                              00000007
C1OUT                             00000006
C1POL                             00000004
C1R                               00000002
C1RSEL                            00000005
C1SEN                             00000005
C2                                00000021
C2CH0                             00000000
C2CH1                             00000001
C2IE                              00000006
C2IF                              00000006
C2OE                              00000005
C2ON                              00000007
C2OUT                             00000006
C2POL                             00000004
C2R                               00000002
C2REN                             00000004
C2RSEL                            00000004
C2SYNC                            00000000
CCP1CON                           00000017
CCP1IE                            00000002
CCP1IF                            00000002
CCP1M0                            00000000
CCP1M1                            00000001
CCP1M2                            00000002
CCP1M3                            00000003
CCP1X                             00000005
CCP1Y                             00000004
CCP2CON                           0000001D
CCP2IE                            00000000
CCP2IF                            00000000
CCP2M0                            00000000
CCP2M1                            00000001
CCP2M2                            00000002
CCP2M3                            00000003
CCP2X                             00000005
CCP2Y                             00000004
CCPR1                             00000015
CCPR1H                            00000016
CCPR1L                            00000015
CCPR2                             0000001B
CCPR2H                            0000001C
CCPR2L                            0000001B
CHS0                              00000002
CHS1                              00000003
CHS2                              00000004
CHS3                              00000005
MPASM  5.51                          MAIN.ASM   5-3-2018  0:26:42         PAGE 12


SYMBOL TABLE
  LABEL                             VALUE 

CKE                               00000006
CKP                               00000004
CM1CON0                           00000107
CM2CON0                           00000108
CM2CON1                           00000109
CREN                              00000004
CSRC                              00000007
CUENTA                            00000022
D                                 00000005
DATA_ADDRESS                      00000005
DC                                00000001
DC1B0                             00000004
DC1B1                             00000005
DC2B0                             00000004
DC2B1                             00000005
DS                                PORTC,1
D_A                               00000005
D_NOT_A                           00000005
Delay                             
ECCPAS                            0000009C
ECCPAS0                           00000004
ECCPAS1                           00000005
ECCPAS2                           00000006
ECCPASE                           00000007
EEADR                             0000010D
EEADRH                            0000010F
EECON1                            0000018C
EECON2                            0000018D
EEDAT                             0000010C
EEDATA                            0000010C
EEDATH                            0000010E
EEIE                              00000004
EEIF                              00000004
EEPGD                             00000007
Envia                             00000075
EnviaBit                          00000078
F                                 00000001
FERR                              00000002
FSR                               00000004
FVREN                             00000000
GCEN                              00000007
GIE                               00000007
GO                                00000001
GO_DONE                           00000001
GO_NOT_DONE                       00000001
HTS                               00000002
I2C_DATA                          00000005
I2C_READ                          00000002
I2C_START                         00000003
I2C_STOP                          00000004
INDF                              00000000
INICIO                            00000005
INTCON                            0000000B
MPASM  5.51                          MAIN.ASM   5-3-2018  0:26:42         PAGE 13


SYMBOL TABLE
  LABEL                             VALUE 

INTE                              00000004
INTEDG                            00000006
INTF                              00000001
IOCB                              00000096
IOCB0                             00000000
IOCB1                             00000001
IOCB2                             00000002
IOCB3                             00000003
IOCB4                             00000004
IOCB5                             00000005
IOCB6                             00000006
IOCB7                             00000007
IRCF0                             00000004
IRCF1                             00000005
IRCF2                             00000006
IRP                               00000007
LOAD                              
LTS                               00000001
MC1OUT                            00000007
MC2OUT                            00000006
MSK                               00000093
MSK0                              00000000
MSK1                              00000001
MSK2                              00000002
MSK3                              00000003
MSK4                              00000004
MSK5                              00000005
MSK6                              00000006
MSK7                              00000007
NOT_A                             00000005
NOT_ADDRESS                       00000005
NOT_BO                            00000000
NOT_BOR                           00000000
NOT_DONE                          00000001
NOT_PD                            00000003
NOT_POR                           00000001
NOT_RBPU                          00000007
NOT_RC8                           00000006
NOT_T1SYNC                        00000002
NOT_TO                            00000004
NOT_TX8                           00000006
NOT_W                             00000002
NOT_WRITE                         00000002
OERR                              00000001
OPTION_REG                        00000081
OSCCON                            0000008F
OSCTUNE                           00000090
OSFIE                             00000007
OSFIF                             00000007
OSTS                              00000003
P                                 00000004
P1M0                              00000006
P1M1                              00000007
MPASM  5.51                          MAIN.ASM   5-3-2018  0:26:42         PAGE 14


SYMBOL TABLE
  LABEL                             VALUE 

PCL                               00000002
PCLATH                            0000000A
PCON                              0000008E
PDC0                              00000000
PDC1                              00000001
PDC2                              00000002
PDC3                              00000003
PDC4                              00000004
PDC5                              00000005
PDC6                              00000006
PEIE                              00000006
PEN                               00000002
PIE1                              0000008C
PIE2                              0000008D
PIR1                              0000000C
PIR2                              0000000D
PORTA                             00000005
PORTB                             00000006
PORTC                             00000007
PORTE                             00000009
PR2                               00000092
PRSEN                             00000007
PS0                               00000000
PS1                               00000001
PS2                               00000002
PSA                               00000003
PSSAC0                            00000002
PSSAC1                            00000003
PSSBD0                            00000000
PSSBD1                            00000001
PSTRCON                           0000009D
PULSR                             00000002
PULSS                             00000003
PWM1CON                           0000009B
R                                 00000002
RA0                               00000000
RA1                               00000001
RA2                               00000002
RA3                               00000003
RA4                               00000004
RA5                               00000005
RA6                               00000006
RA7                               00000007
RB0                               00000000
RB1                               00000001
RB2                               00000002
RB3                               00000003
RB4                               00000004
RB5                               00000005
RB6                               00000006
RB7                               00000007
RBIE                              00000003
RBIF                              00000000
MPASM  5.51                          MAIN.ASM   5-3-2018  0:26:42         PAGE 15


SYMBOL TABLE
  LABEL                             VALUE 

RC0                               00000000
RC1                               00000001
RC2                               00000002
RC3                               00000003
RC4                               00000004
RC5                               00000005
RC6                               00000006
RC7                               00000007
RC8_9                             00000006
RC9                               00000006
RCD8                              00000000
RCEN                              00000003
RCIDL                             00000006
RCIE                              00000005
RCIF                              00000005
RCREG                             0000001A
RCSTA                             00000018
RD                                00000000
RE3                               00000003
READ_WRITE                        00000002
RP0                               00000005
RP1                               00000006
RSEN                              00000001
RX9                               00000006
RX9D                              00000000
R_NOT_W                           00000002
R_W                               00000002
S                                 00000003
SBOREN                            00000004
SCKP                              00000004
SCS                               00000000
SEN                               00000000
SENDB                             00000003
SH                                PORTC,0
SMP                               00000007
SPBRG                             00000099
SPBRGH                            0000009A
SPEN                              00000007
SR0                               00000006
SR1                               00000007
SRCON                             00000185
SREN                              00000005
SSPADD                            00000093
SSPBUF                            00000013
SSPCON                            00000014
SSPCON2                           00000091
SSPEN                             00000005
SSPIE                             00000003
SSPIF                             00000003
SSPM0                             00000000
SSPM1                             00000001
SSPM2                             00000002
SSPM3                             00000003
MPASM  5.51                          MAIN.ASM   5-3-2018  0:26:42         PAGE 16


SYMBOL TABLE
  LABEL                             VALUE 

SSPMSK                            00000093
SSPOV                             00000006
SSPSTAT                           00000094
ST                                PORTC,2
STATUS                            00000003
STRA                              00000000
STRB                              00000001
STRC                              00000002
STRD                              00000003
STRSYNC                           00000004
SWDTEN                            00000000
SYNC                              00000004
T0CS                              00000005
T0IE                              00000005
T0IF                              00000002
T0SE                              00000004
T1CKPS0                           00000004
T1CKPS1                           00000005
T1CON                             00000010
T1GINV                            00000007
T1GIV                             00000007
T1GSS                             00000001
T1INSYNC                          00000002
T1OSCEN                           00000003
T1SYNC                            00000002
T2CKPS0                           00000000
T2CKPS1                           00000001
T2CON                             00000012
TMR0                              00000001
TMR0IE                            00000005
TMR0IF                            00000002
TMR1                              0000000E
TMR1CS                            00000001
TMR1GE                            00000006
TMR1H                             0000000F
TMR1IE                            00000000
TMR1IF                            00000000
TMR1L                             0000000E
TMR1ON                            00000000
TMR2                              00000011
TMR2IE                            00000001
TMR2IF                            00000001
TMR2ON                            00000002
TOUTPS0                           00000003
TOUTPS1                           00000004
TOUTPS2                           00000005
TOUTPS3                           00000006
TRISA                             00000085
TRISA0                            00000000
TRISA1                            00000001
TRISA2                            00000002
TRISA3                            00000003
TRISA4                            00000004
MPASM  5.51                          MAIN.ASM   5-3-2018  0:26:42         PAGE 17


SYMBOL TABLE
  LABEL                             VALUE 

TRISA5                            00000005
TRISA6                            00000006
TRISA7                            00000007
TRISB                             00000086
TRISB0                            00000000
TRISB1                            00000001
TRISB2                            00000002
TRISB3                            00000003
TRISB4                            00000004
TRISB5                            00000005
TRISB6                            00000006
TRISB7                            00000007
TRISC                             00000087
TRISC0                            00000000
TRISC1                            00000001
TRISC2                            00000002
TRISC3                            00000003
TRISC4                            00000004
TRISC5                            00000005
TRISC6                            00000006
TRISC7                            00000007
TRISE                             00000089
TRISE3                            00000003
TRMT                              00000001
TUN0                              00000000
TUN1                              00000001
TUN2                              00000002
TUN3                              00000003
TUN4                              00000004
TX8_9                             00000006
TX9                               00000006
TX9D                              00000000
TXD8                              00000000
TXEN                              00000005
TXIE                              00000004
TXIF                              00000004
TXREG                             00000019
TXSTA                             00000098
UA                                00000001
ULPWUE                            00000005
ULPWUIE                           00000002
ULPWUIF                           00000002
VCFG0                             00000004
VCFG1                             00000005
VR0                               00000000
VR1                               00000001
VR2                               00000002
VR3                               00000003
VRCON                             00000097
VREN                              00000007
VROE                              00000006
VRR                               00000005
VRSS                              00000004
MPASM  5.51                          MAIN.ASM   5-3-2018  0:26:42         PAGE 18


SYMBOL TABLE
  LABEL                             VALUE 

W                                 00000000
WCOL                              00000007
WDTCON                            00000105
WDTPS0                            00000001
WDTPS1                            00000002
WDTPS2                            00000003
WDTPS3                            00000004
WPUB                              00000095
WPUB0                             00000000
WPUB1                             00000001
WPUB2                             00000002
WPUB3                             00000003
WPUB4                             00000004
WPUB5                             00000005
WPUB6                             00000006
WPUB7                             00000007
WR                                00000001
WREN                              00000002
WRERR                             00000003
WUE                               00000001
Z                                 00000002
_.org_1_0027                      00000027
_.org_1_0029                      00000029
_.org_1_0039                      00000039
_.org_1_003B                      0000003B
_.org_1_004B                      0000004B
_.org_1_004D                      0000004D
_.org_1_005D                      0000005D
_.org_1_005F                      0000005F
_.org_1_0079                      00000079
_.org_1_007B                      0000007B
_.org_1_00BB                      000000BB
_.org_1_00BD                      000000BD
_BOR21V                           00003EFF
_BOR40V                           00003FFF
_BOR4V_BOR21V                     00003EFF
_BOR4V_BOR40V                     00003FFF
_BOREN_NSLEEP                     00003EFF
_BOREN_OFF                        00003CFF
_BOREN_ON                         00003FFF
_BOREN_SBODEN                     00003DFF
_BOR_NSLEEP                       00003EFF
_BOR_OFF                          00003CFF
_BOR_ON                           00003FFF
_BOR_SBODEN                       00003DFF
_CONFIG1                          00002007
_CONFIG2                          00002008
_CPD_OFF                          00003FFF
_CPD_ON                           00003F7F
_CP_OFF                           00003FFF
_CP_ON                            00003FBF
_DEBUG_OFF                        00003FFF
_DEBUG_ON                         00001FFF
MPASM  5.51                          MAIN.ASM   5-3-2018  0:26:42         PAGE 19


SYMBOL TABLE
  LABEL                             VALUE 

_DEVID1                           00002006
_EC_OSC                           00003FFB
_EXTRC                            00003FFF
_EXTRCIO                          00003FFE
_EXTRC_OSC_CLKOUT                 00003FFF
_EXTRC_OSC_NOCLKOUT               00003FFE
_FCMEN_OFF                        000037FF
_FCMEN_ON                         00003FFF
_FOSC_EC                          00003FFB
_FOSC_EXTRC_CLKOUT                00003FFF
_FOSC_EXTRC_NOCLKOUT              00003FFE
_FOSC_HS                          00003FFA
_FOSC_INTRC_CLKOUT                00003FFD
_FOSC_INTRC_NOCLKOUT              00003FFC
_FOSC_LP                          00003FF8
_FOSC_XT                          00003FF9
_HS_OSC                           00003FFA
_IDLOC0                           00002000
_IDLOC1                           00002001
_IDLOC2                           00002002
_IDLOC3                           00002003
_IESO_OFF                         00003BFF
_IESO_ON                          00003FFF
_INTOSC                           00003FFD
_INTOSCIO                         00003FFC
_INTRC_OSC_CLKOUT                 00003FFD
_INTRC_OSC_NOCLKOUT               00003FFC
_LP_OSC                           00003FF8
_LVP_OFF                          00002FFF
_LVP_ON                           00003FFF
_MCLRE_OFF                        00003FDF
_MCLRE_ON                         00003FFF
_PWRTE_OFF                        00003FFF
_PWRTE_ON                         00003FEF
_WDTE_OFF                         00003FF7
_WDTE_ON                          00003FFF
_WDT_OFF                          00003FF7
_WDT_ON                           00003FFF
_WRT_1FOURTH                      00003BFF
_WRT_256                          00003DFF
_WRT_HALF                         000039FF
_WRT_OFF                          00003FFF
_XT_OSC                           00003FF9
__16F886                          00000001
__DEBUG                           1
bit                               00000024
dato                              00000023
delay                             00000029
dogs                              00000010
i0                                00000025
i1                                00000026
i2                                00000027
i3                                00000028
MPASM  5.51                          MAIN.ASM   5-3-2018  0:26:42         PAGE 20


SYMBOL TABLE
  LABEL                             VALUE 

k                                 0000002A
num_foto                          00000009
tabla1                            00000083
tabla2                            0000009D
tiempo                            000000B7
velocidad                         00000005

Errors   :     0
Warnings :   157 reported,     0 suppressed
Messages :     7 reported,     0 suppressed

