MPASM 5.84                          MAIN.ASM   3-28-2020  10:54:37         PAGE  1


LOC  OBJECT CODE     LINE SOURCE TEXT
  VALUE

                      00001     list p=16f88
                      00002     #include <p16f88.inc>
                      00001         LIST
                      00002 
                      00003 ;==========================================================================
                      00004 ; Build date : Mar 17 2019
                      00005 ;  MPASM PIC16F88 processor include
                      00006 ; 
                      00007 ;  (c) Copyright 1999-2019 Microchip Technology, All rights reserved
                      00008 ;==========================================================================
                      00009 
                      00550         LIST
                      00003     #include <Macros.inc>
                      00001     CBLOCK 0x40
  00000040            00002     C1,C2,C3
                      00003     ENDC
                      00004 
                      00005 LOAD MACRO Reg,Val
                      00006         movlw Val
                      00007         movwf Reg
                      00008         ENDM
                      00009 
                      00010         
                      00011 Delay MACRO val
                      00012         LOAD C1,val
                      00013         decfsz C1,1    ; Decrementa Contador1.- 
                      00014         goto $-4    ; Si no es cero repetimos ciclo.- 
                      00015         ENDM
                      00016 
                      00017 Delay_1s macro ;T= (3*C1*C2*C3 + 4*C3*C2 + 4*C3 + 1)Tci
                      00018     movlw .70
                      00019     movwf C3
                      00020     movlw .93
                      00021     movwf C2
                      00022     movlw .50
                      00023     movwf C1
                      00024     decfsz C1,1
                      00025     goto $-1
                      00026     decfsz C2,1
                      00027     goto $-5
                      00028     decfsz C3,1
                      00029     goto $-9
                      00030     endm
                      00031     
                      00032 Delay_100ms macro
                      00033     movlw .253
                      00034     movwf C3
                      00035     movlw .131
                      00036     movwf C2
                      00037     decfsz C2,1
                      00038     goto $-1
                      00039     decfsz C3,1
                      00040     goto $-4
MPASM 5.84                          MAIN.ASM   3-28-2020  10:54:37         PAGE  2


LOC  OBJECT CODE     LINE SOURCE TEXT
  VALUE

                      00041     endm    
                      00042         
                      00043         
                      00044         
                      00004 
2007   3FE9           00005     __config _CONFIG1, _XT_OSC & _WDT_OFF & _PWRTE_OFF
                      00006     
                      00007     cblock 0x20  
  00000020            00008     var
  00000021            00009     var1
  00000022            00010     a0,a1,a2,a3,a4,a5
  00000028            00011     var3
                      00012     endc
                      00013     
                      00014     org 0x00
0000   2???           00015     goto start
                      00016     org 0x04
0004   2???           00017     goto Interr
                      00018     org 0x05
                      00019     
0005                  00020 start
                      00021     
0005   1683 1303      00022     banksel ANSEL
Message[302]: Register in operand not in bank 0.  Ensure that bank bits are correct.
0007   019B           00023     clrf ANSEL
                      00024 
0008   1683 1303      00025     banksel TRISA
Message[302]: Register in operand not in bank 0.  Ensure that bank bits are correct.
000A   0185           00026     clrf TRISA
Message[302]: Register in operand not in bank 0.  Ensure that bank bits are correct.
000B   0186           00027     clrf TRISB
                      00028     
                      00029     ; Configurando UART
000C   0103           00030     clrw
000D   3804           00031     iorlw 1<<2
Message[302]: Register in operand not in bank 0.  Ensure that bank bits are correct.
000E   0086           00032     movwf TRISB
                      00033     
000F   1683 1303      00034     banksel SPBRG
                      00035     LOAD SPBRG,0x19
0011   3019               M         movlw 0x19
Message[302]: Register in operand not in bank 0.  Ensure that bank bits are correct.
0012   0099               M         movwf SPBRG
0013   1683 1303      00036     banksel TXSTA
                      00037     LOAD TXSTA,0xA4
0015   30A4               M         movlw 0xA4
Message[302]: Register in operand not in bank 0.  Ensure that bank bits are correct.
0016   0098               M         movwf TXSTA
0017   1283 1303      00038     banksel RCSTA
                      00039     LOAD RCSTA,0x90
0019   3090               M         movlw 0x90
001A   0098               M         movwf RCSTA
                      00040 
MPASM 5.84                          MAIN.ASM   3-28-2020  10:54:37         PAGE  3


LOC  OBJECT CODE     LINE SOURCE TEXT
  VALUE

                      00041     
                      00042     ;***************
                      00043     
001B   1283 1303      00044     banksel PORTA
001D   0185           00045     clrf PORTA
001E   0186           00046     clrf PORTB
001F   01A0           00047     clrf var
                      00048     
0020   1405           00049     bsf PORTA,0
0021   1406           00050     bsf PORTB,0
                      00051     
0022   1003           00052     bcf STATUS,C
0023   3005           00053     movlw 0x05
0024   00A8           00054     movwf var3
0025   3006           00055     movlw 0x06
0026   02A8           00056     subwf var3,1
                      00057     
0027                  00058 loop
                      00059     
0027   3022           00060     movlw 0x22
0028   0084           00061     movwf FSR
                      00062    
0029   30AA           00063     movlw 0xAA
002A   0080           00064     movwf INDF
Message[305]: Using default destination of 1 (file).
002B   0A84           00065     incf FSR
002C   1D84           00066     btfss FSR,3
002D   2???           00067     goto $-4
                      00068     
002E   3022           00069     movlw 0x22
002F   0084           00070     movwf FSR
                      00071     
0030   0820           00072     movf var,0
0031   2???           00073     call InterminableStr
0032   0099           00074     movwf TXREG
                      00075     
0033   1683 1303      00076     banksel TXSTA
Message[302]: Register in operand not in bank 0.  Ensure that bank bits are correct.
0035   1C98           00077     btfss TXSTA,TRMT 
0036   2???           00078     goto $-1
                      00079 
0037   1283 1303      00080     banksel PORTB
0039   300E           00081     movlw 0x0e
003A   0620           00082     xorwf var,0
003B   1D03           00083     btfss STATUS,Z
003C   2???           00084     goto $+3
003D   01A0           00085     clrf var
003E   2???           00086     goto $+2
003F   0AA0           00087     incf var,1
                      00088     
0040   3001           00089     movlw .1
0041   0686           00090     xorwf PORTB,1
0042   0685           00091     xorwf PORTA,1
MPASM 5.84                          MAIN.ASM   3-28-2020  10:54:37         PAGE  4


LOC  OBJECT CODE     LINE SOURCE TEXT
  VALUE

Warning[207]: Found label after column 1. (Delay_100s)
0043                  00092     Delay_100s
                      00093     
0043   2???           00094     goto loop
                      00095   
0044                  00096 InterminableStr
0044   0782           00097     addwf PCL,1
0045   3449 346E 3474 00098     DT "Interminable\r\n"
       3465 3472 346D 
       3469 346E 3461 
       3462 346C 3465 
       340D 340A 
                      00099     
                      00100     
                      00101     
0053                  00102 Interr
                      00103     
0053   0009           00104     retfie
                      00105     
                      00106     
3FE9                  00107     end
MPASM 5.84                          MAIN.ASM   3-28-2020  10:54:37         PAGE  5


SYMBOL TABLE
  LABEL                             VALUE 

ADCON0                            0000001F
ADCON1                            0000009F
ADCS0                             00000006
ADCS1                             00000007
ADCS2                             00000006
ADDEN                             00000003
ADFM                              00000007
ADIE                              00000006
ADIF                              00000006
ADON                              00000000
ADRESH                            0000001E
ADRESL                            0000009E
ANS0                              00000000
ANS1                              00000001
ANS2                              00000002
ANS3                              00000003
ANS4                              00000004
ANS5                              00000005
ANS6                              00000006
ANSEL                             0000009B
BF                                00000000
BRGH                              00000002
C                                 00000000
C1                                00000040
C1INV                             00000004
C1OUT                             00000006
C2                                00000041
C2INV                             00000005
C2OUT                             00000007
C3                                00000042
CCP1CON                           00000017
CCP1IE                            00000002
CCP1IF                            00000002
CCP1M0                            00000000
CCP1M1                            00000001
CCP1M2                            00000002
CCP1M3                            00000003
CCP1X                             00000005
CCP1Y                             00000004
CCPR1                             00000015
CCPR1H                            00000016
CCPR1L                            00000015
CHS0                              00000003
CHS1                              00000004
CHS2                              00000005
CIS                               00000003
CKE                               00000006
CKP                               00000004
CM0                               00000000
CM1                               00000001
CM2                               00000002
CMCON                             0000009C
CMIE                              00000006
MPASM 5.84                          MAIN.ASM   3-28-2020  10:54:37         PAGE  6


SYMBOL TABLE
  LABEL                             VALUE 

CMIF                              00000006
CREN                              00000004
CSRC                              00000007
CVR0                              00000000
CVR1                              00000001
CVR2                              00000002
CVR3                              00000003
CVRCON                            0000009D
CVREN                             00000007
CVROE                             00000006
CVRR                              00000005
D                                 00000005
DATA_ADDRESS                      00000005
DC                                00000001
D_A                               00000005
D_NOT_A                           00000005
Delay                             
Delay_100ms                       
Delay_100s                        00000043
Delay_1s                          
EEADR                             0000010D
EEADRH                            0000010F
EECON1                            0000018C
EECON2                            0000018D
EEDATA                            0000010C
EEDATH                            0000010E
EEIE                              00000004
EEIF                              00000004
EEPGD                             00000007
F                                 00000001
FERR                              00000002
FREE                              00000004
FSR                               00000004
GIE                               00000007
GO                                00000002
GO_DONE                           00000002
GO_NOT_DONE                       00000002
I2C_DATA                          00000005
I2C_READ                          00000002
I2C_START                         00000003
I2C_STOP                          00000004
INDF                              00000000
INT0IE                            00000004
INT0IF                            00000001
INTCON                            0000000B
INTE                              00000004
INTEDG                            00000006
INTF                              00000001
IOFS                              00000002
IRCF0                             00000004
IRCF1                             00000005
IRCF2                             00000006
IRP                               00000007
MPASM 5.84                          MAIN.ASM   3-28-2020  10:54:37         PAGE  7


SYMBOL TABLE
  LABEL                             VALUE 

InterminableStr                   00000044
Interr                            00000053
LOAD                              
NOT_A                             00000005
NOT_ADDRESS                       00000005
NOT_BO                            00000000
NOT_BOR                           00000000
NOT_DONE                          00000002
NOT_PD                            00000003
NOT_POR                           00000001
NOT_RBPU                          00000007
NOT_RC8                           00000006
NOT_T1SYNC                        00000002
NOT_TO                            00000004
NOT_TX8                           00000006
NOT_W                             00000002
NOT_WRITE                         00000002
OERR                              00000001
OPTION_REG                        00000081
OSCCON                            0000008F
OSCTUNE                           00000090
OSFIE                             00000007
OSFIF                             00000007
OSTS                              00000003
P                                 00000004
PCL                               00000002
PCLATH                            0000000A
PCON                              0000008E
PEIE                              00000006
PIE1                              0000008C
PIE2                              0000008D
PIR1                              0000000C
PIR2                              0000000D
PORTA                             00000005
PORTB                             00000006
PR2                               00000092
PS0                               00000000
PS1                               00000001
PS2                               00000002
PSA                               00000003
R                                 00000002
RA0                               00000000
RA1                               00000001
RA2                               00000002
RA3                               00000003
RA4                               00000004
RA5                               00000005
RA6                               00000006
RA7                               00000007
RB0                               00000000
RB1                               00000001
RB2                               00000002
RB3                               00000003
MPASM 5.84                          MAIN.ASM   3-28-2020  10:54:37         PAGE  8


SYMBOL TABLE
  LABEL                             VALUE 

RB4                               00000004
RB5                               00000005
RB6                               00000006
RB7                               00000007
RBIE                              00000003
RBIF                              00000000
RC8_9                             00000006
RC9                               00000006
RCD8                              00000000
RCIE                              00000005
RCIF                              00000005
RCREG                             0000001A
RCSTA                             00000018
RD                                00000000
READ_WRITE                        00000002
RP0                               00000005
RP1                               00000006
RX9                               00000006
RX9D                              00000000
R_NOT_W                           00000002
R_W                               00000002
S                                 00000003
SCS0                              00000000
SCS1                              00000001
SMP                               00000007
SPBRG                             00000099
SPEN                              00000007
SREN                              00000005
SSPADD                            00000093
SSPBUF                            00000013
SSPCON                            00000014
SSPEN                             00000005
SSPIE                             00000003
SSPIF                             00000003
SSPM0                             00000000
SSPM1                             00000001
SSPM2                             00000002
SSPM3                             00000003
SSPOV                             00000006
SSPSTAT                           00000094
STATUS                            00000003
SWDTE                             00000000
SWDTEN                            00000000
SYNC                              00000004
T0CS                              00000005
T0SE                              00000004
T1CKPS0                           00000004
T1CKPS1                           00000005
T1CON                             00000010
T1INSYNC                          00000002
T1OSCEN                           00000003
T1RUN                             00000006
T2CKPS0                           00000000
MPASM 5.84                          MAIN.ASM   3-28-2020  10:54:37         PAGE  9


SYMBOL TABLE
  LABEL                             VALUE 

T2CKPS1                           00000001
T2CON                             00000012
TMR0                              00000001
TMR0IE                            00000005
TMR0IF                            00000002
TMR1                              0000000E
TMR1CS                            00000001
TMR1H                             0000000F
TMR1IE                            00000000
TMR1IF                            00000000
TMR1L                             0000000E
TMR1ON                            00000000
TMR2                              00000011
TMR2IE                            00000001
TMR2IF                            00000001
TMR2ON                            00000002
TOUTPS0                           00000003
TOUTPS1                           00000004
TOUTPS2                           00000005
TOUTPS3                           00000006
TRISA                             00000085
TRISA0                            00000000
TRISA1                            00000001
TRISA2                            00000002
TRISA3                            00000003
TRISA4                            00000004
TRISA5                            00000005
TRISA6                            00000006
TRISA7                            00000007
TRISB                             00000086
TRISB0                            00000000
TRISB1                            00000001
TRISB2                            00000002
TRISB3                            00000003
TRISB4                            00000004
TRISB5                            00000005
TRISB6                            00000006
TRISB7                            00000007
TRMT                              00000001
TUN0                              00000000
TUN1                              00000001
TUN2                              00000002
TUN3                              00000003
TUN4                              00000004
TUN5                              00000005
TX8_9                             00000006
TX9                               00000006
TX9D                              00000000
TXD8                              00000000
TXEN                              00000005
TXIE                              00000004
TXIF                              00000004
TXREG                             00000019
MPASM 5.84                          MAIN.ASM   3-28-2020  10:54:37         PAGE 10


SYMBOL TABLE
  LABEL                             VALUE 

TXSTA                             00000098
UA                                00000001
VCFG0                             00000004
VCFG1                             00000005
W                                 00000000
WCOL                              00000007
WDTCON                            00000105
WDTPS0                            00000001
WDTPS1                            00000002
WDTPS2                            00000003
WDTPS3                            00000004
WR                                00000001
WREN                              00000002
WRERR                             00000003
Z                                 00000002
_.org_2_002D                      0000002D
_.org_2_0036                      00000036
_.org_2_003C                      0000003C
_.org_2_003E                      0000003E
_BODEN_OFF                        00003FBF
_BODEN_ON                         00003FFF
_BOREN_OFF                        00003FBF
_BOREN_ON                         00003FFF
_CCP1_RB0                         00003FFF
_CCP1_RB3                         00002FFF
_CCPMX_RB0                        00003FFF
_CCPMX_RB3                        00002FFF
_CONFIG1                          00002007
_CONFIG2                          00002008
_CPD_OFF                          00003FFF
_CPD_ON                           00003EFF
_CP_ALL                           00001FFF
_CP_OFF                           00003FFF
_CP_ON                            00001FFF
_DEBUG_OFF                        00003FFF
_DEBUG_ON                         000037FF
_DEVID1                           00002006
_EXTCLK                           00003FEF
_EXTRC_CLKOUT                     00003FFF
_EXTRC_IO                         00003FFE
_FCMEN_OFF                        00003FFE
_FCMEN_ON                         00003FFF
_FOSC_EC                          00003FEF
_FOSC_EXTRCCLK                    00003FFF
_FOSC_EXTRCIO                     00003FFE
_FOSC_HS                          00003FEE
_FOSC_INTOSCCLK                   00003FFD
_FOSC_INTOSCIO                    00003FFC
_FOSC_LP                          00003FEC
_FOSC_XT                          00003FED
_HS_OSC                           00003FEE
_IDLOC0                           00002000
_IDLOC1                           00002001
MPASM 5.84                          MAIN.ASM   3-28-2020  10:54:37         PAGE 11


SYMBOL TABLE
  LABEL                             VALUE 

_IDLOC2                           00002002
_IDLOC3                           00002003
_IESO_OFF                         00003FFD
_IESO_ON                          00003FFF
_INTRC_CLKOUT                     00003FFD
_INTRC_IO                         00003FFC
_LP_OSC                           00003FEC
_LVP_OFF                          00003F7F
_LVP_ON                           00003FFF
_MCLRE_OFF                        00003FDF
_MCLRE_ON                         00003FFF
_MCLR_OFF                         00003FDF
_MCLR_ON                          00003FFF
_PWRTE_OFF                        00003FFF
_PWRTE_ON                         00003FF7
_WDTE_OFF                         00003FFB
_WDTE_ON                          00003FFF
_WDT_OFF                          00003FFB
_WDT_ON                           00003FFF
_WRT_2048                         00003BFF
_WRT_256                          00003DFF
_WRT_ALL                          000039FF
_WRT_OFF                          00003FFF
_WRT_PROTECT_2048                 00003BFF
_WRT_PROTECT_256                  00003DFF
_WRT_PROTECT_ALL                  000039FF
_WRT_PROTECT_OFF                  00003FFF
_XT_OSC                           00003FED
__16F88                           00000001
a0                                00000022
a1                                00000023
a2                                00000024
a3                                00000025
a4                                00000026
a5                                00000027
loop                              00000027
start                             00000005
var                               00000020
var1                              00000021
var3                              00000028

Errors   :     0
Warnings :     1 reported,     0 suppressed
Messages :     8 reported,     0 suppressed

