Warning[203] E:\MPLAB_WORKSPAC\EJEM\INT_RB_TECLADO.ASM 20 : Found opcode in column 1. (ADDWF)
Warning[205] E:\MPLAB_WORKSPAC\EJEM\INT_RB_TECLADO.ASM 21 : Found directive in column 1. (DT)
Warning[203] E:\MPLAB_WORKSPAC\EJEM\INT_RB_TECLADO.ASM 24 : Found opcode in column 1. (ADDWF)
Warning[205] E:\MPLAB_WORKSPAC\EJEM\INT_RB_TECLADO.ASM 25 : Found directive in column 1. (DT)
Message[302] E:\MPLAB_WORKSPAC\EJEM\INT_RB_TECLADO.ASM 32 : Register in operand not in bank 0.  Ensure that bank bits are correct.
Message[302] E:\MPLAB_WORKSPAC\EJEM\INT_RB_TECLADO.ASM 33 : Register in operand not in bank 0.  Ensure that bank bits are correct.
Message[302] E:\MPLAB_WORKSPAC\EJEM\INT_RB_TECLADO.ASM 34 : Register in operand not in bank 0.  Ensure that bank bits are correct.
Message[302] E:\MPLAB_WORKSPAC\EJEM\INT_RB_TECLADO.ASM 35 : Register in operand not in bank 0.  Ensure that bank bits are correct.
Warning[203] E:\MPLAB_WORKSPAC\EJEM\INT_RB_TECLADO.ASM 96 : Found opcode in column 1. (movlw)
Warning[203] E:\MPLAB_WORKSPAC\EJEM\INT_RB_TECLADO.ASM 97 : Found opcode in column 1. (xorwf)
Warning[203] E:\MPLAB_WORKSPAC\EJEM\INT_RB_TECLADO.ASM 98 : Found opcode in column 1. (btfss)
Warning[203] E:\MPLAB_WORKSPAC\EJEM\INT_RB_TECLADO.ASM 99 : Found opcode in column 1. (goto)
Warning[203] E:\MPLAB_WORKSPAC\EJEM\INT_RB_TECLADO.ASM 103 : Found opcode in column 1. (movlw)
Warning[203] E:\MPLAB_WORKSPAC\EJEM\INT_RB_TECLADO.ASM 104 : Found opcode in column 1. (xorwf)
Warning[203] E:\MPLAB_WORKSPAC\EJEM\INT_RB_TECLADO.ASM 105 : Found opcode in column 1. (btfss)
Warning[203] E:\MPLAB_WORKSPAC\EJEM\INT_RB_TECLADO.ASM 106 : Found opcode in column 1. (goto)
Warning[203] E:\MPLAB_WORKSPAC\EJEM\INT_RB_TECLADO.ASM 112 : Found opcode in column 1. (movlw)
Warning[203] E:\MPLAB_WORKSPAC\EJEM\INT_RB_TECLADO.ASM 113 : Found opcode in column 1. (xorwf)
Warning[203] E:\MPLAB_WORKSPAC\EJEM\INT_RB_TECLADO.ASM 114 : Found opcode in column 1. (btfss)
Warning[203] E:\MPLAB_WORKSPAC\EJEM\INT_RB_TECLADO.ASM 115 : Found opcode in column 1. (goto)
Warning[203] E:\MPLAB_WORKSPAC\EJEM\INT_RB_TECLADO.ASM 123 : Found opcode in column 1. (movlw)
Warning[203] E:\MPLAB_WORKSPAC\EJEM\INT_RB_TECLADO.ASM 124 : Found opcode in column 1. (xorwf)
Warning[203] E:\MPLAB_WORKSPAC\EJEM\INT_RB_TECLADO.ASM 125 : Found opcode in column 1. (btfss)
Warning[203] E:\MPLAB_WORKSPAC\EJEM\INT_RB_TECLADO.ASM 126 : Found opcode in column 1. (goto)
Warning[203] E:\MPLAB_WORKSPAC\EJEM\INT_RB_TECLADO.ASM 137 : Found opcode in column 1. (call)
Warning[203] E:\MPLAB_WORKSPAC\EJEM\INT_RB_TECLADO.ASM 138 : Found opcode in column 1. (call)
Warning[204] E:\MPLAB_WORKSPAC\EJEM\INT_RB_TECLADO.ASM 139 : Found pseudo-op in column 1. (movfw)
Warning[203] E:\MPLAB_WORKSPAC\EJEM\INT_RB_TECLADO.ASM 140 : Found opcode in column 1. (call)
Warning[203] E:\MPLAB_WORKSPAC\EJEM\INT_RB_TECLADO.ASM 141 : Found opcode in column 1. (aDDwf)
Warning[203] E:\MPLAB_WORKSPAC\EJEM\INT_RB_TECLADO.ASM 142 : Found opcode in column 1. (incf)
Warning[203] E:\MPLAB_WORKSPAC\EJEM\INT_RB_TECLADO.ASM 143 : Found opcode in column 1. (call)
Warning[203] E:\MPLAB_WORKSPAC\EJEM\INT_RB_TECLADO.ASM 144 : Found opcode in column 1. (return)
Warning[203] E:\MPLAB_WORKSPAC\EJEM\INT_RB_TECLADO.ASM 304 : Found opcode in column 1. (movlw)
Warning[203] E:\MPLAB_WORKSPAC\EJEM\INT_RB_TECLADO.ASM 305 : Found opcode in column 1. (movwf)
Warning[203] E:\MPLAB_WORKSPAC\EJEM\INT_RB_TECLADO.ASM 307 : Found opcode in column 1. (movlw)
Warning[203] E:\MPLAB_WORKSPAC\EJEM\INT_RB_TECLADO.ASM 308 : Found opcode in column 1. (movwf)
Warning[203] E:\MPLAB_WORKSPAC\EJEM\INT_RB_TECLADO.ASM 310 : Found opcode in column 1. (decfsz)
Warning[203] E:\MPLAB_WORKSPAC\EJEM\INT_RB_TECLADO.ASM 311 : Found opcode in column 1. (goto)
Warning[203] E:\MPLAB_WORKSPAC\EJEM\INT_RB_TECLADO.ASM 313 : Found opcode in column 1. (decfsz)
Warning[203] E:\MPLAB_WORKSPAC\EJEM\INT_RB_TECLADO.ASM 314 : Found opcode in column 1. (goto)
Warning[203] E:\MPLAB_WORKSPAC\EJEM\INT_RB_TECLADO.ASM 315 : Found opcode in column 1. (return)
Warning[203] E:\MPLAB_WORKSPAC\EJEM\INT_RB_TECLADO.ASM 318 : Found opcode in column 1. (movlw)
Warning[203] E:\MPLAB_WORKSPAC\EJEM\INT_RB_TECLADO.ASM 319 : Found opcode in column 1. (movwf)
Warning[203] E:\MPLAB_WORKSPAC\EJEM\INT_RB_TECLADO.ASM 321 : Found opcode in column 1. (movlw)
Warning[203] E:\MPLAB_WORKSPAC\EJEM\INT_RB_TECLADO.ASM 322 : Found opcode in column 1. (movwf)
Warning[203] E:\MPLAB_WORKSPAC\EJEM\INT_RB_TECLADO.ASM 324 : Found opcode in column 1. (decfsz)
Warning[203] E:\MPLAB_WORKSPAC\EJEM\INT_RB_TECLADO.ASM 325 : Found opcode in column 1. (goto)
Warning[203] E:\MPLAB_WORKSPAC\EJEM\INT_RB_TECLADO.ASM 327 : Found opcode in column 1. (decfsz)
Warning[203] E:\MPLAB_WORKSPAC\EJEM\INT_RB_TECLADO.ASM 328 : Found opcode in column 1. (goto)
Warning[203] E:\MPLAB_WORKSPAC\EJEM\INT_RB_TECLADO.ASM 329 : Found opcode in column 1. (return)
