Warning[205] E:\MPLAB_WORKSPACE\16F88\ALBERTBLANCO\MAIN.ASM 1 : Found directive in column 1. (LIST)
Message[301] C:\PROGRAM FILES (X86)\MICROCHIP\MPASM SUITE\P16F88.INC 33 : MESSAGE: (Processor-header file mismatch.  Verify selected processor.)
Warning[205] E:\MPLAB_WORKSPACE\16F88\ALBERTBLANCO\MACROS.INC 1 : Found directive in column 1. (CBLOCK)
Warning[210] E:\MPLAB_WORKSPACE\16F88\ALBERTBLANCO\MACROS.INC 2 : Extra ","
Warning[210] E:\MPLAB_WORKSPACE\16F88\ALBERTBLANCO\MACROS.INC 3 : Extra ","
Warning[210] E:\MPLAB_WORKSPACE\16F88\ALBERTBLANCO\MACROS.INC 4 : Extra ","
Warning[205] E:\MPLAB_WORKSPACE\16F88\ALBERTBLANCO\MACROS.INC 5 : Found directive in column 1. (ENDC)
Warning[205] E:\MPLAB_WORKSPACE\16F88\ALBERTBLANCO\MACROS.INC 46 : Found directive in column 1. (ENDM)
Warning[205] E:\MPLAB_WORKSPACE\16F88\ALBERTBLANCO\MAIN.ASM 17 : Found directive in column 1. (CBLOCK)
Warning[205] E:\MPLAB_WORKSPACE\16F88\ALBERTBLANCO\MAIN.ASM 19 : Found directive in column 1. (ENDC)
Warning[205] E:\MPLAB_WORKSPACE\16F88\ALBERTBLANCO\MAIN.ASM 21 : Found directive in column 1. (ORG)
Warning[203] E:\MPLAB_WORKSPACE\16F88\ALBERTBLANCO\MAIN.ASM 22 : Found opcode in column 1. (GOTO)
Warning[205] E:\MPLAB_WORKSPACE\16F88\ALBERTBLANCO\MAIN.ASM 23 : Found directive in column 1. (ORG)
Warning[205] E:\MPLAB_WORKSPACE\16F88\ALBERTBLANCO\MAIN.ASM 27 : Found directive in column 1. (BANKSEL)
Warning[206] E:\MPLAB_WORKSPACE\16F88\ALBERTBLANCO\MAIN.ASM 28 : Found call to macro in column 1. (LOAD)
Message[302] E:\MPLAB_WORKSPACE\16F88\ALBERTBLANCO\MACROS.INC 9 : Register in operand not in bank 0.  Ensure that bank bits are correct.
Warning[203] E:\MPLAB_WORKSPACE\16F88\ALBERTBLANCO\MAIN.ASM 29 : Found opcode in column 1. (CLRF)
Message[302] E:\MPLAB_WORKSPACE\16F88\ALBERTBLANCO\MAIN.ASM 29 : Register in operand not in bank 0.  Ensure that bank bits are correct.
Warning[205] E:\MPLAB_WORKSPACE\16F88\ALBERTBLANCO\MAIN.ASM 31 : Found directive in column 1. (BANKSEL)
Warning[203] E:\MPLAB_WORKSPACE\16F88\ALBERTBLANCO\MAIN.ASM 32 : Found opcode in column 1. (CLRF)
Message[302] E:\MPLAB_WORKSPACE\16F88\ALBERTBLANCO\MAIN.ASM 32 : Register in operand not in bank 0.  Ensure that bank bits are correct.
Warning[205] E:\MPLAB_WORKSPACE\16F88\ALBERTBLANCO\MAIN.ASM 34 : Found directive in column 1. (BANKSEL)
Warning[203] E:\MPLAB_WORKSPACE\16F88\ALBERTBLANCO\MAIN.ASM 35 : Found opcode in column 1. (CLRF)
Warning[203] E:\MPLAB_WORKSPACE\16F88\ALBERTBLANCO\MAIN.ASM 36 : Found opcode in column 1. (CLRF)
Warning[203] E:\MPLAB_WORKSPACE\16F88\ALBERTBLANCO\MAIN.ASM 38 : Found opcode in column 1. (clrf)
Warning[203] E:\MPLAB_WORKSPACE\16F88\ALBERTBLANCO\MAIN.ASM 39 : Found opcode in column 1. (clrf)
Warning[203] E:\MPLAB_WORKSPACE\16F88\ALBERTBLANCO\MAIN.ASM 40 : Found opcode in column 1. (clrf)
Warning[203] E:\MPLAB_WORKSPACE\16F88\ALBERTBLANCO\MAIN.ASM 41 : Found opcode in column 1. (clrf)
Warning[203] E:\MPLAB_WORKSPACE\16F88\ALBERTBLANCO\MAIN.ASM 42 : Found opcode in column 1. (clrf)
Warning[206] E:\MPLAB_WORKSPACE\16F88\ALBERTBLANCO\MAIN.ASM 47 : Found call to macro in column 1. (LOAD)
Warning[203] E:\MPLAB_WORKSPACE\16F88\ALBERTBLANCO\MAIN.ASM 49 : Found opcode in column 1. (movf)
Warning[203] E:\MPLAB_WORKSPACE\16F88\ALBERTBLANCO\MAIN.ASM 51 : Found opcode in column 1. (bcf)
Warning[203] E:\MPLAB_WORKSPACE\16F88\ALBERTBLANCO\MAIN.ASM 52 : Found opcode in column 1. (bsf)
Warning[203] E:\MPLAB_WORKSPACE\16F88\ALBERTBLANCO\MAIN.ASM 53 : Found opcode in column 1. (call)
Warning[203] E:\MPLAB_WORKSPACE\16F88\ALBERTBLANCO\MAIN.ASM 54 : Found opcode in column 1. (bcf)
Warning[203] E:\MPLAB_WORKSPACE\16F88\ALBERTBLANCO\MAIN.ASM 55 : Found opcode in column 1. (bcf)
Warning[203] E:\MPLAB_WORKSPACE\16F88\ALBERTBLANCO\MAIN.ASM 57 : Found opcode in column 1. (call)
Warning[203] E:\MPLAB_WORKSPACE\16F88\ALBERTBLANCO\MAIN.ASM 58 : Found opcode in column 1. (movf)
Warning[203] E:\MPLAB_WORKSPACE\16F88\ALBERTBLANCO\MAIN.ASM 60 : Found opcode in column 1. (bcf)
Warning[203] E:\MPLAB_WORKSPACE\16F88\ALBERTBLANCO\MAIN.ASM 61 : Found opcode in column 1. (bsf)
Warning[203] E:\MPLAB_WORKSPACE\16F88\ALBERTBLANCO\MAIN.ASM 62 : Found opcode in column 1. (call)
Warning[203] E:\MPLAB_WORKSPACE\16F88\ALBERTBLANCO\MAIN.ASM 63 : Found opcode in column 1. (bcf)
Warning[203] E:\MPLAB_WORKSPACE\16F88\ALBERTBLANCO\MAIN.ASM 64 : Found opcode in column 1. (bcf)
Warning[203] E:\MPLAB_WORKSPACE\16F88\ALBERTBLANCO\MAIN.ASM 66 : Found opcode in column 1. (call)
Warning[203] E:\MPLAB_WORKSPACE\16F88\ALBERTBLANCO\MAIN.ASM 67 : Found opcode in column 1. (bcf)
Warning[203] E:\MPLAB_WORKSPACE\16F88\ALBERTBLANCO\MAIN.ASM 68 : Found opcode in column 1. (bsf)
Warning[206] E:\MPLAB_WORKSPACE\16F88\ALBERTBLANCO\MAIN.ASM 69 : Found call to macro in column 1. (Delay)
Warning[206] E:\MPLAB_WORKSPACE\16F88\ALBERTBLANCO\MAIN.ASM 71 : Found call to macro in column 1. (LOAD)
Warning[203] E:\MPLAB_WORKSPACE\16F88\ALBERTBLANCO\MAIN.ASM 73 : Found opcode in column 1. (movf)
Warning[203] E:\MPLAB_WORKSPACE\16F88\ALBERTBLANCO\MAIN.ASM 74 : Found opcode in column 1. (bcf)
Warning[203] E:\MPLAB_WORKSPACE\16F88\ALBERTBLANCO\MAIN.ASM 75 : Found opcode in column 1. (bsf)
Warning[203] E:\MPLAB_WORKSPACE\16F88\ALBERTBLANCO\MAIN.ASM 76 : Found opcode in column 1. (call)
Warning[203] E:\MPLAB_WORKSPACE\16F88\ALBERTBLANCO\MAIN.ASM 77 : Found opcode in column 1. (bcf)
Warning[203] E:\MPLAB_WORKSPACE\16F88\ALBERTBLANCO\MAIN.ASM 78 : Found opcode in column 1. (bcf)
Warning[203] E:\MPLAB_WORKSPACE\16F88\ALBERTBLANCO\MAIN.ASM 79 : Found opcode in column 1. (call)
Warning[203] E:\MPLAB_WORKSPACE\16F88\ALBERTBLANCO\MAIN.ASM 80 : Found opcode in column 1. (movf)
Warning[203] E:\MPLAB_WORKSPACE\16F88\ALBERTBLANCO\MAIN.ASM 81 : Found opcode in column 1. (bcf)
Warning[203] E:\MPLAB_WORKSPACE\16F88\ALBERTBLANCO\MAIN.ASM 82 : Found opcode in column 1. (bsf)
Warning[203] E:\MPLAB_WORKSPACE\16F88\ALBERTBLANCO\MAIN.ASM 83 : Found opcode in column 1. (call)
Warning[203] E:\MPLAB_WORKSPACE\16F88\ALBERTBLANCO\MAIN.ASM 84 : Found opcode in column 1. (bcf)
Warning[203] E:\MPLAB_WORKSPACE\16F88\ALBERTBLANCO\MAIN.ASM 85 : Found opcode in column 1. (bcf)
Warning[203] E:\MPLAB_WORKSPACE\16F88\ALBERTBLANCO\MAIN.ASM 86 : Found opcode in column 1. (call)
Warning[203] E:\MPLAB_WORKSPACE\16F88\ALBERTBLANCO\MAIN.ASM 87 : Found opcode in column 1. (bcf)
Warning[203] E:\MPLAB_WORKSPACE\16F88\ALBERTBLANCO\MAIN.ASM 88 : Found opcode in column 1. (bsf)
Warning[206] E:\MPLAB_WORKSPACE\16F88\ALBERTBLANCO\MAIN.ASM 89 : Found call to macro in column 1. (Delay)
Warning[206] E:\MPLAB_WORKSPACE\16F88\ALBERTBLANCO\MAIN.ASM 91 : Found call to macro in column 1. (LOAD)
Warning[203] E:\MPLAB_WORKSPACE\16F88\ALBERTBLANCO\MAIN.ASM 93 : Found opcode in column 1. (movf)
Warning[203] E:\MPLAB_WORKSPACE\16F88\ALBERTBLANCO\MAIN.ASM 94 : Found opcode in column 1. (bcf)
Warning[203] E:\MPLAB_WORKSPACE\16F88\ALBERTBLANCO\MAIN.ASM 95 : Found opcode in column 1. (bsf)
Warning[203] E:\MPLAB_WORKSPACE\16F88\ALBERTBLANCO\MAIN.ASM 96 : Found opcode in column 1. (call)
Warning[203] E:\MPLAB_WORKSPACE\16F88\ALBERTBLANCO\MAIN.ASM 97 : Found opcode in column 1. (bcf)
Warning[203] E:\MPLAB_WORKSPACE\16F88\ALBERTBLANCO\MAIN.ASM 98 : Found opcode in column 1. (bcf)
Warning[203] E:\MPLAB_WORKSPACE\16F88\ALBERTBLANCO\MAIN.ASM 99 : Found opcode in column 1. (call)
Warning[203] E:\MPLAB_WORKSPACE\16F88\ALBERTBLANCO\MAIN.ASM 100 : Found opcode in column 1. (movf)
Warning[203] E:\MPLAB_WORKSPACE\16F88\ALBERTBLANCO\MAIN.ASM 101 : Found opcode in column 1. (bcf)
Warning[203] E:\MPLAB_WORKSPACE\16F88\ALBERTBLANCO\MAIN.ASM 102 : Found opcode in column 1. (bsf)
Warning[203] E:\MPLAB_WORKSPACE\16F88\ALBERTBLANCO\MAIN.ASM 103 : Found opcode in column 1. (call)
Warning[203] E:\MPLAB_WORKSPACE\16F88\ALBERTBLANCO\MAIN.ASM 104 : Found opcode in column 1. (bcf)
Warning[203] E:\MPLAB_WORKSPACE\16F88\ALBERTBLANCO\MAIN.ASM 105 : Found opcode in column 1. (bcf)
Warning[203] E:\MPLAB_WORKSPACE\16F88\ALBERTBLANCO\MAIN.ASM 106 : Found opcode in column 1. (call)
Warning[203] E:\MPLAB_WORKSPACE\16F88\ALBERTBLANCO\MAIN.ASM 107 : Found opcode in column 1. (bcf)
Warning[203] E:\MPLAB_WORKSPACE\16F88\ALBERTBLANCO\MAIN.ASM 108 : Found opcode in column 1. (bsf)
Warning[206] E:\MPLAB_WORKSPACE\16F88\ALBERTBLANCO\MAIN.ASM 109 : Found call to macro in column 1. (Delay)
Warning[206] E:\MPLAB_WORKSPACE\16F88\ALBERTBLANCO\MAIN.ASM 111 : Found call to macro in column 1. (LOAD)
Warning[203] E:\MPLAB_WORKSPACE\16F88\ALBERTBLANCO\MAIN.ASM 113 : Found opcode in column 1. (movf)
Warning[203] E:\MPLAB_WORKSPACE\16F88\ALBERTBLANCO\MAIN.ASM 114 : Found opcode in column 1. (bcf)
Warning[203] E:\MPLAB_WORKSPACE\16F88\ALBERTBLANCO\MAIN.ASM 115 : Found opcode in column 1. (bsf)
Warning[203] E:\MPLAB_WORKSPACE\16F88\ALBERTBLANCO\MAIN.ASM 116 : Found opcode in column 1. (call)
Warning[203] E:\MPLAB_WORKSPACE\16F88\ALBERTBLANCO\MAIN.ASM 117 : Found opcode in column 1. (bcf)
Warning[203] E:\MPLAB_WORKSPACE\16F88\ALBERTBLANCO\MAIN.ASM 118 : Found opcode in column 1. (bcf)
Warning[203] E:\MPLAB_WORKSPACE\16F88\ALBERTBLANCO\MAIN.ASM 119 : Found opcode in column 1. (call)
Warning[203] E:\MPLAB_WORKSPACE\16F88\ALBERTBLANCO\MAIN.ASM 120 : Found opcode in column 1. (movf)
Warning[203] E:\MPLAB_WORKSPACE\16F88\ALBERTBLANCO\MAIN.ASM 121 : Found opcode in column 1. (bcf)
Warning[203] E:\MPLAB_WORKSPACE\16F88\ALBERTBLANCO\MAIN.ASM 122 : Found opcode in column 1. (bsf)
Warning[203] E:\MPLAB_WORKSPACE\16F88\ALBERTBLANCO\MAIN.ASM 123 : Found opcode in column 1. (call)
Warning[203] E:\MPLAB_WORKSPACE\16F88\ALBERTBLANCO\MAIN.ASM 124 : Found opcode in column 1. (bcf)
Warning[203] E:\MPLAB_WORKSPACE\16F88\ALBERTBLANCO\MAIN.ASM 125 : Found opcode in column 1. (bcf)
Warning[203] E:\MPLAB_WORKSPACE\16F88\ALBERTBLANCO\MAIN.ASM 126 : Found opcode in column 1. (call)
Warning[203] E:\MPLAB_WORKSPACE\16F88\ALBERTBLANCO\MAIN.ASM 127 : Found opcode in column 1. (bcf)
Warning[203] E:\MPLAB_WORKSPACE\16F88\ALBERTBLANCO\MAIN.ASM 128 : Found opcode in column 1. (bsf)
Warning[206] E:\MPLAB_WORKSPACE\16F88\ALBERTBLANCO\MAIN.ASM 129 : Found call to macro in column 1. (Delay)
Warning[203] E:\MPLAB_WORKSPACE\16F88\ALBERTBLANCO\MAIN.ASM 132 : Found opcode in column 1. (incf)
Message[305] E:\MPLAB_WORKSPACE\16F88\ALBERTBLANCO\MAIN.ASM 132 : Using default destination of 1 (file).
Warning[203] E:\MPLAB_WORKSPACE\16F88\ALBERTBLANCO\MAIN.ASM 133 : Found opcode in column 1. (movlw)
Warning[203] E:\MPLAB_WORKSPACE\16F88\ALBERTBLANCO\MAIN.ASM 134 : Found opcode in column 1. (bcf)
Warning[203] E:\MPLAB_WORKSPACE\16F88\ALBERTBLANCO\MAIN.ASM 135 : Found opcode in column 1. (xorwf)
Warning[203] E:\MPLAB_WORKSPACE\16F88\ALBERTBLANCO\MAIN.ASM 136 : Found opcode in column 1. (btfss)
Warning[203] E:\MPLAB_WORKSPACE\16F88\ALBERTBLANCO\MAIN.ASM 137 : Found opcode in column 1. (GOTO)
Warning[203] E:\MPLAB_WORKSPACE\16F88\ALBERTBLANCO\MAIN.ASM 138 : Found opcode in column 1. (clrf)
Warning[203] E:\MPLAB_WORKSPACE\16F88\ALBERTBLANCO\MAIN.ASM 140 : Found opcode in column 1. (movf)
Warning[203] E:\MPLAB_WORKSPACE\16F88\ALBERTBLANCO\MAIN.ASM 141 : Found opcode in column 1. (movwf)
Warning[203] E:\MPLAB_WORKSPACE\16F88\ALBERTBLANCO\MAIN.ASM 142 : Found opcode in column 1. (movf)
Warning[203] E:\MPLAB_WORKSPACE\16F88\ALBERTBLANCO\MAIN.ASM 143 : Found opcode in column 1. (movwf)
Warning[203] E:\MPLAB_WORKSPACE\16F88\ALBERTBLANCO\MAIN.ASM 144 : Found opcode in column 1. (movf)
Warning[203] E:\MPLAB_WORKSPACE\16F88\ALBERTBLANCO\MAIN.ASM 145 : Found opcode in column 1. (movwf)
Warning[203] E:\MPLAB_WORKSPACE\16F88\ALBERTBLANCO\MAIN.ASM 146 : Found opcode in column 1. (incf)
Message[305] E:\MPLAB_WORKSPACE\16F88\ALBERTBLANCO\MAIN.ASM 146 : Using default destination of 1 (file).
Warning[203] E:\MPLAB_WORKSPACE\16F88\ALBERTBLANCO\MAIN.ASM 148 : Found opcode in column 1. (movlw)
Warning[203] E:\MPLAB_WORKSPACE\16F88\ALBERTBLANCO\MAIN.ASM 149 : Found opcode in column 1. (bcf)
Warning[203] E:\MPLAB_WORKSPACE\16F88\ALBERTBLANCO\MAIN.ASM 150 : Found opcode in column 1. (xorwf)
Warning[203] E:\MPLAB_WORKSPACE\16F88\ALBERTBLANCO\MAIN.ASM 151 : Found opcode in column 1. (btfss)
Warning[203] E:\MPLAB_WORKSPACE\16F88\ALBERTBLANCO\MAIN.ASM 152 : Found opcode in column 1. (GOTO)
Warning[203] E:\MPLAB_WORKSPACE\16F88\ALBERTBLANCO\MAIN.ASM 153 : Found opcode in column 1. (clrf)
Warning[203] E:\MPLAB_WORKSPACE\16F88\ALBERTBLANCO\MAIN.ASM 155 : Found opcode in column 1. (GOTO)
Warning[203] E:\MPLAB_WORKSPACE\16F88\ALBERTBLANCO\MAIN.ASM 158 : Found opcode in column 1. (movwf)
Warning[203] E:\MPLAB_WORKSPACE\16F88\ALBERTBLANCO\MAIN.ASM 159 : Found opcode in column 1. (movlw)
Warning[203] E:\MPLAB_WORKSPACE\16F88\ALBERTBLANCO\MAIN.ASM 160 : Found opcode in column 1. (movwf)
Warning[203] E:\MPLAB_WORKSPACE\16F88\ALBERTBLANCO\MAIN.ASM 163 : Found opcode in column 1. (btfss)
Warning[203] E:\MPLAB_WORKSPACE\16F88\ALBERTBLANCO\MAIN.ASM 164 : Found opcode in column 1. (goto)
Warning[203] E:\MPLAB_WORKSPACE\16F88\ALBERTBLANCO\MAIN.ASM 165 : Found opcode in column 1. (bsf)
Warning[203] E:\MPLAB_WORKSPACE\16F88\ALBERTBLANCO\MAIN.ASM 166 : Found opcode in column 1. (goto)
Warning[203] E:\MPLAB_WORKSPACE\16F88\ALBERTBLANCO\MAIN.ASM 167 : Found opcode in column 1. (bcf)
Warning[203] E:\MPLAB_WORKSPACE\16F88\ALBERTBLANCO\MAIN.ASM 168 : Found opcode in column 1. (bcf)
Warning[203] E:\MPLAB_WORKSPACE\16F88\ALBERTBLANCO\MAIN.ASM 169 : Found opcode in column 1. (bsf)
Warning[203] E:\MPLAB_WORKSPACE\16F88\ALBERTBLANCO\MAIN.ASM 171 : Found opcode in column 1. (rlf)
Warning[203] E:\MPLAB_WORKSPACE\16F88\ALBERTBLANCO\MAIN.ASM 172 : Found opcode in column 1. (decfsz)
Warning[203] E:\MPLAB_WORKSPACE\16F88\ALBERTBLANCO\MAIN.ASM 173 : Found opcode in column 1. (goto)
Warning[203] E:\MPLAB_WORKSPACE\16F88\ALBERTBLANCO\MAIN.ASM 176 : Found opcode in column 1. (addwf)
Warning[203] E:\MPLAB_WORKSPACE\16F88\ALBERTBLANCO\MAIN.ASM 177 : Found opcode in column 1. (retlw)
Warning[203] E:\MPLAB_WORKSPACE\16F88\ALBERTBLANCO\MAIN.ASM 178 : Found opcode in column 1. (retlw)
Warning[203] E:\MPLAB_WORKSPACE\16F88\ALBERTBLANCO\MAIN.ASM 179 : Found opcode in column 1. (retlw)
Warning[203] E:\MPLAB_WORKSPACE\16F88\ALBERTBLANCO\MAIN.ASM 180 : Found opcode in column 1. (retlw)
Warning[203] E:\MPLAB_WORKSPACE\16F88\ALBERTBLANCO\MAIN.ASM 181 : Found opcode in column 1. (retlw)
Warning[203] E:\MPLAB_WORKSPACE\16F88\ALBERTBLANCO\MAIN.ASM 182 : Found opcode in column 1. (retlw)
Warning[203] E:\MPLAB_WORKSPACE\16F88\ALBERTBLANCO\MAIN.ASM 183 : Found opcode in column 1. (retlw)
Warning[203] E:\MPLAB_WORKSPACE\16F88\ALBERTBLANCO\MAIN.ASM 184 : Found opcode in column 1. (retlw)
Warning[203] E:\MPLAB_WORKSPACE\16F88\ALBERTBLANCO\MAIN.ASM 185 : Found opcode in column 1. (retlw)
Warning[203] E:\MPLAB_WORKSPACE\16F88\ALBERTBLANCO\MAIN.ASM 186 : Found opcode in column 1. (retlw)
Warning[203] E:\MPLAB_WORKSPACE\16F88\ALBERTBLANCO\MAIN.ASM 187 : Found opcode in column 1. (retlw)
Warning[203] E:\MPLAB_WORKSPACE\16F88\ALBERTBLANCO\MAIN.ASM 188 : Found opcode in column 1. (retlw)
Warning[203] E:\MPLAB_WORKSPACE\16F88\ALBERTBLANCO\MAIN.ASM 189 : Found opcode in column 1. (retlw)
Warning[203] E:\MPLAB_WORKSPACE\16F88\ALBERTBLANCO\MAIN.ASM 190 : Found opcode in column 1. (retlw)
Warning[203] E:\MPLAB_WORKSPACE\16F88\ALBERTBLANCO\MAIN.ASM 191 : Found opcode in column 1. (retlw)
Warning[203] E:\MPLAB_WORKSPACE\16F88\ALBERTBLANCO\MAIN.ASM 192 : Found opcode in column 1. (retlw)
Warning[203] E:\MPLAB_WORKSPACE\16F88\ALBERTBLANCO\MAIN.ASM 193 : Found opcode in column 1. (retlw)
Warning[203] E:\MPLAB_WORKSPACE\16F88\ALBERTBLANCO\MAIN.ASM 194 : Found opcode in column 1. (retlw)
Warning[203] E:\MPLAB_WORKSPACE\16F88\ALBERTBLANCO\MAIN.ASM 195 : Found opcode in column 1. (retlw)
Warning[203] E:\MPLAB_WORKSPACE\16F88\ALBERTBLANCO\MAIN.ASM 196 : Found opcode in column 1. (retlw)
Warning[203] E:\MPLAB_WORKSPACE\16F88\ALBERTBLANCO\MAIN.ASM 197 : Found opcode in column 1. (retlw)
Warning[203] E:\MPLAB_WORKSPACE\16F88\ALBERTBLANCO\MAIN.ASM 198 : Found opcode in column 1. (retlw)
Warning[203] E:\MPLAB_WORKSPACE\16F88\ALBERTBLANCO\MAIN.ASM 199 : Found opcode in column 1. (retlw)
Warning[203] E:\MPLAB_WORKSPACE\16F88\ALBERTBLANCO\MAIN.ASM 200 : Found opcode in column 1. (retlw)
Warning[203] E:\MPLAB_WORKSPACE\16F88\ALBERTBLANCO\MAIN.ASM 201 : Found opcode in column 1. (retlw)
Warning[203] E:\MPLAB_WORKSPACE\16F88\ALBERTBLANCO\MAIN.ASM 202 : Found opcode in column 1. (retlw)
Warning[203] E:\MPLAB_WORKSPACE\16F88\ALBERTBLANCO\MAIN.ASM 203 : Found opcode in column 1. (retlw)
Warning[203] E:\MPLAB_WORKSPACE\16F88\ALBERTBLANCO\MAIN.ASM 204 : Found opcode in column 1. (retlw)
Warning[203] E:\MPLAB_WORKSPACE\16F88\ALBERTBLANCO\MAIN.ASM 205 : Found opcode in column 1. (retlw)
Warning[203] E:\MPLAB_WORKSPACE\16F88\ALBERTBLANCO\MAIN.ASM 206 : Found opcode in column 1. (retlw)
Warning[203] E:\MPLAB_WORKSPACE\16F88\ALBERTBLANCO\MAIN.ASM 207 : Found opcode in column 1. (retlw)
Warning[203] E:\MPLAB_WORKSPACE\16F88\ALBERTBLANCO\MAIN.ASM 208 : Found opcode in column 1. (retlw)
Warning[203] E:\MPLAB_WORKSPACE\16F88\ALBERTBLANCO\MAIN.ASM 209 : Found opcode in column 1. (retlw)
Warning[203] E:\MPLAB_WORKSPACE\16F88\ALBERTBLANCO\MAIN.ASM 210 : Found opcode in column 1. (retlw)
Warning[203] E:\MPLAB_WORKSPACE\16F88\ALBERTBLANCO\MAIN.ASM 211 : Found opcode in column 1. (retlw)
Warning[203] E:\MPLAB_WORKSPACE\16F88\ALBERTBLANCO\MAIN.ASM 212 : Found opcode in column 1. (retlw)
Warning[203] E:\MPLAB_WORKSPACE\16F88\ALBERTBLANCO\MAIN.ASM 213 : Found opcode in column 1. (retlw)
Warning[203] E:\MPLAB_WORKSPACE\16F88\ALBERTBLANCO\MAIN.ASM 214 : Found opcode in column 1. (retlw)
Warning[203] E:\MPLAB_WORKSPACE\16F88\ALBERTBLANCO\MAIN.ASM 215 : Found opcode in column 1. (retlw)
Warning[203] E:\MPLAB_WORKSPACE\16F88\ALBERTBLANCO\MAIN.ASM 216 : Found opcode in column 1. (retlw)
Warning[203] E:\MPLAB_WORKSPACE\16F88\ALBERTBLANCO\MAIN.ASM 217 : Found opcode in column 1. (retlw)
Warning[203] E:\MPLAB_WORKSPACE\16F88\ALBERTBLANCO\MAIN.ASM 218 : Found opcode in column 1. (retlw)
Warning[203] E:\MPLAB_WORKSPACE\16F88\ALBERTBLANCO\MAIN.ASM 219 : Found opcode in column 1. (retlw)
Warning[203] E:\MPLAB_WORKSPACE\16F88\ALBERTBLANCO\MAIN.ASM 220 : Found opcode in column 1. (retlw)
Warning[203] E:\MPLAB_WORKSPACE\16F88\ALBERTBLANCO\MAIN.ASM 221 : Found opcode in column 1. (retlw)
Warning[203] E:\MPLAB_WORKSPACE\16F88\ALBERTBLANCO\MAIN.ASM 222 : Found opcode in column 1. (retlw)
Warning[203] E:\MPLAB_WORKSPACE\16F88\ALBERTBLANCO\MAIN.ASM 223 : Found opcode in column 1. (retlw)
Warning[203] E:\MPLAB_WORKSPACE\16F88\ALBERTBLANCO\MAIN.ASM 224 : Found opcode in column 1. (retlw)
Warning[203] E:\MPLAB_WORKSPACE\16F88\ALBERTBLANCO\MAIN.ASM 225 : Found opcode in column 1. (retlw)
Warning[203] E:\MPLAB_WORKSPACE\16F88\ALBERTBLANCO\MAIN.ASM 226 : Found opcode in column 1. (retlw)
Warning[203] E:\MPLAB_WORKSPACE\16F88\ALBERTBLANCO\MAIN.ASM 227 : Found opcode in column 1. (retlw)
Warning[203] E:\MPLAB_WORKSPACE\16F88\ALBERTBLANCO\MAIN.ASM 228 : Found opcode in column 1. (retlw)
Warning[203] E:\MPLAB_WORKSPACE\16F88\ALBERTBLANCO\MAIN.ASM 229 : Found opcode in column 1. (retlw)
Warning[203] E:\MPLAB_WORKSPACE\16F88\ALBERTBLANCO\MAIN.ASM 230 : Found opcode in column 1. (retlw)
Warning[203] E:\MPLAB_WORKSPACE\16F88\ALBERTBLANCO\MAIN.ASM 231 : Found opcode in column 1. (retlw)
Warning[203] E:\MPLAB_WORKSPACE\16F88\ALBERTBLANCO\MAIN.ASM 232 : Found opcode in column 1. (retlw)
Warning[203] E:\MPLAB_WORKSPACE\16F88\ALBERTBLANCO\MAIN.ASM 233 : Found opcode in column 1. (retlw)
Warning[203] E:\MPLAB_WORKSPACE\16F88\ALBERTBLANCO\MAIN.ASM 234 : Found opcode in column 1. (retlw)
Warning[203] E:\MPLAB_WORKSPACE\16F88\ALBERTBLANCO\MAIN.ASM 235 : Found opcode in column 1. (retlw)
Warning[203] E:\MPLAB_WORKSPACE\16F88\ALBERTBLANCO\MAIN.ASM 236 : Found opcode in column 1. (retlw)
Warning[203] E:\MPLAB_WORKSPACE\16F88\ALBERTBLANCO\MAIN.ASM 237 : Found opcode in column 1. (retlw)
Warning[203] E:\MPLAB_WORKSPACE\16F88\ALBERTBLANCO\MAIN.ASM 238 : Found opcode in column 1. (retlw)
Warning[203] E:\MPLAB_WORKSPACE\16F88\ALBERTBLANCO\MAIN.ASM 239 : Found opcode in column 1. (retlw)
Warning[203] E:\MPLAB_WORKSPACE\16F88\ALBERTBLANCO\MAIN.ASM 240 : Found opcode in column 1. (retlw)
Warning[203] E:\MPLAB_WORKSPACE\16F88\ALBERTBLANCO\MAIN.ASM 241 : Found opcode in column 1. (retlw)
Warning[203] E:\MPLAB_WORKSPACE\16F88\ALBERTBLANCO\MAIN.ASM 242 : Found opcode in column 1. (retlw)
Warning[203] E:\MPLAB_WORKSPACE\16F88\ALBERTBLANCO\MAIN.ASM 243 : Found opcode in column 1. (retlw)
Warning[203] E:\MPLAB_WORKSPACE\16F88\ALBERTBLANCO\MAIN.ASM 244 : Found opcode in column 1. (retlw)
Warning[203] E:\MPLAB_WORKSPACE\16F88\ALBERTBLANCO\MAIN.ASM 245 : Found opcode in column 1. (retlw)
Warning[203] E:\MPLAB_WORKSPACE\16F88\ALBERTBLANCO\MAIN.ASM 246 : Found opcode in column 1. (retlw)
Warning[203] E:\MPLAB_WORKSPACE\16F88\ALBERTBLANCO\MAIN.ASM 247 : Found opcode in column 1. (retlw)
Warning[203] E:\MPLAB_WORKSPACE\16F88\ALBERTBLANCO\MAIN.ASM 248 : Found opcode in column 1. (retlw)
Warning[203] E:\MPLAB_WORKSPACE\16F88\ALBERTBLANCO\MAIN.ASM 249 : Found opcode in column 1. (retlw)
Warning[203] E:\MPLAB_WORKSPACE\16F88\ALBERTBLANCO\MAIN.ASM 250 : Found opcode in column 1. (retlw)
Warning[203] E:\MPLAB_WORKSPACE\16F88\ALBERTBLANCO\MAIN.ASM 251 : Found opcode in column 1. (retlw)
Warning[203] E:\MPLAB_WORKSPACE\16F88\ALBERTBLANCO\MAIN.ASM 252 : Found opcode in column 1. (retlw)
Warning[203] E:\MPLAB_WORKSPACE\16F88\ALBERTBLANCO\MAIN.ASM 253 : Found opcode in column 1. (retlw)
Warning[203] E:\MPLAB_WORKSPACE\16F88\ALBERTBLANCO\MAIN.ASM 254 : Found opcode in column 1. (retlw)
Warning[203] E:\MPLAB_WORKSPACE\16F88\ALBERTBLANCO\MAIN.ASM 255 : Found opcode in column 1. (retlw)
Warning[203] E:\MPLAB_WORKSPACE\16F88\ALBERTBLANCO\MAIN.ASM 256 : Found opcode in column 1. (retlw)
Warning[203] E:\MPLAB_WORKSPACE\16F88\ALBERTBLANCO\MAIN.ASM 257 : Found opcode in column 1. (retlw)
Warning[203] E:\MPLAB_WORKSPACE\16F88\ALBERTBLANCO\MAIN.ASM 258 : Found opcode in column 1. (retlw)
Warning[203] E:\MPLAB_WORKSPACE\16F88\ALBERTBLANCO\MAIN.ASM 259 : Found opcode in column 1. (retlw)
Warning[203] E:\MPLAB_WORKSPACE\16F88\ALBERTBLANCO\MAIN.ASM 260 : Found opcode in column 1. (retlw)
Warning[203] E:\MPLAB_WORKSPACE\16F88\ALBERTBLANCO\MAIN.ASM 261 : Found opcode in column 1. (retlw)
Warning[203] E:\MPLAB_WORKSPACE\16F88\ALBERTBLANCO\MAIN.ASM 262 : Found opcode in column 1. (retlw)
Warning[203] E:\MPLAB_WORKSPACE\16F88\ALBERTBLANCO\MAIN.ASM 263 : Found opcode in column 1. (retlw)
Warning[203] E:\MPLAB_WORKSPACE\16F88\ALBERTBLANCO\MAIN.ASM 264 : Found opcode in column 1. (retlw)
Warning[203] E:\MPLAB_WORKSPACE\16F88\ALBERTBLANCO\MAIN.ASM 265 : Found opcode in column 1. (retlw)
Warning[203] E:\MPLAB_WORKSPACE\16F88\ALBERTBLANCO\MAIN.ASM 266 : Found opcode in column 1. (retlw)
Warning[203] E:\MPLAB_WORKSPACE\16F88\ALBERTBLANCO\MAIN.ASM 267 : Found opcode in column 1. (retlw)
Warning[203] E:\MPLAB_WORKSPACE\16F88\ALBERTBLANCO\MAIN.ASM 268 : Found opcode in column 1. (retlw)
Warning[203] E:\MPLAB_WORKSPACE\16F88\ALBERTBLANCO\MAIN.ASM 269 : Found opcode in column 1. (retlw)
Warning[203] E:\MPLAB_WORKSPACE\16F88\ALBERTBLANCO\MAIN.ASM 270 : Found opcode in column 1. (retlw)
Warning[203] E:\MPLAB_WORKSPACE\16F88\ALBERTBLANCO\MAIN.ASM 271 : Found opcode in column 1. (retlw)
Warning[203] E:\MPLAB_WORKSPACE\16F88\ALBERTBLANCO\MAIN.ASM 272 : Found opcode in column 1. (retlw)
Warning[203] E:\MPLAB_WORKSPACE\16F88\ALBERTBLANCO\MAIN.ASM 273 : Found opcode in column 1. (retlw)
Warning[203] E:\MPLAB_WORKSPACE\16F88\ALBERTBLANCO\MAIN.ASM 274 : Found opcode in column 1. (retlw)
Warning[203] E:\MPLAB_WORKSPACE\16F88\ALBERTBLANCO\MAIN.ASM 275 : Found opcode in column 1. (retlw)
Warning[203] E:\MPLAB_WORKSPACE\16F88\ALBERTBLANCO\MAIN.ASM 276 : Found opcode in column 1. (retlw)
Warning[203] E:\MPLAB_WORKSPACE\16F88\ALBERTBLANCO\MAIN.ASM 277 : Found opcode in column 1. (retlw)
Warning[203] E:\MPLAB_WORKSPACE\16F88\ALBERTBLANCO\MAIN.ASM 278 : Found opcode in column 1. (retlw)
Warning[203] E:\MPLAB_WORKSPACE\16F88\ALBERTBLANCO\MAIN.ASM 279 : Found opcode in column 1. (retlw)
Warning[203] E:\MPLAB_WORKSPACE\16F88\ALBERTBLANCO\MAIN.ASM 280 : Found opcode in column 1. (retlw)
Warning[203] E:\MPLAB_WORKSPACE\16F88\ALBERTBLANCO\MAIN.ASM 281 : Found opcode in column 1. (retlw)
Warning[203] E:\MPLAB_WORKSPACE\16F88\ALBERTBLANCO\MAIN.ASM 282 : Found opcode in column 1. (retlw)
Warning[203] E:\MPLAB_WORKSPACE\16F88\ALBERTBLANCO\MAIN.ASM 283 : Found opcode in column 1. (retlw)
Warning[203] E:\MPLAB_WORKSPACE\16F88\ALBERTBLANCO\MAIN.ASM 284 : Found opcode in column 1. (retlw)
Warning[203] E:\MPLAB_WORKSPACE\16F88\ALBERTBLANCO\MAIN.ASM 285 : Found opcode in column 1. (retlw)
Warning[203] E:\MPLAB_WORKSPACE\16F88\ALBERTBLANCO\MAIN.ASM 286 : Found opcode in column 1. (retlw)
Warning[203] E:\MPLAB_WORKSPACE\16F88\ALBERTBLANCO\MAIN.ASM 287 : Found opcode in column 1. (retlw)
Warning[203] E:\MPLAB_WORKSPACE\16F88\ALBERTBLANCO\MAIN.ASM 288 : Found opcode in column 1. (retlw)
Warning[203] E:\MPLAB_WORKSPACE\16F88\ALBERTBLANCO\MAIN.ASM 289 : Found opcode in column 1. (retlw)
Warning[203] E:\MPLAB_WORKSPACE\16F88\ALBERTBLANCO\MAIN.ASM 290 : Found opcode in column 1. (retlw)
Warning[203] E:\MPLAB_WORKSPACE\16F88\ALBERTBLANCO\MAIN.ASM 291 : Found opcode in column 1. (retlw)
Warning[203] E:\MPLAB_WORKSPACE\16F88\ALBERTBLANCO\MAIN.ASM 292 : Found opcode in column 1. (retlw)
Warning[203] E:\MPLAB_WORKSPACE\16F88\ALBERTBLANCO\MAIN.ASM 293 : Found opcode in column 1. (retlw)
Warning[203] E:\MPLAB_WORKSPACE\16F88\ALBERTBLANCO\MAIN.ASM 294 : Found opcode in column 1. (retlw)
Warning[203] E:\MPLAB_WORKSPACE\16F88\ALBERTBLANCO\MAIN.ASM 295 : Found opcode in column 1. (retlw)
Warning[203] E:\MPLAB_WORKSPACE\16F88\ALBERTBLANCO\MAIN.ASM 296 : Found opcode in column 1. (retlw)
Warning[203] E:\MPLAB_WORKSPACE\16F88\ALBERTBLANCO\MAIN.ASM 297 : Found opcode in column 1. (retlw)
Warning[203] E:\MPLAB_WORKSPACE\16F88\ALBERTBLANCO\MAIN.ASM 298 : Found opcode in column 1. (retlw)
Warning[203] E:\MPLAB_WORKSPACE\16F88\ALBERTBLANCO\MAIN.ASM 299 : Found opcode in column 1. (retlw)
Warning[203] E:\MPLAB_WORKSPACE\16F88\ALBERTBLANCO\MAIN.ASM 300 : Found opcode in column 1. (retlw)
Warning[203] E:\MPLAB_WORKSPACE\16F88\ALBERTBLANCO\MAIN.ASM 301 : Found opcode in column 1. (retlw)
Warning[203] E:\MPLAB_WORKSPACE\16F88\ALBERTBLANCO\MAIN.ASM 305 : Found opcode in column 1. (addwf)
Warning[203] E:\MPLAB_WORKSPACE\16F88\ALBERTBLANCO\MAIN.ASM 306 : Found opcode in column 1. (retlw)
Warning[203] E:\MPLAB_WORKSPACE\16F88\ALBERTBLANCO\MAIN.ASM 307 : Found opcode in column 1. (retlw)
Warning[203] E:\MPLAB_WORKSPACE\16F88\ALBERTBLANCO\MAIN.ASM 308 : Found opcode in column 1. (retlw)
Warning[203] E:\MPLAB_WORKSPACE\16F88\ALBERTBLANCO\MAIN.ASM 309 : Found opcode in column 1. (retlw)
Warning[203] E:\MPLAB_WORKSPACE\16F88\ALBERTBLANCO\MAIN.ASM 310 : Found opcode in column 1. (retlw)
Warning[203] E:\MPLAB_WORKSPACE\16F88\ALBERTBLANCO\MAIN.ASM 311 : Found opcode in column 1. (retlw)
Warning[203] E:\MPLAB_WORKSPACE\16F88\ALBERTBLANCO\MAIN.ASM 312 : Found opcode in column 1. (retlw)
Warning[203] E:\MPLAB_WORKSPACE\16F88\ALBERTBLANCO\MAIN.ASM 313 : Found opcode in column 1. (retlw)
Warning[203] E:\MPLAB_WORKSPACE\16F88\ALBERTBLANCO\MAIN.ASM 314 : Found opcode in column 1. (retlw)
Warning[203] E:\MPLAB_WORKSPACE\16F88\ALBERTBLANCO\MAIN.ASM 315 : Found opcode in column 1. (retlw)
Warning[203] E:\MPLAB_WORKSPACE\16F88\ALBERTBLANCO\MAIN.ASM 316 : Found opcode in column 1. (retlw)
Warning[203] E:\MPLAB_WORKSPACE\16F88\ALBERTBLANCO\MAIN.ASM 317 : Found opcode in column 1. (retlw)
Warning[203] E:\MPLAB_WORKSPACE\16F88\ALBERTBLANCO\MAIN.ASM 318 : Found opcode in column 1. (retlw)
Warning[203] E:\MPLAB_WORKSPACE\16F88\ALBERTBLANCO\MAIN.ASM 319 : Found opcode in column 1. (retlw)
Warning[203] E:\MPLAB_WORKSPACE\16F88\ALBERTBLANCO\MAIN.ASM 320 : Found opcode in column 1. (retlw)
Warning[203] E:\MPLAB_WORKSPACE\16F88\ALBERTBLANCO\MAIN.ASM 323 : Found opcode in column 1. (addwf)
Warning[203] E:\MPLAB_WORKSPACE\16F88\ALBERTBLANCO\MAIN.ASM 324 : Found opcode in column 1. (retlw)
Warning[203] E:\MPLAB_WORKSPACE\16F88\ALBERTBLANCO\MAIN.ASM 325 : Found opcode in column 1. (retlw)
Warning[203] E:\MPLAB_WORKSPACE\16F88\ALBERTBLANCO\MAIN.ASM 326 : Found opcode in column 1. (retlw)
Warning[203] E:\MPLAB_WORKSPACE\16F88\ALBERTBLANCO\MAIN.ASM 327 : Found opcode in column 1. (retlw)
Warning[203] E:\MPLAB_WORKSPACE\16F88\ALBERTBLANCO\MAIN.ASM 328 : Found opcode in column 1. (retlw)
Warning[203] E:\MPLAB_WORKSPACE\16F88\ALBERTBLANCO\MAIN.ASM 329 : Found opcode in column 1. (retlw)
Warning[203] E:\MPLAB_WORKSPACE\16F88\ALBERTBLANCO\MAIN.ASM 330 : Found opcode in column 1. (retlw)
Warning[203] E:\MPLAB_WORKSPACE\16F88\ALBERTBLANCO\MAIN.ASM 331 : Found opcode in column 1. (retlw)
Warning[203] E:\MPLAB_WORKSPACE\16F88\ALBERTBLANCO\MAIN.ASM 332 : Found opcode in column 1. (retlw)
Warning[203] E:\MPLAB_WORKSPACE\16F88\ALBERTBLANCO\MAIN.ASM 333 : Found opcode in column 1. (retlw)
Warning[203] E:\MPLAB_WORKSPACE\16F88\ALBERTBLANCO\MAIN.ASM 334 : Found opcode in column 1. (retlw)
Warning[203] E:\MPLAB_WORKSPACE\16F88\ALBERTBLANCO\MAIN.ASM 335 : Found opcode in column 1. (retlw)
Warning[203] E:\MPLAB_WORKSPACE\16F88\ALBERTBLANCO\MAIN.ASM 336 : Found opcode in column 1. (retlw)
Warning[203] E:\MPLAB_WORKSPACE\16F88\ALBERTBLANCO\MAIN.ASM 337 : Found opcode in column 1. (retlw)
Warning[203] E:\MPLAB_WORKSPACE\16F88\ALBERTBLANCO\MAIN.ASM 338 : Found opcode in column 1. (retlw)
Warning[203] E:\MPLAB_WORKSPACE\16F88\ALBERTBLANCO\MAIN.ASM 341 : Found opcode in column 1. (addwf)
Warning[203] E:\MPLAB_WORKSPACE\16F88\ALBERTBLANCO\MAIN.ASM 342 : Found opcode in column 1. (retlw)
Warning[203] E:\MPLAB_WORKSPACE\16F88\ALBERTBLANCO\MAIN.ASM 343 : Found opcode in column 1. (retlw)
Warning[203] E:\MPLAB_WORKSPACE\16F88\ALBERTBLANCO\MAIN.ASM 344 : Found opcode in column 1. (retlw)
Warning[203] E:\MPLAB_WORKSPACE\16F88\ALBERTBLANCO\MAIN.ASM 345 : Found opcode in column 1. (retlw)
Warning[203] E:\MPLAB_WORKSPACE\16F88\ALBERTBLANCO\MAIN.ASM 346 : Found opcode in column 1. (retlw)
Warning[203] E:\MPLAB_WORKSPACE\16F88\ALBERTBLANCO\MAIN.ASM 347 : Found opcode in column 1. (retlw)
Warning[203] E:\MPLAB_WORKSPACE\16F88\ALBERTBLANCO\MAIN.ASM 348 : Found opcode in column 1. (retlw)
Warning[203] E:\MPLAB_WORKSPACE\16F88\ALBERTBLANCO\MAIN.ASM 349 : Found opcode in column 1. (retlw)
Warning[203] E:\MPLAB_WORKSPACE\16F88\ALBERTBLANCO\MAIN.ASM 350 : Found opcode in column 1. (retlw)
Warning[203] E:\MPLAB_WORKSPACE\16F88\ALBERTBLANCO\MAIN.ASM 351 : Found opcode in column 1. (retlw)
Warning[203] E:\MPLAB_WORKSPACE\16F88\ALBERTBLANCO\MAIN.ASM 352 : Found opcode in column 1. (retlw)
Warning[203] E:\MPLAB_WORKSPACE\16F88\ALBERTBLANCO\MAIN.ASM 353 : Found opcode in column 1. (retlw)
Warning[203] E:\MPLAB_WORKSPACE\16F88\ALBERTBLANCO\MAIN.ASM 354 : Found opcode in column 1. (retlw)
Warning[203] E:\MPLAB_WORKSPACE\16F88\ALBERTBLANCO\MAIN.ASM 355 : Found opcode in column 1. (retlw)
Warning[203] E:\MPLAB_WORKSPACE\16F88\ALBERTBLANCO\MAIN.ASM 356 : Found opcode in column 1. (retlw)
Warning[203] E:\MPLAB_WORKSPACE\16F88\ALBERTBLANCO\MAIN.ASM 357 : Found opcode in column 1. (retlw)
Warning[203] E:\MPLAB_WORKSPACE\16F88\ALBERTBLANCO\MAIN.ASM 358 : Found opcode in column 1. (retlw)
Warning[203] E:\MPLAB_WORKSPACE\16F88\ALBERTBLANCO\MAIN.ASM 359 : Found opcode in column 1. (retlw)
Warning[203] E:\MPLAB_WORKSPACE\16F88\ALBERTBLANCO\MAIN.ASM 362 : Found opcode in column 1. (addwf)
Warning[203] E:\MPLAB_WORKSPACE\16F88\ALBERTBLANCO\MAIN.ASM 363 : Found opcode in column 1. (retlw)
Warning[203] E:\MPLAB_WORKSPACE\16F88\ALBERTBLANCO\MAIN.ASM 364 : Found opcode in column 1. (retlw)
Warning[203] E:\MPLAB_WORKSPACE\16F88\ALBERTBLANCO\MAIN.ASM 365 : Found opcode in column 1. (retlw)
Warning[203] E:\MPLAB_WORKSPACE\16F88\ALBERTBLANCO\MAIN.ASM 366 : Found opcode in column 1. (retlw)
Warning[203] E:\MPLAB_WORKSPACE\16F88\ALBERTBLANCO\MAIN.ASM 367 : Found opcode in column 1. (retlw)
Warning[203] E:\MPLAB_WORKSPACE\16F88\ALBERTBLANCO\MAIN.ASM 368 : Found opcode in column 1. (retlw)
Warning[203] E:\MPLAB_WORKSPACE\16F88\ALBERTBLANCO\MAIN.ASM 369 : Found opcode in column 1. (retlw)
Warning[203] E:\MPLAB_WORKSPACE\16F88\ALBERTBLANCO\MAIN.ASM 370 : Found opcode in column 1. (retlw)
Warning[203] E:\MPLAB_WORKSPACE\16F88\ALBERTBLANCO\MAIN.ASM 371 : Found opcode in column 1. (retlw)
Warning[203] E:\MPLAB_WORKSPACE\16F88\ALBERTBLANCO\MAIN.ASM 372 : Found opcode in column 1. (retlw)
Warning[203] E:\MPLAB_WORKSPACE\16F88\ALBERTBLANCO\MAIN.ASM 373 : Found opcode in column 1. (retlw)
Warning[203] E:\MPLAB_WORKSPACE\16F88\ALBERTBLANCO\MAIN.ASM 374 : Found opcode in column 1. (retlw)
Warning[203] E:\MPLAB_WORKSPACE\16F88\ALBERTBLANCO\MAIN.ASM 375 : Found opcode in column 1. (retlw)
Warning[203] E:\MPLAB_WORKSPACE\16F88\ALBERTBLANCO\MAIN.ASM 376 : Found opcode in column 1. (retlw)
Warning[203] E:\MPLAB_WORKSPACE\16F88\ALBERTBLANCO\MAIN.ASM 377 : Found opcode in column 1. (retlw)
Warning[203] E:\MPLAB_WORKSPACE\16F88\ALBERTBLANCO\MAIN.ASM 378 : Found opcode in column 1. (retlw)
Warning[203] E:\MPLAB_WORKSPACE\16F88\ALBERTBLANCO\MAIN.ASM 379 : Found opcode in column 1. (retlw)
Warning[203] E:\MPLAB_WORKSPACE\16F88\ALBERTBLANCO\MAIN.ASM 380 : Found opcode in column 1. (retlw)
Warning[203] E:\MPLAB_WORKSPACE\16F88\ALBERTBLANCO\MAIN.ASM 383 : Found opcode in column 1. (addwf)
Warning[203] E:\MPLAB_WORKSPACE\16F88\ALBERTBLANCO\MAIN.ASM 384 : Found opcode in column 1. (retlw)
Warning[203] E:\MPLAB_WORKSPACE\16F88\ALBERTBLANCO\MAIN.ASM 385 : Found opcode in column 1. (retlw)
Warning[203] E:\MPLAB_WORKSPACE\16F88\ALBERTBLANCO\MAIN.ASM 386 : Found opcode in column 1. (retlw)
Warning[203] E:\MPLAB_WORKSPACE\16F88\ALBERTBLANCO\MAIN.ASM 387 : Found opcode in column 1. (retlw)
Warning[203] E:\MPLAB_WORKSPACE\16F88\ALBERTBLANCO\MAIN.ASM 388 : Found opcode in column 1. (retlw)
Warning[203] E:\MPLAB_WORKSPACE\16F88\ALBERTBLANCO\MAIN.ASM 389 : Found opcode in column 1. (retlw)
Warning[203] E:\MPLAB_WORKSPACE\16F88\ALBERTBLANCO\MAIN.ASM 390 : Found opcode in column 1. (retlw)
Warning[203] E:\MPLAB_WORKSPACE\16F88\ALBERTBLANCO\MAIN.ASM 391 : Found opcode in column 1. (retlw)
Warning[203] E:\MPLAB_WORKSPACE\16F88\ALBERTBLANCO\MAIN.ASM 392 : Found opcode in column 1. (retlw)
Warning[203] E:\MPLAB_WORKSPACE\16F88\ALBERTBLANCO\MAIN.ASM 393 : Found opcode in column 1. (retlw)
Warning[203] E:\MPLAB_WORKSPACE\16F88\ALBERTBLANCO\MAIN.ASM 394 : Found opcode in column 1. (retlw)
Warning[203] E:\MPLAB_WORKSPACE\16F88\ALBERTBLANCO\MAIN.ASM 395 : Found opcode in column 1. (retlw)
Warning[203] E:\MPLAB_WORKSPACE\16F88\ALBERTBLANCO\MAIN.ASM 396 : Found opcode in column 1. (retlw)
Warning[203] E:\MPLAB_WORKSPACE\16F88\ALBERTBLANCO\MAIN.ASM 397 : Found opcode in column 1. (retlw)
Warning[203] E:\MPLAB_WORKSPACE\16F88\ALBERTBLANCO\MAIN.ASM 398 : Found opcode in column 1. (retlw)
Warning[203] E:\MPLAB_WORKSPACE\16F88\ALBERTBLANCO\MAIN.ASM 399 : Found opcode in column 1. (retlw)
Warning[203] E:\MPLAB_WORKSPACE\16F88\ALBERTBLANCO\MAIN.ASM 400 : Found opcode in column 1. (retlw)
Warning[203] E:\MPLAB_WORKSPACE\16F88\ALBERTBLANCO\MAIN.ASM 401 : Found opcode in column 1. (retlw)
Warning[203] E:\MPLAB_WORKSPACE\16F88\ALBERTBLANCO\MAIN.ASM 402 : Found opcode in column 1. (retlw)
Warning[203] E:\MPLAB_WORKSPACE\16F88\ALBERTBLANCO\MAIN.ASM 403 : Found opcode in column 1. (retlw)
Warning[203] E:\MPLAB_WORKSPACE\16F88\ALBERTBLANCO\MAIN.ASM 404 : Found opcode in column 1. (retlw)
Warning[203] E:\MPLAB_WORKSPACE\16F88\ALBERTBLANCO\MAIN.ASM 405 : Found opcode in column 1. (retlw)
Warning[203] E:\MPLAB_WORKSPACE\16F88\ALBERTBLANCO\MAIN.ASM 406 : Found opcode in column 1. (retlw)
Warning[203] E:\MPLAB_WORKSPACE\16F88\ALBERTBLANCO\MAIN.ASM 407 : Found opcode in column 1. (retlw)
Warning[203] E:\MPLAB_WORKSPACE\16F88\ALBERTBLANCO\MAIN.ASM 410 : Found opcode in column 1. (addwf)
Warning[203] E:\MPLAB_WORKSPACE\16F88\ALBERTBLANCO\MAIN.ASM 411 : Found opcode in column 1. (retlw)
Warning[203] E:\MPLAB_WORKSPACE\16F88\ALBERTBLANCO\MAIN.ASM 412 : Found opcode in column 1. (retlw)
Warning[203] E:\MPLAB_WORKSPACE\16F88\ALBERTBLANCO\MAIN.ASM 413 : Found opcode in column 1. (retlw)
Warning[203] E:\MPLAB_WORKSPACE\16F88\ALBERTBLANCO\MAIN.ASM 414 : Found opcode in column 1. (retlw)
Warning[203] E:\MPLAB_WORKSPACE\16F88\ALBERTBLANCO\MAIN.ASM 415 : Found opcode in column 1. (retlw)
Warning[203] E:\MPLAB_WORKSPACE\16F88\ALBERTBLANCO\MAIN.ASM 416 : Found opcode in column 1. (retlw)
Warning[203] E:\MPLAB_WORKSPACE\16F88\ALBERTBLANCO\MAIN.ASM 417 : Found opcode in column 1. (retlw)
Warning[203] E:\MPLAB_WORKSPACE\16F88\ALBERTBLANCO\MAIN.ASM 418 : Found opcode in column 1. (retlw)
Warning[203] E:\MPLAB_WORKSPACE\16F88\ALBERTBLANCO\MAIN.ASM 419 : Found opcode in column 1. (retlw)
Warning[203] E:\MPLAB_WORKSPACE\16F88\ALBERTBLANCO\MAIN.ASM 420 : Found opcode in column 1. (retlw)
Warning[203] E:\MPLAB_WORKSPACE\16F88\ALBERTBLANCO\MAIN.ASM 421 : Found opcode in column 1. (retlw)
Warning[203] E:\MPLAB_WORKSPACE\16F88\ALBERTBLANCO\MAIN.ASM 422 : Found opcode in column 1. (retlw)
Warning[203] E:\MPLAB_WORKSPACE\16F88\ALBERTBLANCO\MAIN.ASM 423 : Found opcode in column 1. (retlw)
Warning[203] E:\MPLAB_WORKSPACE\16F88\ALBERTBLANCO\MAIN.ASM 424 : Found opcode in column 1. (retlw)
Warning[203] E:\MPLAB_WORKSPACE\16F88\ALBERTBLANCO\MAIN.ASM 425 : Found opcode in column 1. (retlw)
Warning[203] E:\MPLAB_WORKSPACE\16F88\ALBERTBLANCO\MAIN.ASM 426 : Found opcode in column 1. (retlw)
Warning[203] E:\MPLAB_WORKSPACE\16F88\ALBERTBLANCO\MAIN.ASM 427 : Found opcode in column 1. (retlw)
Warning[203] E:\MPLAB_WORKSPACE\16F88\ALBERTBLANCO\MAIN.ASM 428 : Found opcode in column 1. (retlw)
Warning[203] E:\MPLAB_WORKSPACE\16F88\ALBERTBLANCO\MAIN.ASM 429 : Found opcode in column 1. (retlw)
Warning[203] E:\MPLAB_WORKSPACE\16F88\ALBERTBLANCO\MAIN.ASM 430 : Found opcode in column 1. (retlw)
Warning[203] E:\MPLAB_WORKSPACE\16F88\ALBERTBLANCO\MAIN.ASM 431 : Found opcode in column 1. (retlw)
Warning[203] E:\MPLAB_WORKSPACE\16F88\ALBERTBLANCO\MAIN.ASM 432 : Found opcode in column 1. (retlw)
Warning[203] E:\MPLAB_WORKSPACE\16F88\ALBERTBLANCO\MAIN.ASM 433 : Found opcode in column 1. (retlw)
Warning[203] E:\MPLAB_WORKSPACE\16F88\ALBERTBLANCO\MAIN.ASM 434 : Found opcode in column 1. (retlw)
Warning[203] E:\MPLAB_WORKSPACE\16F88\ALBERTBLANCO\MAIN.ASM 437 : Found opcode in column 1. (addwf)
Warning[203] E:\MPLAB_WORKSPACE\16F88\ALBERTBLANCO\MAIN.ASM 438 : Found opcode in column 1. (retlw)
Warning[203] E:\MPLAB_WORKSPACE\16F88\ALBERTBLANCO\MAIN.ASM 439 : Found opcode in column 1. (retlw)
Warning[203] E:\MPLAB_WORKSPACE\16F88\ALBERTBLANCO\MAIN.ASM 440 : Found opcode in column 1. (retlw)
Warning[203] E:\MPLAB_WORKSPACE\16F88\ALBERTBLANCO\MAIN.ASM 441 : Found opcode in column 1. (retlw)
Warning[203] E:\MPLAB_WORKSPACE\16F88\ALBERTBLANCO\MAIN.ASM 442 : Found opcode in column 1. (retlw)
Warning[203] E:\MPLAB_WORKSPACE\16F88\ALBERTBLANCO\MAIN.ASM 443 : Found opcode in column 1. (retlw)
Warning[203] E:\MPLAB_WORKSPACE\16F88\ALBERTBLANCO\MAIN.ASM 444 : Found opcode in column 1. (retlw)
Warning[203] E:\MPLAB_WORKSPACE\16F88\ALBERTBLANCO\MAIN.ASM 445 : Found opcode in column 1. (retlw)
Warning[203] E:\MPLAB_WORKSPACE\16F88\ALBERTBLANCO\MAIN.ASM 446 : Found opcode in column 1. (retlw)
Warning[203] E:\MPLAB_WORKSPACE\16F88\ALBERTBLANCO\MAIN.ASM 447 : Found opcode in column 1. (retlw)
Warning[203] E:\MPLAB_WORKSPACE\16F88\ALBERTBLANCO\MAIN.ASM 448 : Found opcode in column 1. (retlw)
Warning[203] E:\MPLAB_WORKSPACE\16F88\ALBERTBLANCO\MAIN.ASM 449 : Found opcode in column 1. (retlw)
Warning[203] E:\MPLAB_WORKSPACE\16F88\ALBERTBLANCO\MAIN.ASM 450 : Found opcode in column 1. (retlw)
Warning[203] E:\MPLAB_WORKSPACE\16F88\ALBERTBLANCO\MAIN.ASM 453 : Found opcode in column 1. (addwf)
Warning[203] E:\MPLAB_WORKSPACE\16F88\ALBERTBLANCO\MAIN.ASM 454 : Found opcode in column 1. (retlw)
Warning[203] E:\MPLAB_WORKSPACE\16F88\ALBERTBLANCO\MAIN.ASM 455 : Found opcode in column 1. (retlw)
Warning[203] E:\MPLAB_WORKSPACE\16F88\ALBERTBLANCO\MAIN.ASM 456 : Found opcode in column 1. (retlw)
Warning[203] E:\MPLAB_WORKSPACE\16F88\ALBERTBLANCO\MAIN.ASM 457 : Found opcode in column 1. (retlw)
Warning[203] E:\MPLAB_WORKSPACE\16F88\ALBERTBLANCO\MAIN.ASM 458 : Found opcode in column 1. (retlw)
Warning[203] E:\MPLAB_WORKSPACE\16F88\ALBERTBLANCO\MAIN.ASM 459 : Found opcode in column 1. (retlw)
Warning[203] E:\MPLAB_WORKSPACE\16F88\ALBERTBLANCO\MAIN.ASM 460 : Found opcode in column 1. (retlw)
Warning[203] E:\MPLAB_WORKSPACE\16F88\ALBERTBLANCO\MAIN.ASM 461 : Found opcode in column 1. (retlw)
Warning[203] E:\MPLAB_WORKSPACE\16F88\ALBERTBLANCO\MAIN.ASM 462 : Found opcode in column 1. (retlw)
Warning[203] E:\MPLAB_WORKSPACE\16F88\ALBERTBLANCO\MAIN.ASM 463 : Found opcode in column 1. (retlw)
Warning[203] E:\MPLAB_WORKSPACE\16F88\ALBERTBLANCO\MAIN.ASM 464 : Found opcode in column 1. (retlw)
Warning[203] E:\MPLAB_WORKSPACE\16F88\ALBERTBLANCO\MAIN.ASM 465 : Found opcode in column 1. (retlw)
Warning[203] E:\MPLAB_WORKSPACE\16F88\ALBERTBLANCO\MAIN.ASM 466 : Found opcode in column 1. (retlw)
Warning[203] E:\MPLAB_WORKSPACE\16F88\ALBERTBLANCO\MAIN.ASM 470 : Found opcode in column 1. (addwf)
Warning[203] E:\MPLAB_WORKSPACE\16F88\ALBERTBLANCO\MAIN.ASM 471 : Found opcode in column 1. (retlw)
Warning[203] E:\MPLAB_WORKSPACE\16F88\ALBERTBLANCO\MAIN.ASM 472 : Found opcode in column 1. (retlw)
Warning[203] E:\MPLAB_WORKSPACE\16F88\ALBERTBLANCO\MAIN.ASM 473 : Found opcode in column 1. (retlw)
Warning[203] E:\MPLAB_WORKSPACE\16F88\ALBERTBLANCO\MAIN.ASM 474 : Found opcode in column 1. (retlw)
Warning[203] E:\MPLAB_WORKSPACE\16F88\ALBERTBLANCO\MAIN.ASM 475 : Found opcode in column 1. (retlw)
Warning[203] E:\MPLAB_WORKSPACE\16F88\ALBERTBLANCO\MAIN.ASM 476 : Found opcode in column 1. (retlw)
Warning[203] E:\MPLAB_WORKSPACE\16F88\ALBERTBLANCO\MAIN.ASM 477 : Found opcode in column 1. (retlw)
Warning[203] E:\MPLAB_WORKSPACE\16F88\ALBERTBLANCO\MAIN.ASM 478 : Found opcode in column 1. (retlw)
Warning[203] E:\MPLAB_WORKSPACE\16F88\ALBERTBLANCO\MAIN.ASM 479 : Found opcode in column 1. (retlw)
Warning[203] E:\MPLAB_WORKSPACE\16F88\ALBERTBLANCO\MAIN.ASM 480 : Found opcode in column 1. (retlw)
Warning[203] E:\MPLAB_WORKSPACE\16F88\ALBERTBLANCO\MAIN.ASM 481 : Found opcode in column 1. (retlw)
Warning[203] E:\MPLAB_WORKSPACE\16F88\ALBERTBLANCO\MAIN.ASM 482 : Found opcode in column 1. (retlw)
Warning[203] E:\MPLAB_WORKSPACE\16F88\ALBERTBLANCO\MAIN.ASM 483 : Found opcode in column 1. (retlw)
Warning[203] E:\MPLAB_WORKSPACE\16F88\ALBERTBLANCO\MAIN.ASM 484 : Found opcode in column 1. (retlw)
Warning[203] E:\MPLAB_WORKSPACE\16F88\ALBERTBLANCO\MAIN.ASM 485 : Found opcode in column 1. (retlw)
Warning[203] E:\MPLAB_WORKSPACE\16F88\ALBERTBLANCO\MAIN.ASM 486 : Found opcode in column 1. (retlw)
Warning[203] E:\MPLAB_WORKSPACE\16F88\ALBERTBLANCO\MAIN.ASM 489 : Found opcode in column 1. (addwf)
Warning[203] E:\MPLAB_WORKSPACE\16F88\ALBERTBLANCO\MAIN.ASM 490 : Found opcode in column 1. (retlw)
Warning[203] E:\MPLAB_WORKSPACE\16F88\ALBERTBLANCO\MAIN.ASM 491 : Found opcode in column 1. (retlw)
Warning[203] E:\MPLAB_WORKSPACE\16F88\ALBERTBLANCO\MAIN.ASM 492 : Found opcode in column 1. (retlw)
Warning[203] E:\MPLAB_WORKSPACE\16F88\ALBERTBLANCO\MAIN.ASM 493 : Found opcode in column 1. (retlw)
Warning[203] E:\MPLAB_WORKSPACE\16F88\ALBERTBLANCO\MAIN.ASM 494 : Found opcode in column 1. (retlw)
Warning[203] E:\MPLAB_WORKSPACE\16F88\ALBERTBLANCO\MAIN.ASM 495 : Found opcode in column 1. (retlw)
Warning[203] E:\MPLAB_WORKSPACE\16F88\ALBERTBLANCO\MAIN.ASM 496 : Found opcode in column 1. (retlw)
Warning[203] E:\MPLAB_WORKSPACE\16F88\ALBERTBLANCO\MAIN.ASM 497 : Found opcode in column 1. (retlw)
Warning[203] E:\MPLAB_WORKSPACE\16F88\ALBERTBLANCO\MAIN.ASM 498 : Found opcode in column 1. (retlw)
Warning[203] E:\MPLAB_WORKSPACE\16F88\ALBERTBLANCO\MAIN.ASM 499 : Found opcode in column 1. (retlw)
Warning[203] E:\MPLAB_WORKSPACE\16F88\ALBERTBLANCO\MAIN.ASM 500 : Found opcode in column 1. (retlw)
Warning[203] E:\MPLAB_WORKSPACE\16F88\ALBERTBLANCO\MAIN.ASM 501 : Found opcode in column 1. (retlw)
Warning[203] E:\MPLAB_WORKSPACE\16F88\ALBERTBLANCO\MAIN.ASM 502 : Found opcode in column 1. (retlw)
Warning[203] E:\MPLAB_WORKSPACE\16F88\ALBERTBLANCO\MAIN.ASM 503 : Found opcode in column 1. (retlw)
Warning[203] E:\MPLAB_WORKSPACE\16F88\ALBERTBLANCO\MAIN.ASM 504 : Found opcode in column 1. (retlw)
Warning[203] E:\MPLAB_WORKSPACE\16F88\ALBERTBLANCO\MAIN.ASM 505 : Found opcode in column 1. (retlw)
Warning[205] E:\MPLAB_WORKSPACE\16F88\ALBERTBLANCO\MAIN.ASM 507 : Found directive in column 1. (END)
