MPASM  5.51                          MAIN.ASM   9-29-2018  23:07:43         PAGE  1


LOC  OBJECT CODE     LINE SOURCE TEXT
  VALUE

Warning[205]: Found directive in column 1. (LIST)
                      00001 LIST    P=16F88
                      00002 #include "p16f88.inc"
                      00001         LIST
                      00002 
                      00003 ;==========================================================================
                      00004 ;  MPASM PIC16F88 processor include
                      00005 ; 
                      00006 ;  (c) Copyright 1999-2013 Microchip Technology, All rights reserved
                      00007 ;==========================================================================
                      00008 
                      00549         LIST
                      00003 #include "Macros.inc"
                      00001 
                      00002 
                      00003 LOAD MACRO Reg,Val
                      00004         movlw Val
                      00005         movwf Reg
                      00006         ENDM
                      00007 
                      00008         
                      00009 Delay MACRO val
                      00010         LOAD C1,val
                      00011         LOAD C2,0xff    ; Iniciamos contador2 
                      00012         decfsz C2,1    ; Decrementa Contador2 y si es 0 sale.-     
                      00013         goto $-1       ; Si no es 0 repetimos ciclo.- 
                      00014         decfsz C1,1    ; Decrementa Contador1.- 
                      00015         goto $-4    ; Si no es cero repetimos ciclo.- 
                      00016         ENDM
                      00017 
                      00018 Print MACRO i
                      00019         movlw 0xF0
                      00020         andwf PORTB
                      00021         movf i,0
                      00022         call msg  
                      00023         movwf temp ; actual
                      00024         movlw 0x0F
                      00025         andwf temp,0
                      00026         iorwf PORTB,1
                      00027         
                      00028         movf i,0
                      00029         call msg
                      00030         movwf temp
                      00031         movlw 0x70
                      00032         andwf temp,1
                      00033         rrf temp
                      00034         rrf temp
                      00035         rrf temp
                      00036         rrf temp
                      00037         movlw 0xF8
                      00038         andwf PORTA
                      00039         movf temp,0
                      00040         iorwf PORTA,1
MPASM  5.51                          MAIN.ASM   9-29-2018  23:07:43         PAGE  2


LOC  OBJECT CODE     LINE SOURCE TEXT
  VALUE

                      00041 
Warning[205]: Found directive in column 1. (ENDM)
                      00042 ENDM
                      00004 
2007   3F29           00005  __CONFIG _CONFIG1, _FOSC_XT & _WDTE_OFF & _PWRTE_OFF & _MCLRE_ON & _CP_OFF & _CPD_OFF & _BODEN_OFF & _L
                            VP_OFF
2008   3FFC           00006  __CONFIG _CONFIG2, _IESO_OFF  & _FCMEN_OFF & _CCP1_RB0 
                      00007 
                      00008 ;s4 s3 s2 s1
                      00009 ;0  0  0  1   func normal
                      00010 
                      00011 ;1  1  1  1  todos activados
                      00012 
  00000010            00013 _1                      equ 0x10
  00000020            00014 _2                      equ 0x20
  00000040            00015 _3                      equ 0x40
  00000080            00016 _4                      equ 0x80
  00000050            00017 _1_3            equ 0x50
  00000090            00018 _1_4            equ 0x90
  000000D0            00019 _1_3_4          equ 0xD0
  000000F0            00020 _1_2_3_4        equ 0xF0
  00000000            00021 none            equ 0x00
                      00022 
                      00023 
Warning[205]: Found directive in column 1. (CBLOCK)
                      00024 CBLOCK 0x20
  00000020            00025     temp,mask,C1,C2,CUENTA
Warning[205]: Found directive in column 1. (ENDC)
                      00026 ENDC
                      00027 
Warning[205]: Found directive in column 1. (ORG)
                      00028 ORG  0X00
Warning[203]: Found opcode in column 1. (GOTO)
0000   2???           00029 GOTO  INICIO 
Warning[205]: Found directive in column 1. (ORG)
                      00030 ORG  0X05   
                      00031     
0005                  00032 INICIO
                      00033 
Warning[205]: Found directive in column 1. (BANKSEL)
0005   1683 1303      00034 BANKSEL ANSEL
Message[302]: Register in operand not in bank 0.  Ensure that bank bits are correct.
0007   019B           00035         CLRF ANSEL
                      00036 
Warning[205]: Found directive in column 1. (BANKSEL)
0008   1283 1303      00037 BANKSEL T2CON
                      00038         LOAD T2CON,0x07 ; pre =16, tmr2 on 
000A   3007               M         movlw 0x07
000B   0092               M         movwf T2CON
                      00039         LOAD CCP1CON,0x3F ; <4:5> 2 bits dc , <3:0> pwm mode
000C   303F               M         movlw 0x3F
000D   0097               M         movwf CCP1CON
                      00040         LOAD CCPR1L,0x00
MPASM  5.51                          MAIN.ASM   9-29-2018  23:07:43         PAGE  3


LOC  OBJECT CODE     LINE SOURCE TEXT
  VALUE

000E   3000               M         movlw 0x00
000F   0095               M         movwf CCPR1L
Warning[205]: Found directive in column 1. (BANKSEL)
0010   1683 1303      00041 BANKSEL PR2
                      00042         LOAD PR2,0x3E           ; 4Mhz
0012   303E               M         movlw 0x3E
Message[302]: Register in operand not in bank 0.  Ensure that bank bits are correct.
0013   0092               M         movwf PR2
                      00043 
Warning[205]: Found directive in column 1. (BANKSEL)
0014   1683 1303      00044 BANKSEL TRISA
                      00045         LOAD TRISA,0x00 
0016   3000               M         movlw 0x00
Message[302]: Register in operand not in bank 0.  Ensure that bank bits are correct.
0017   0085               M         movwf TRISA
                      00046         LOAD TRISB,0xF0 
0018   30F0               M         movlw 0xF0
Message[302]: Register in operand not in bank 0.  Ensure that bank bits are correct.
0019   0086               M         movwf TRISB
                      00047 
Warning[205]: Found directive in column 1. (BANKSEL)
001A   1283 1303      00048 BANKSEL PORTA
001C   0186           00049         CLRF PORTB
001D   0186           00050         CLRF PORTB
                      00051 
Warning[203]: Found opcode in column 1. (Call)
001E   2???           00052 Call InitLineFollower
                      00053   
001F                  00054 Bucle
Warning[203]: Found opcode in column 1. (movf)
001F   0806           00055 movf PORTB,0 
Warning[203]: Found opcode in column 1. (andlw)
0020   39F0           00056 andlw 0xF0
Warning[203]: Found opcode in column 1. (movwf)
0021   00A0           00057 movwf temp
                      00058 
0022                  00059 _1_Caso
Warning[203]: Found opcode in column 1. (movlw)
0022   3010           00060 movlw _1
Warning[203]: Found opcode in column 1. (bcf)
0023   1103           00061 bcf STATUS,Z
Warning[203]: Found opcode in column 1. (xorwf)
0024   0620           00062 xorwf temp,0
Warning[203]: Found opcode in column 1. (btfss)
0025   1D03           00063 btfss STATUS,Z
Warning[203]: Found opcode in column 1. (GOTO)
0026   2???           00064 GOTO _2_Caso 
                      00065 
0027   2???           00066         Call Defrente
0028   2???           00067         GOTO Bucle
                      00068 
0029                  00069 _2_Caso
Warning[203]: Found opcode in column 1. (movlw)
MPASM  5.51                          MAIN.ASM   9-29-2018  23:07:43         PAGE  4


LOC  OBJECT CODE     LINE SOURCE TEXT
  VALUE

0029   3020           00070 movlw _2
Warning[203]: Found opcode in column 1. (bcf)
002A   1103           00071 bcf STATUS,Z
Warning[203]: Found opcode in column 1. (xorwf)
002B   0620           00072 xorwf temp,0
Warning[203]: Found opcode in column 1. (btfss)
002C   1D03           00073 btfss STATUS,Z
Warning[203]: Found opcode in column 1. (GOTO)
002D   2???           00074 GOTO _3_Caso
                      00075         
002E   2???           00076         Call Izquierda
002F   2???           00077         GOTO Bucle
                      00078 
0030                  00079 _3_Caso 
Warning[203]: Found opcode in column 1. (movlw)
0030   3040           00080 movlw _3
Warning[203]: Found opcode in column 1. (bcf)
0031   1103           00081 bcf STATUS,Z
Warning[203]: Found opcode in column 1. (xorwf)
0032   0620           00082 xorwf temp,0
Warning[203]: Found opcode in column 1. (btfss)
0033   1D03           00083 btfss STATUS,Z
Warning[203]: Found opcode in column 1. (GOTO)
0034   2???           00084 GOTO _4_Caso
                      00085         
0035   2???           00086         Call Izquierda
0036   2???           00087         GOTO Bucle
                      00088 
0037                  00089 _4_Caso 
Warning[203]: Found opcode in column 1. (movlw)
0037   3080           00090 movlw _4
Warning[203]: Found opcode in column 1. (bcf)
0038   1103           00091 bcf STATUS,Z
Warning[203]: Found opcode in column 1. (xorwf)
0039   0620           00092 xorwf temp,0
Warning[203]: Found opcode in column 1. (btfss)
003A   1D03           00093 btfss STATUS,Z
Warning[203]: Found opcode in column 1. (GOTO)
003B   2???           00094 GOTO _1_3_4_Caso
                      00095         
003C   2???           00096         Call Derecha
003D   2???           00097         GOTO Bucle
                      00098 
003E                  00099 _1_3_4_Caso ; Defrente
Warning[203]: Found opcode in column 1. (movlw)
003E   30D0           00100 movlw _1_3_4
Warning[203]: Found opcode in column 1. (bcf)
003F   1103           00101 bcf STATUS,Z
Warning[203]: Found opcode in column 1. (xorwf)
0040   0620           00102 xorwf temp,0
Warning[203]: Found opcode in column 1. (btfss)
0041   1D03           00103 btfss STATUS,Z
Warning[203]: Found opcode in column 1. (GOTO)
MPASM  5.51                          MAIN.ASM   9-29-2018  23:07:43         PAGE  5


LOC  OBJECT CODE     LINE SOURCE TEXT
  VALUE

0042   2???           00104 GOTO _1_3_Caso
                      00105 
0043   2???           00106         Call Defrente
0044   2???           00107         GOTO Bucle
                      00108 
0045                  00109 _1_3_Caso ;dont care s2
Warning[203]: Found opcode in column 1. (bcf)
0045   1103           00110 bcf STATUS,Z
Warning[203]: Found opcode in column 1. (movf)
0046   0820           00111 movf temp,0
Warning[203]: Found opcode in column 1. (movwf)
0047   00A1           00112 movwf mask
Warning[203]: Found opcode in column 1. (movlw)
0048   30DF           00113 movlw 0xDF
Warning[203]: Found opcode in column 1. (andwf)
Message[305]: Using default destination of 1 (file).
0049   05A1           00114 andwf mask
Warning[203]: Found opcode in column 1. (movlw)
004A   3050           00115 movlw _1_3
Warning[203]: Found opcode in column 1. (xorwf)
004B   0621           00116 xorwf mask,0
Warning[203]: Found opcode in column 1. (btfss)
004C   1D03           00117 btfss STATUS,Z
Warning[203]: Found opcode in column 1. (GOTO)
004D   2???           00118 GOTO _1_4_Caso  
                      00119 
004E   2???           00120         Call Izquierda
004F   2???           00121         GOTO Bucle
                      00122 
0050                  00123 _1_4_Caso ;dont care s2
Warning[203]: Found opcode in column 1. (bcf)
0050   1103           00124 bcf STATUS,Z
Warning[203]: Found opcode in column 1. (movf)
0051   0820           00125 movf temp,0
Warning[203]: Found opcode in column 1. (movwf)
0052   00A1           00126 movwf mask
Warning[203]: Found opcode in column 1. (movlw)
0053   30DF           00127 movlw 0xDF
Warning[203]: Found opcode in column 1. (andwf)
Message[305]: Using default destination of 1 (file).
0054   05A1           00128 andwf mask
Warning[203]: Found opcode in column 1. (movlw)
0055   3090           00129 movlw _1_4
Warning[203]: Found opcode in column 1. (xorwf)
0056   0621           00130 xorwf mask,0
Warning[203]: Found opcode in column 1. (btfss)
0057   1D03           00131 btfss STATUS,Z
Warning[203]: Found opcode in column 1. (GOTO)
0058   2???           00132 GOTO _1_2_3_4_Caso
                      00133 
0059   2???           00134         Call Derecha
005A   2???           00135         GOTO Bucle
                      00136 
MPASM  5.51                          MAIN.ASM   9-29-2018  23:07:43         PAGE  6


LOC  OBJECT CODE     LINE SOURCE TEXT
  VALUE

005B                  00137 _1_2_3_4_Caso
Warning[203]: Found opcode in column 1. (movlw)
005B   30F0           00138 movlw _1_2_3_4
Warning[203]: Found opcode in column 1. (bcf)
005C   1103           00139 bcf STATUS,Z
Warning[203]: Found opcode in column 1. (xorwf)
005D   0620           00140 xorwf temp,0
Warning[203]: Found opcode in column 1. (btfss)
005E   1D03           00141 btfss STATUS,Z
Warning[203]: Found opcode in column 1. (GOTO)
005F   2???           00142 GOTO Detener_Caso
                      00143         
0060   2???           00144         Call Parar
0061   2???           00145         GOTO Bucle
                      00146 
0062                  00147 Detener_Caso
Warning[203]: Found opcode in column 1. (movlw)
0062   3000           00148 movlw none
Warning[203]: Found opcode in column 1. (bcf)
0063   1103           00149 bcf STATUS,Z
Warning[203]: Found opcode in column 1. (xorwf)
0064   0620           00150 xorwf temp,0
Warning[203]: Found opcode in column 1. (btfss)
0065   1D03           00151 btfss STATUS,Z
Warning[203]: Found opcode in column 1. (GOTO)
0066   2???           00152 GOTO Bucle
0067   2???           00153         Call Parar
Warning[203]: Found opcode in column 1. (GOTO)
0068   2???           00154 GOTO Bucle
                      00155  
                      00156 ;$$$$$$$$$$$$$$$$$SUbRoutineS$$$$$$$$$$$$$$$$$$$$$
0069                  00157 InitLineFollower
                      00158         LOAD CCPR1L,0x1F
0069   301F               M         movlw 0x1F
006A   0095               M         movwf CCPR1L
                      00159         LOAD PR2,0x3E
006B   303E               M         movlw 0x3E
Message[302]: Register in operand not in bank 0.  Ensure that bank bits are correct.
006C   0092               M         movwf PR2
006D   30F0           00160         movlw 0xF0      
Message[305]: Using default destination of 1 (file).
006E   0585           00161         andwf PORTA 
Warning[203]: Found opcode in column 1. (return)
006F   0008           00162 return
                      00163 
0070                  00164 Izquierda ;  1110
                      00165         
0070   1005           00166         bcf PORTA ,.0   
0071   1485           00167         bsf PORTA ,.1
0072   1505           00168         bsf PORTA ,.2
0073   1585           00169         bsf PORTA ,.3
Warning[203]: Found opcode in column 1. (return)
0074   0008           00170 return
MPASM  5.51                          MAIN.ASM   9-29-2018  23:07:43         PAGE  7


LOC  OBJECT CODE     LINE SOURCE TEXT
  VALUE

                      00171 
0075                  00172 Derecha;  1011
                      00173 
0075   1405           00174         bsf PORTA ,.0
0076   1485           00175         bsf PORTA ,.1
0077   1105           00176         bcf PORTA ,.2
0078   1585           00177         bsf PORTA ,.3
Warning[203]: Found opcode in column 1. (return)
0079   0008           00178 return
                      00179 
007A                  00180 Defrente;  1010
                      00181 
007A   1005           00182         bcf PORTA ,.0
007B   1485           00183         bsf PORTA ,.1
007C   1105           00184         bcf PORTA ,.2
007D   1585           00185         bsf PORTA ,.3
Warning[203]: Found opcode in column 1. (return)
007E   0008           00186 return
                      00187 
007F                  00188 Parar ;  1111
007F   300F           00189         movlw 0x0F
Message[305]: Using default destination of 1 (file).
0080   0485           00190         iorwf PORTA
Warning[203]: Found opcode in column 1. (return)
0081   0008           00191 return
                      00192 
                      00193 
Warning[205]: Found directive in column 1. (END)
3F29 3FFC             00194 END
MPASM  5.51                          MAIN.ASM   9-29-2018  23:07:43         PAGE  8


SYMBOL TABLE
  LABEL                             VALUE 

ADCON0                            0000001F
ADCON1                            0000009F
ADCS0                             00000006
ADCS1                             00000007
ADCS2                             00000006
ADDEN                             00000003
ADFM                              00000007
ADIE                              00000006
ADIF                              00000006
ADON                              00000000
ADRESH                            0000001E
ADRESL                            0000009E
ANS0                              00000000
ANS1                              00000001
ANS2                              00000002
ANS3                              00000003
ANS4                              00000004
ANS5                              00000005
ANS6                              00000006
ANSEL                             0000009B
BF                                00000000
BRGH                              00000002
Bucle                             0000001F
C                                 00000000
C1                                00000022
C1INV                             00000004
C1OUT                             00000006
C2                                00000023
C2INV                             00000005
C2OUT                             00000007
CCP1CON                           00000017
CCP1IE                            00000002
CCP1IF                            00000002
CCP1M0                            00000000
CCP1M1                            00000001
CCP1M2                            00000002
CCP1M3                            00000003
CCP1X                             00000005
CCP1Y                             00000004
CCPR1                             00000015
CCPR1H                            00000016
CCPR1L                            00000015
CHS0                              00000003
CHS1                              00000004
CHS2                              00000005
CIS                               00000003
CKE                               00000006
CKP                               00000004
CM0                               00000000
CM1                               00000001
CM2                               00000002
CMCON                             0000009C
CMIE                              00000006
MPASM  5.51                          MAIN.ASM   9-29-2018  23:07:43         PAGE  9


SYMBOL TABLE
  LABEL                             VALUE 

CMIF                              00000006
CREN                              00000004
CSRC                              00000007
CUENTA                            00000024
CVR0                              00000000
CVR1                              00000001
CVR2                              00000002
CVR3                              00000003
CVRCON                            0000009D
CVREN                             00000007
CVROE                             00000006
CVRR                              00000005
D                                 00000005
DATA_ADDRESS                      00000005
DC                                00000001
D_A                               00000005
D_NOT_A                           00000005
Defrente                          0000007A
Delay                             
Derecha                           00000075
Detener_Caso                      00000062
EEADR                             0000010D
EEADRH                            0000010F
EECON1                            0000018C
EECON2                            0000018D
EEDATA                            0000010C
EEDATH                            0000010E
EEIE                              00000004
EEIF                              00000004
EEPGD                             00000007
F                                 00000001
FERR                              00000002
FREE                              00000004
FSR                               00000004
GIE                               00000007
GO                                00000002
GO_DONE                           00000002
GO_NOT_DONE                       00000002
I2C_DATA                          00000005
I2C_READ                          00000002
I2C_START                         00000003
I2C_STOP                          00000004
INDF                              00000000
INICIO                            00000005
INT0IE                            00000004
INT0IF                            00000001
INTCON                            0000000B
INTE                              00000004
INTEDG                            00000006
INTF                              00000001
IOFS                              00000002
IRCF0                             00000004
IRCF1                             00000005
MPASM  5.51                          MAIN.ASM   9-29-2018  23:07:43         PAGE 10


SYMBOL TABLE
  LABEL                             VALUE 

IRCF2                             00000006
IRP                               00000007
InitLineFollower                  00000069
Izquierda                         00000070
LOAD                              
NOT_A                             00000005
NOT_ADDRESS                       00000005
NOT_BO                            00000000
NOT_BOR                           00000000
NOT_DONE                          00000002
NOT_PD                            00000003
NOT_POR                           00000001
NOT_RBPU                          00000007
NOT_RC8                           00000006
NOT_T1SYNC                        00000002
NOT_TO                            00000004
NOT_TX8                           00000006
NOT_W                             00000002
NOT_WRITE                         00000002
OERR                              00000001
OPTION_REG                        00000081
OSCCON                            0000008F
OSCTUNE                           00000090
OSFIE                             00000007
OSFIF                             00000007
OSTS                              00000003
P                                 00000004
PCL                               00000002
PCLATH                            0000000A
PCON                              0000008E
PEIE                              00000006
PIE1                              0000008C
PIE2                              0000008D
PIR1                              0000000C
PIR2                              0000000D
PORTA                             00000005
PORTB                             00000006
PR2                               00000092
PS0                               00000000
PS1                               00000001
PS2                               00000002
PSA                               00000003
Parar                             0000007F
Print                             
R                                 00000002
RA0                               00000000
RA1                               00000001
RA2                               00000002
RA3                               00000003
RA4                               00000004
RA5                               00000005
RA6                               00000006
RA7                               00000007
MPASM  5.51                          MAIN.ASM   9-29-2018  23:07:43         PAGE 11


SYMBOL TABLE
  LABEL                             VALUE 

RB0                               00000000
RB1                               00000001
RB2                               00000002
RB3                               00000003
RB4                               00000004
RB5                               00000005
RB6                               00000006
RB7                               00000007
RBIE                              00000003
RBIF                              00000000
RC8_9                             00000006
RC9                               00000006
RCD8                              00000000
RCIE                              00000005
RCIF                              00000005
RCREG                             0000001A
RCSTA                             00000018
RD                                00000000
READ_WRITE                        00000002
RP0                               00000005
RP1                               00000006
RX9                               00000006
RX9D                              00000000
R_NOT_W                           00000002
R_W                               00000002
S                                 00000003
SCS0                              00000000
SCS1                              00000001
SMP                               00000007
SPBRG                             00000099
SPEN                              00000007
SREN                              00000005
SSPADD                            00000093
SSPBUF                            00000013
SSPCON                            00000014
SSPEN                             00000005
SSPIE                             00000003
SSPIF                             00000003
SSPM0                             00000000
SSPM1                             00000001
SSPM2                             00000002
SSPM3                             00000003
SSPOV                             00000006
SSPSTAT                           00000094
STATUS                            00000003
SWDTE                             00000000
SWDTEN                            00000000
SYNC                              00000004
T0CS                              00000005
T0SE                              00000004
T1CKPS0                           00000004
T1CKPS1                           00000005
T1CON                             00000010
MPASM  5.51                          MAIN.ASM   9-29-2018  23:07:43         PAGE 12


SYMBOL TABLE
  LABEL                             VALUE 

T1INSYNC                          00000002
T1OSCEN                           00000003
T1RUN                             00000006
T2CKPS0                           00000000
T2CKPS1                           00000001
T2CON                             00000012
TMR0                              00000001
TMR0IE                            00000005
TMR0IF                            00000002
TMR1                              0000000E
TMR1CS                            00000001
TMR1H                             0000000F
TMR1IE                            00000000
TMR1IF                            00000000
TMR1L                             0000000E
TMR1ON                            00000000
TMR2                              00000011
TMR2IE                            00000001
TMR2IF                            00000001
TMR2ON                            00000002
TOUTPS0                           00000003
TOUTPS1                           00000004
TOUTPS2                           00000005
TOUTPS3                           00000006
TRISA                             00000085
TRISA0                            00000000
TRISA1                            00000001
TRISA2                            00000002
TRISA3                            00000003
TRISA4                            00000004
TRISA5                            00000005
TRISA6                            00000006
TRISA7                            00000007
TRISB                             00000086
TRISB0                            00000000
TRISB1                            00000001
TRISB2                            00000002
TRISB3                            00000003
TRISB4                            00000004
TRISB5                            00000005
TRISB6                            00000006
TRISB7                            00000007
TRMT                              00000001
TUN0                              00000000
TUN1                              00000001
TUN2                              00000002
TUN3                              00000003
TUN4                              00000004
TUN5                              00000005
TX8_9                             00000006
TX9                               00000006
TX9D                              00000000
TXD8                              00000000
MPASM  5.51                          MAIN.ASM   9-29-2018  23:07:43         PAGE 13


SYMBOL TABLE
  LABEL                             VALUE 

TXEN                              00000005
TXIE                              00000004
TXIF                              00000004
TXREG                             00000019
TXSTA                             00000098
UA                                00000001
VCFG0                             00000004
VCFG1                             00000005
W                                 00000000
WCOL                              00000007
WDTCON                            00000105
WDTPS0                            00000001
WDTPS1                            00000002
WDTPS2                            00000003
WDTPS3                            00000004
WR                                00000001
WREN                              00000002
WRERR                             00000003
Z                                 00000002
_BODEN_OFF                        00003FBF
_BODEN_ON                         00003FFF
_BOREN_OFF                        00003FBF
_BOREN_ON                         00003FFF
_CCP1_RB0                         00003FFF
_CCP1_RB3                         00002FFF
_CCPMX_RB0                        00003FFF
_CCPMX_RB3                        00002FFF
_CONFIG1                          00002007
_CONFIG2                          00002008
_CPD_OFF                          00003FFF
_CPD_ON                           00003EFF
_CP_ALL                           00001FFF
_CP_OFF                           00003FFF
_CP_ON                            00001FFF
_DEBUG_OFF                        00003FFF
_DEBUG_ON                         000037FF
_DEVID1                           00002006
_EXTCLK                           00003FEF
_EXTRC_CLKOUT                     00003FFF
_EXTRC_IO                         00003FFE
_FCMEN_OFF                        00003FFE
_FCMEN_ON                         00003FFF
_FOSC_EC                          00003FEF
_FOSC_EXTRCCLK                    00003FFF
_FOSC_EXTRCIO                     00003FFE
_FOSC_HS                          00003FEE
_FOSC_INTOSCCLK                   00003FFD
_FOSC_INTOSCIO                    00003FFC
_FOSC_LP                          00003FEC
_FOSC_XT                          00003FED
_HS_OSC                           00003FEE
_IDLOC0                           00002000
_IDLOC1                           00002001
MPASM  5.51                          MAIN.ASM   9-29-2018  23:07:43         PAGE 14


SYMBOL TABLE
  LABEL                             VALUE 

_IDLOC2                           00002002
_IDLOC3                           00002003
_IESO_OFF                         00003FFD
_IESO_ON                          00003FFF
_INTRC_CLKOUT                     00003FFD
_INTRC_IO                         00003FFC
_LP_OSC                           00003FEC
_LVP_OFF                          00003F7F
_LVP_ON                           00003FFF
_MCLRE_OFF                        00003FDF
_MCLRE_ON                         00003FFF
_MCLR_OFF                         00003FDF
_MCLR_ON                          00003FFF
_PWRTE_OFF                        00003FFF
_PWRTE_ON                         00003FF7
_WDTE_OFF                         00003FFB
_WDTE_ON                          00003FFF
_WDT_OFF                          00003FFB
_WDT_ON                           00003FFF
_WRT_2048                         00003BFF
_WRT_256                          00003DFF
_WRT_ALL                          000039FF
_WRT_OFF                          00003FFF
_WRT_PROTECT_2048                 00003BFF
_WRT_PROTECT_256                  00003DFF
_WRT_PROTECT_ALL                  000039FF
_WRT_PROTECT_OFF                  00003FFF
_XT_OSC                           00003FED
__16F88                           00000001
__DEBUG                           1
mask                              00000021
none                              00000000
temp                              00000020

Errors   :     0
Warnings :    76 reported,     0 suppressed
Messages :     9 reported,     0 suppressed

