Warning[205] E:\MPLAB_WORKSPACE\16F88\FOLLOWER\MAIN.ASM 1 : Found directive in column 1. (LIST)
Warning[205] E:\MPLAB_WORKSPACE\16F88\FOLLOWER\MACROS.INC 42 : Found directive in column 1. (ENDM)
Warning[205] E:\MPLAB_WORKSPACE\16F88\FOLLOWER\MAIN.ASM 24 : Found directive in column 1. (CBLOCK)
Warning[205] E:\MPLAB_WORKSPACE\16F88\FOLLOWER\MAIN.ASM 26 : Found directive in column 1. (ENDC)
Warning[205] E:\MPLAB_WORKSPACE\16F88\FOLLOWER\MAIN.ASM 28 : Found directive in column 1. (ORG)
Warning[203] E:\MPLAB_WORKSPACE\16F88\FOLLOWER\MAIN.ASM 29 : Found opcode in column 1. (GOTO)
Warning[205] E:\MPLAB_WORKSPACE\16F88\FOLLOWER\MAIN.ASM 30 : Found directive in column 1. (ORG)
Warning[205] E:\MPLAB_WORKSPACE\16F88\FOLLOWER\MAIN.ASM 34 : Found directive in column 1. (BANKSEL)
Message[302] E:\MPLAB_WORKSPACE\16F88\FOLLOWER\MAIN.ASM 35 : Register in operand not in bank 0.  Ensure that bank bits are correct.
Warning[205] E:\MPLAB_WORKSPACE\16F88\FOLLOWER\MAIN.ASM 37 : Found directive in column 1. (BANKSEL)
Warning[205] E:\MPLAB_WORKSPACE\16F88\FOLLOWER\MAIN.ASM 41 : Found directive in column 1. (BANKSEL)
Message[302] E:\MPLAB_WORKSPACE\16F88\FOLLOWER\MACROS.INC 5 : Register in operand not in bank 0.  Ensure that bank bits are correct.
Warning[205] E:\MPLAB_WORKSPACE\16F88\FOLLOWER\MAIN.ASM 44 : Found directive in column 1. (BANKSEL)
Message[302] E:\MPLAB_WORKSPACE\16F88\FOLLOWER\MACROS.INC 5 : Register in operand not in bank 0.  Ensure that bank bits are correct.
Message[302] E:\MPLAB_WORKSPACE\16F88\FOLLOWER\MACROS.INC 5 : Register in operand not in bank 0.  Ensure that bank bits are correct.
Warning[205] E:\MPLAB_WORKSPACE\16F88\FOLLOWER\MAIN.ASM 48 : Found directive in column 1. (BANKSEL)
Warning[203] E:\MPLAB_WORKSPACE\16F88\FOLLOWER\MAIN.ASM 52 : Found opcode in column 1. (Call)
Warning[203] E:\MPLAB_WORKSPACE\16F88\FOLLOWER\MAIN.ASM 55 : Found opcode in column 1. (movf)
Warning[203] E:\MPLAB_WORKSPACE\16F88\FOLLOWER\MAIN.ASM 56 : Found opcode in column 1. (andlw)
Warning[203] E:\MPLAB_WORKSPACE\16F88\FOLLOWER\MAIN.ASM 57 : Found opcode in column 1. (movwf)
Warning[203] E:\MPLAB_WORKSPACE\16F88\FOLLOWER\MAIN.ASM 60 : Found opcode in column 1. (movlw)
Warning[203] E:\MPLAB_WORKSPACE\16F88\FOLLOWER\MAIN.ASM 61 : Found opcode in column 1. (bcf)
Warning[203] E:\MPLAB_WORKSPACE\16F88\FOLLOWER\MAIN.ASM 62 : Found opcode in column 1. (xorwf)
Warning[203] E:\MPLAB_WORKSPACE\16F88\FOLLOWER\MAIN.ASM 63 : Found opcode in column 1. (btfss)
Warning[203] E:\MPLAB_WORKSPACE\16F88\FOLLOWER\MAIN.ASM 64 : Found opcode in column 1. (GOTO)
Warning[203] E:\MPLAB_WORKSPACE\16F88\FOLLOWER\MAIN.ASM 70 : Found opcode in column 1. (movlw)
Warning[203] E:\MPLAB_WORKSPACE\16F88\FOLLOWER\MAIN.ASM 71 : Found opcode in column 1. (bcf)
Warning[203] E:\MPLAB_WORKSPACE\16F88\FOLLOWER\MAIN.ASM 72 : Found opcode in column 1. (xorwf)
Warning[203] E:\MPLAB_WORKSPACE\16F88\FOLLOWER\MAIN.ASM 73 : Found opcode in column 1. (btfss)
Warning[203] E:\MPLAB_WORKSPACE\16F88\FOLLOWER\MAIN.ASM 74 : Found opcode in column 1. (GOTO)
Warning[203] E:\MPLAB_WORKSPACE\16F88\FOLLOWER\MAIN.ASM 80 : Found opcode in column 1. (movlw)
Warning[203] E:\MPLAB_WORKSPACE\16F88\FOLLOWER\MAIN.ASM 81 : Found opcode in column 1. (bcf)
Warning[203] E:\MPLAB_WORKSPACE\16F88\FOLLOWER\MAIN.ASM 82 : Found opcode in column 1. (xorwf)
Warning[203] E:\MPLAB_WORKSPACE\16F88\FOLLOWER\MAIN.ASM 83 : Found opcode in column 1. (btfss)
Warning[203] E:\MPLAB_WORKSPACE\16F88\FOLLOWER\MAIN.ASM 84 : Found opcode in column 1. (GOTO)
Warning[203] E:\MPLAB_WORKSPACE\16F88\FOLLOWER\MAIN.ASM 90 : Found opcode in column 1. (movlw)
Warning[203] E:\MPLAB_WORKSPACE\16F88\FOLLOWER\MAIN.ASM 91 : Found opcode in column 1. (bcf)
Warning[203] E:\MPLAB_WORKSPACE\16F88\FOLLOWER\MAIN.ASM 92 : Found opcode in column 1. (xorwf)
Warning[203] E:\MPLAB_WORKSPACE\16F88\FOLLOWER\MAIN.ASM 93 : Found opcode in column 1. (btfss)
Warning[203] E:\MPLAB_WORKSPACE\16F88\FOLLOWER\MAIN.ASM 94 : Found opcode in column 1. (GOTO)
Warning[203] E:\MPLAB_WORKSPACE\16F88\FOLLOWER\MAIN.ASM 100 : Found opcode in column 1. (movlw)
Warning[203] E:\MPLAB_WORKSPACE\16F88\FOLLOWER\MAIN.ASM 101 : Found opcode in column 1. (bcf)
Warning[203] E:\MPLAB_WORKSPACE\16F88\FOLLOWER\MAIN.ASM 102 : Found opcode in column 1. (xorwf)
Warning[203] E:\MPLAB_WORKSPACE\16F88\FOLLOWER\MAIN.ASM 103 : Found opcode in column 1. (btfss)
Warning[203] E:\MPLAB_WORKSPACE\16F88\FOLLOWER\MAIN.ASM 104 : Found opcode in column 1. (GOTO)
Warning[203] E:\MPLAB_WORKSPACE\16F88\FOLLOWER\MAIN.ASM 110 : Found opcode in column 1. (bcf)
Warning[203] E:\MPLAB_WORKSPACE\16F88\FOLLOWER\MAIN.ASM 111 : Found opcode in column 1. (movf)
Warning[203] E:\MPLAB_WORKSPACE\16F88\FOLLOWER\MAIN.ASM 112 : Found opcode in column 1. (movwf)
Warning[203] E:\MPLAB_WORKSPACE\16F88\FOLLOWER\MAIN.ASM 113 : Found opcode in column 1. (movlw)
Warning[203] E:\MPLAB_WORKSPACE\16F88\FOLLOWER\MAIN.ASM 114 : Found opcode in column 1. (andwf)
Message[305] E:\MPLAB_WORKSPACE\16F88\FOLLOWER\MAIN.ASM 114 : Using default destination of 1 (file).
Warning[203] E:\MPLAB_WORKSPACE\16F88\FOLLOWER\MAIN.ASM 115 : Found opcode in column 1. (movlw)
Warning[203] E:\MPLAB_WORKSPACE\16F88\FOLLOWER\MAIN.ASM 116 : Found opcode in column 1. (xorwf)
Warning[203] E:\MPLAB_WORKSPACE\16F88\FOLLOWER\MAIN.ASM 117 : Found opcode in column 1. (btfss)
Warning[203] E:\MPLAB_WORKSPACE\16F88\FOLLOWER\MAIN.ASM 118 : Found opcode in column 1. (GOTO)
Warning[203] E:\MPLAB_WORKSPACE\16F88\FOLLOWER\MAIN.ASM 124 : Found opcode in column 1. (bcf)
Warning[203] E:\MPLAB_WORKSPACE\16F88\FOLLOWER\MAIN.ASM 125 : Found opcode in column 1. (movf)
Warning[203] E:\MPLAB_WORKSPACE\16F88\FOLLOWER\MAIN.ASM 126 : Found opcode in column 1. (movwf)
Warning[203] E:\MPLAB_WORKSPACE\16F88\FOLLOWER\MAIN.ASM 127 : Found opcode in column 1. (movlw)
Warning[203] E:\MPLAB_WORKSPACE\16F88\FOLLOWER\MAIN.ASM 128 : Found opcode in column 1. (andwf)
Message[305] E:\MPLAB_WORKSPACE\16F88\FOLLOWER\MAIN.ASM 128 : Using default destination of 1 (file).
Warning[203] E:\MPLAB_WORKSPACE\16F88\FOLLOWER\MAIN.ASM 129 : Found opcode in column 1. (movlw)
Warning[203] E:\MPLAB_WORKSPACE\16F88\FOLLOWER\MAIN.ASM 130 : Found opcode in column 1. (xorwf)
Warning[203] E:\MPLAB_WORKSPACE\16F88\FOLLOWER\MAIN.ASM 131 : Found opcode in column 1. (btfss)
Warning[203] E:\MPLAB_WORKSPACE\16F88\FOLLOWER\MAIN.ASM 132 : Found opcode in column 1. (GOTO)
Warning[203] E:\MPLAB_WORKSPACE\16F88\FOLLOWER\MAIN.ASM 138 : Found opcode in column 1. (movlw)
Warning[203] E:\MPLAB_WORKSPACE\16F88\FOLLOWER\MAIN.ASM 139 : Found opcode in column 1. (bcf)
Warning[203] E:\MPLAB_WORKSPACE\16F88\FOLLOWER\MAIN.ASM 140 : Found opcode in column 1. (xorwf)
Warning[203] E:\MPLAB_WORKSPACE\16F88\FOLLOWER\MAIN.ASM 141 : Found opcode in column 1. (btfss)
Warning[203] E:\MPLAB_WORKSPACE\16F88\FOLLOWER\MAIN.ASM 142 : Found opcode in column 1. (GOTO)
Warning[203] E:\MPLAB_WORKSPACE\16F88\FOLLOWER\MAIN.ASM 148 : Found opcode in column 1. (movlw)
Warning[203] E:\MPLAB_WORKSPACE\16F88\FOLLOWER\MAIN.ASM 149 : Found opcode in column 1. (bcf)
Warning[203] E:\MPLAB_WORKSPACE\16F88\FOLLOWER\MAIN.ASM 150 : Found opcode in column 1. (xorwf)
Warning[203] E:\MPLAB_WORKSPACE\16F88\FOLLOWER\MAIN.ASM 151 : Found opcode in column 1. (btfss)
Warning[203] E:\MPLAB_WORKSPACE\16F88\FOLLOWER\MAIN.ASM 152 : Found opcode in column 1. (GOTO)
Warning[203] E:\MPLAB_WORKSPACE\16F88\FOLLOWER\MAIN.ASM 154 : Found opcode in column 1. (GOTO)
Message[302] E:\MPLAB_WORKSPACE\16F88\FOLLOWER\MACROS.INC 5 : Register in operand not in bank 0.  Ensure that bank bits are correct.
Message[305] E:\MPLAB_WORKSPACE\16F88\FOLLOWER\MAIN.ASM 161 : Using default destination of 1 (file).
Warning[203] E:\MPLAB_WORKSPACE\16F88\FOLLOWER\MAIN.ASM 162 : Found opcode in column 1. (return)
Warning[203] E:\MPLAB_WORKSPACE\16F88\FOLLOWER\MAIN.ASM 170 : Found opcode in column 1. (return)
Warning[203] E:\MPLAB_WORKSPACE\16F88\FOLLOWER\MAIN.ASM 178 : Found opcode in column 1. (return)
Warning[203] E:\MPLAB_WORKSPACE\16F88\FOLLOWER\MAIN.ASM 186 : Found opcode in column 1. (return)
Message[305] E:\MPLAB_WORKSPACE\16F88\FOLLOWER\MAIN.ASM 190 : Using default destination of 1 (file).
Warning[203] E:\MPLAB_WORKSPACE\16F88\FOLLOWER\MAIN.ASM 191 : Found opcode in column 1. (return)
Warning[205] E:\MPLAB_WORKSPACE\16F88\FOLLOWER\MAIN.ASM 194 : Found directive in column 1. (END)
