Warning[205] D:\DEVELOP\MPLAB\E1\E1.X\MAIN.ASM 1 : Found directive in column 1. (LIST)
Warning[205] D:\DEVELOP\MPLAB\E1\E1.X\MAIN.ASM 4 : Found directive in column 1. (__CONFIG)
Warning[205] D:\DEVELOP\MPLAB\E1\E1.X\MAIN.ASM 6 : Found directive in column 1. (__CONFIG)
Warning[205] D:\DEVELOP\MPLAB\E1\E1.X\MAIN.ASM 8 : Found directive in column 1. (ORG)
Warning[203] D:\DEVELOP\MPLAB\E1\E1.X\MAIN.ASM 9 : Found opcode in column 1. (GOTO)
Warning[205] D:\DEVELOP\MPLAB\E1\E1.X\MAIN.ASM 10 : Found directive in column 1. (ORG)
Warning[203] D:\DEVELOP\MPLAB\E1\E1.X\MAIN.ASM 11 : Found opcode in column 1. (GOTO)
Warning[205] D:\DEVELOP\MPLAB\E1\E1.X\MAIN.ASM 12 : Found directive in column 1. (ORG)
Warning[205] D:\DEVELOP\MPLAB\E1\E1.X\MAIN.ASM 16 : Found directive in column 1. (banksel)
Warning[203] D:\DEVELOP\MPLAB\E1\E1.X\MAIN.ASM 17 : Found opcode in column 1. (movlw)
Warning[203] D:\DEVELOP\MPLAB\E1\E1.X\MAIN.ASM 18 : Found opcode in column 1. (movwf)
Message[302] D:\DEVELOP\MPLAB\E1\E1.X\MAIN.ASM 18 : Register in operand not in bank 0.  Ensure that bank bits are correct.
Warning[203] D:\DEVELOP\MPLAB\E1\E1.X\MAIN.ASM 20 : Found opcode in column 1. (movlw)
Warning[203] D:\DEVELOP\MPLAB\E1\E1.X\MAIN.ASM 21 : Found opcode in column 1. (movwf)
Message[302] D:\DEVELOP\MPLAB\E1\E1.X\MAIN.ASM 21 : Register in operand not in bank 0.  Ensure that bank bits are correct.
Warning[205] D:\DEVELOP\MPLAB\E1\E1.X\MAIN.ASM 23 : Found directive in column 1. (banksel)
Warning[203] D:\DEVELOP\MPLAB\E1\E1.X\MAIN.ASM 24 : Found opcode in column 1. (clrf)
Message[302] D:\DEVELOP\MPLAB\E1\E1.X\MAIN.ASM 24 : Register in operand not in bank 0.  Ensure that bank bits are correct.
Warning[205] D:\DEVELOP\MPLAB\E1\E1.X\MAIN.ASM 26 : Found directive in column 1. (banksel)
Warning[203] D:\DEVELOP\MPLAB\E1\E1.X\MAIN.ASM 27 : Found opcode in column 1. (movlw)
Warning[203] D:\DEVELOP\MPLAB\E1\E1.X\MAIN.ASM 28 : Found opcode in column 1. (movwf)
Warning[203] D:\DEVELOP\MPLAB\E1\E1.X\MAIN.ASM 30 : Found opcode in column 1. (movlw)
Warning[203] D:\DEVELOP\MPLAB\E1\E1.X\MAIN.ASM 31 : Found opcode in column 1. (movwf)
Warning[205] D:\DEVELOP\MPLAB\E1\E1.X\MAIN.ASM 35 : Found directive in column 1. (END)
