Warning[205] E:\MPLAB_WORKSPACE\16F88\DANIEL DIGITAL\MAIN.ASM 1 : Found directive in column 1. (LIST)
Message[301] C:\PROGRAM FILES (X86)\MICROCHIP\MPASM SUITE\P16F88.INC 33 : MESSAGE: (Processor-header file mismatch.  Verify selected processor.)
Warning[205] E:\MPLAB_WORKSPACE\16F88\DANIEL DIGITAL\MACROS.INC 1 : Found directive in column 1. (CBLOCK)
Warning[210] E:\MPLAB_WORKSPACE\16F88\DANIEL DIGITAL\MACROS.INC 2 : Extra ","
Warning[210] E:\MPLAB_WORKSPACE\16F88\DANIEL DIGITAL\MACROS.INC 3 : Extra ","
Warning[210] E:\MPLAB_WORKSPACE\16F88\DANIEL DIGITAL\MACROS.INC 4 : Extra ","
Warning[205] E:\MPLAB_WORKSPACE\16F88\DANIEL DIGITAL\MACROS.INC 5 : Found directive in column 1. (ENDC)
Warning[205] E:\MPLAB_WORKSPACE\16F88\DANIEL DIGITAL\MACROS.INC 46 : Found directive in column 1. (ENDM)
Warning[205] E:\MPLAB_WORKSPACE\16F88\DANIEL DIGITAL\MAIN.ASM 13 : Found directive in column 1. (CBLOCK)
Warning[205] E:\MPLAB_WORKSPACE\16F88\DANIEL DIGITAL\MAIN.ASM 15 : Found directive in column 1. (ENDC)
Warning[205] E:\MPLAB_WORKSPACE\16F88\DANIEL DIGITAL\MAIN.ASM 17 : Found directive in column 1. (ORG)
Warning[203] E:\MPLAB_WORKSPACE\16F88\DANIEL DIGITAL\MAIN.ASM 18 : Found opcode in column 1. (GOTO)
Warning[205] E:\MPLAB_WORKSPACE\16F88\DANIEL DIGITAL\MAIN.ASM 19 : Found directive in column 1. (ORG)
Warning[205] E:\MPLAB_WORKSPACE\16F88\DANIEL DIGITAL\MAIN.ASM 23 : Found directive in column 1. (BANKSEL)
Warning[206] E:\MPLAB_WORKSPACE\16F88\DANIEL DIGITAL\MAIN.ASM 24 : Found call to macro in column 1. (LOAD)
Message[302] E:\MPLAB_WORKSPACE\16F88\DANIEL DIGITAL\MACROS.INC 9 : Register in operand not in bank 0.  Ensure that bank bits are correct.
Warning[203] E:\MPLAB_WORKSPACE\16F88\DANIEL DIGITAL\MAIN.ASM 25 : Found opcode in column 1. (CLRF)
Message[302] E:\MPLAB_WORKSPACE\16F88\DANIEL DIGITAL\MAIN.ASM 25 : Register in operand not in bank 0.  Ensure that bank bits are correct.
Warning[205] E:\MPLAB_WORKSPACE\16F88\DANIEL DIGITAL\MAIN.ASM 27 : Found directive in column 1. (BANKSEL)
Warning[203] E:\MPLAB_WORKSPACE\16F88\DANIEL DIGITAL\MAIN.ASM 28 : Found opcode in column 1. (CLRF)
Message[302] E:\MPLAB_WORKSPACE\16F88\DANIEL DIGITAL\MAIN.ASM 28 : Register in operand not in bank 0.  Ensure that bank bits are correct.
Warning[205] E:\MPLAB_WORKSPACE\16F88\DANIEL DIGITAL\MAIN.ASM 30 : Found directive in column 1. (BANKSEL)
Warning[203] E:\MPLAB_WORKSPACE\16F88\DANIEL DIGITAL\MAIN.ASM 31 : Found opcode in column 1. (CLRF)
Warning[203] E:\MPLAB_WORKSPACE\16F88\DANIEL DIGITAL\MAIN.ASM 32 : Found opcode in column 1. (CLRF)
Warning[203] E:\MPLAB_WORKSPACE\16F88\DANIEL DIGITAL\MAIN.ASM 34 : Found opcode in column 1. (clrf)
Warning[203] E:\MPLAB_WORKSPACE\16F88\DANIEL DIGITAL\MAIN.ASM 35 : Found opcode in column 1. (clrf)
Warning[203] E:\MPLAB_WORKSPACE\16F88\DANIEL DIGITAL\MAIN.ASM 36 : Found opcode in column 1. (clrf)
Warning[203] E:\MPLAB_WORKSPACE\16F88\DANIEL DIGITAL\MAIN.ASM 37 : Found opcode in column 1. (clrf)
Warning[203] E:\MPLAB_WORKSPACE\16F88\DANIEL DIGITAL\MAIN.ASM 38 : Found opcode in column 1. (clrf)
Warning[203] E:\MPLAB_WORKSPACE\16F88\DANIEL DIGITAL\MAIN.ASM 39 : Found opcode in column 1. (clrf)
Warning[206] E:\MPLAB_WORKSPACE\16F88\DANIEL DIGITAL\MAIN.ASM 43 : Found call to macro in column 1. (LOAD)
Warning[206] E:\MPLAB_WORKSPACE\16F88\DANIEL DIGITAL\MAIN.ASM 44 : Found call to macro in column 1. (Print)
Message[305] E:\MPLAB_WORKSPACE\16F88\DANIEL DIGITAL\MACROS.INC 24 : Using default destination of 1 (file).
Message[305] E:\MPLAB_WORKSPACE\16F88\DANIEL DIGITAL\MACROS.INC 37 : Using default destination of 1 (file).
Message[305] E:\MPLAB_WORKSPACE\16F88\DANIEL DIGITAL\MACROS.INC 38 : Using default destination of 1 (file).
Message[305] E:\MPLAB_WORKSPACE\16F88\DANIEL DIGITAL\MACROS.INC 39 : Using default destination of 1 (file).
Message[305] E:\MPLAB_WORKSPACE\16F88\DANIEL DIGITAL\MACROS.INC 40 : Using default destination of 1 (file).
Message[305] E:\MPLAB_WORKSPACE\16F88\DANIEL DIGITAL\MACROS.INC 42 : Using default destination of 1 (file).
Warning[206] E:\MPLAB_WORKSPACE\16F88\DANIEL DIGITAL\MAIN.ASM 45 : Found call to macro in column 1. (Delay)
Warning[206] E:\MPLAB_WORKSPACE\16F88\DANIEL DIGITAL\MAIN.ASM 47 : Found call to macro in column 1. (LOAD)
Warning[206] E:\MPLAB_WORKSPACE\16F88\DANIEL DIGITAL\MAIN.ASM 48 : Found call to macro in column 1. (Print)
Message[305] E:\MPLAB_WORKSPACE\16F88\DANIEL DIGITAL\MACROS.INC 24 : Using default destination of 1 (file).
Message[305] E:\MPLAB_WORKSPACE\16F88\DANIEL DIGITAL\MACROS.INC 37 : Using default destination of 1 (file).
Message[305] E:\MPLAB_WORKSPACE\16F88\DANIEL DIGITAL\MACROS.INC 38 : Using default destination of 1 (file).
Message[305] E:\MPLAB_WORKSPACE\16F88\DANIEL DIGITAL\MACROS.INC 39 : Using default destination of 1 (file).
Message[305] E:\MPLAB_WORKSPACE\16F88\DANIEL DIGITAL\MACROS.INC 40 : Using default destination of 1 (file).
Message[305] E:\MPLAB_WORKSPACE\16F88\DANIEL DIGITAL\MACROS.INC 42 : Using default destination of 1 (file).
Warning[206] E:\MPLAB_WORKSPACE\16F88\DANIEL DIGITAL\MAIN.ASM 49 : Found call to macro in column 1. (Delay)
Warning[206] E:\MPLAB_WORKSPACE\16F88\DANIEL DIGITAL\MAIN.ASM 51 : Found call to macro in column 1. (LOAD)
Warning[206] E:\MPLAB_WORKSPACE\16F88\DANIEL DIGITAL\MAIN.ASM 52 : Found call to macro in column 1. (Print)
Message[305] E:\MPLAB_WORKSPACE\16F88\DANIEL DIGITAL\MACROS.INC 24 : Using default destination of 1 (file).
Message[305] E:\MPLAB_WORKSPACE\16F88\DANIEL DIGITAL\MACROS.INC 37 : Using default destination of 1 (file).
Message[305] E:\MPLAB_WORKSPACE\16F88\DANIEL DIGITAL\MACROS.INC 38 : Using default destination of 1 (file).
Message[305] E:\MPLAB_WORKSPACE\16F88\DANIEL DIGITAL\MACROS.INC 39 : Using default destination of 1 (file).
Message[305] E:\MPLAB_WORKSPACE\16F88\DANIEL DIGITAL\MACROS.INC 40 : Using default destination of 1 (file).
Message[305] E:\MPLAB_WORKSPACE\16F88\DANIEL DIGITAL\MACROS.INC 42 : Using default destination of 1 (file).
Warning[206] E:\MPLAB_WORKSPACE\16F88\DANIEL DIGITAL\MAIN.ASM 53 : Found call to macro in column 1. (Delay)
Warning[206] E:\MPLAB_WORKSPACE\16F88\DANIEL DIGITAL\MAIN.ASM 55 : Found call to macro in column 1. (LOAD)
Warning[206] E:\MPLAB_WORKSPACE\16F88\DANIEL DIGITAL\MAIN.ASM 56 : Found call to macro in column 1. (Print)
Message[305] E:\MPLAB_WORKSPACE\16F88\DANIEL DIGITAL\MACROS.INC 24 : Using default destination of 1 (file).
Message[305] E:\MPLAB_WORKSPACE\16F88\DANIEL DIGITAL\MACROS.INC 37 : Using default destination of 1 (file).
Message[305] E:\MPLAB_WORKSPACE\16F88\DANIEL DIGITAL\MACROS.INC 38 : Using default destination of 1 (file).
Message[305] E:\MPLAB_WORKSPACE\16F88\DANIEL DIGITAL\MACROS.INC 39 : Using default destination of 1 (file).
Message[305] E:\MPLAB_WORKSPACE\16F88\DANIEL DIGITAL\MACROS.INC 40 : Using default destination of 1 (file).
Message[305] E:\MPLAB_WORKSPACE\16F88\DANIEL DIGITAL\MACROS.INC 42 : Using default destination of 1 (file).
Warning[206] E:\MPLAB_WORKSPACE\16F88\DANIEL DIGITAL\MAIN.ASM 57 : Found call to macro in column 1. (Delay)
Warning[203] E:\MPLAB_WORKSPACE\16F88\DANIEL DIGITAL\MAIN.ASM 59 : Found opcode in column 1. (movf)
Warning[203] E:\MPLAB_WORKSPACE\16F88\DANIEL DIGITAL\MAIN.ASM 60 : Found opcode in column 1. (andlw)
Warning[203] E:\MPLAB_WORKSPACE\16F88\DANIEL DIGITAL\MAIN.ASM 61 : Found opcode in column 1. (movwf)
Warning[203] E:\MPLAB_WORKSPACE\16F88\DANIEL DIGITAL\MAIN.ASM 62 : Found opcode in column 1. (movlw)
Warning[203] E:\MPLAB_WORKSPACE\16F88\DANIEL DIGITAL\MAIN.ASM 63 : Found opcode in column 1. (bcf)
Warning[203] E:\MPLAB_WORKSPACE\16F88\DANIEL DIGITAL\MAIN.ASM 64 : Found opcode in column 1. (xorwf)
Warning[203] E:\MPLAB_WORKSPACE\16F88\DANIEL DIGITAL\MAIN.ASM 65 : Found opcode in column 1. (btfss)
Warning[203] E:\MPLAB_WORKSPACE\16F88\DANIEL DIGITAL\MAIN.ASM 66 : Found opcode in column 1. (GOTO)
Warning[203] E:\MPLAB_WORKSPACE\16F88\DANIEL DIGITAL\MAIN.ASM 68 : Found opcode in column 1. (bcf)
Warning[206] E:\MPLAB_WORKSPACE\16F88\DANIEL DIGITAL\MAIN.ASM 69 : Found call to macro in column 1. (LOAD)
Warning[206] E:\MPLAB_WORKSPACE\16F88\DANIEL DIGITAL\MAIN.ASM 70 : Found call to macro in column 1. (LOAD)
Warning[206] E:\MPLAB_WORKSPACE\16F88\DANIEL DIGITAL\MAIN.ASM 71 : Found call to macro in column 1. (LOAD)
Warning[206] E:\MPLAB_WORKSPACE\16F88\DANIEL DIGITAL\MAIN.ASM 72 : Found call to macro in column 1. (LOAD)
Warning[203] E:\MPLAB_WORKSPACE\16F88\DANIEL DIGITAL\MAIN.ASM 73 : Found opcode in column 1. (goto)
Warning[203] E:\MPLAB_WORKSPACE\16F88\DANIEL DIGITAL\MAIN.ASM 76 : Found opcode in column 1. (movf)
Warning[203] E:\MPLAB_WORKSPACE\16F88\DANIEL DIGITAL\MAIN.ASM 77 : Found opcode in column 1. (andlw)
Warning[203] E:\MPLAB_WORKSPACE\16F88\DANIEL DIGITAL\MAIN.ASM 78 : Found opcode in column 1. (movwf)
Warning[203] E:\MPLAB_WORKSPACE\16F88\DANIEL DIGITAL\MAIN.ASM 79 : Found opcode in column 1. (movlw)
Warning[203] E:\MPLAB_WORKSPACE\16F88\DANIEL DIGITAL\MAIN.ASM 80 : Found opcode in column 1. (bcf)
Warning[203] E:\MPLAB_WORKSPACE\16F88\DANIEL DIGITAL\MAIN.ASM 81 : Found opcode in column 1. (xorwf)
Warning[203] E:\MPLAB_WORKSPACE\16F88\DANIEL DIGITAL\MAIN.ASM 82 : Found opcode in column 1. (btfss)
Warning[203] E:\MPLAB_WORKSPACE\16F88\DANIEL DIGITAL\MAIN.ASM 83 : Found opcode in column 1. (GOTO)
Warning[203] E:\MPLAB_WORKSPACE\16F88\DANIEL DIGITAL\MAIN.ASM 85 : Found opcode in column 1. (bcf)
Warning[206] E:\MPLAB_WORKSPACE\16F88\DANIEL DIGITAL\MAIN.ASM 86 : Found call to macro in column 1. (LOAD)
Warning[206] E:\MPLAB_WORKSPACE\16F88\DANIEL DIGITAL\MAIN.ASM 87 : Found call to macro in column 1. (LOAD)
Warning[206] E:\MPLAB_WORKSPACE\16F88\DANIEL DIGITAL\MAIN.ASM 88 : Found call to macro in column 1. (LOAD)
Warning[206] E:\MPLAB_WORKSPACE\16F88\DANIEL DIGITAL\MAIN.ASM 89 : Found call to macro in column 1. (LOAD)
Warning[203] E:\MPLAB_WORKSPACE\16F88\DANIEL DIGITAL\MAIN.ASM 90 : Found opcode in column 1. (goto)
Warning[203] E:\MPLAB_WORKSPACE\16F88\DANIEL DIGITAL\MAIN.ASM 93 : Found opcode in column 1. (movf)
Warning[203] E:\MPLAB_WORKSPACE\16F88\DANIEL DIGITAL\MAIN.ASM 94 : Found opcode in column 1. (andlw)
Warning[203] E:\MPLAB_WORKSPACE\16F88\DANIEL DIGITAL\MAIN.ASM 95 : Found opcode in column 1. (movwf)
Warning[203] E:\MPLAB_WORKSPACE\16F88\DANIEL DIGITAL\MAIN.ASM 96 : Found opcode in column 1. (movlw)
Warning[203] E:\MPLAB_WORKSPACE\16F88\DANIEL DIGITAL\MAIN.ASM 97 : Found opcode in column 1. (bcf)
Warning[203] E:\MPLAB_WORKSPACE\16F88\DANIEL DIGITAL\MAIN.ASM 98 : Found opcode in column 1. (xorwf)
Warning[203] E:\MPLAB_WORKSPACE\16F88\DANIEL DIGITAL\MAIN.ASM 99 : Found opcode in column 1. (btfss)
Warning[203] E:\MPLAB_WORKSPACE\16F88\DANIEL DIGITAL\MAIN.ASM 100 : Found opcode in column 1. (GOTO)
Warning[203] E:\MPLAB_WORKSPACE\16F88\DANIEL DIGITAL\MAIN.ASM 102 : Found opcode in column 1. (bcf)
Warning[206] E:\MPLAB_WORKSPACE\16F88\DANIEL DIGITAL\MAIN.ASM 103 : Found call to macro in column 1. (LOAD)
Warning[206] E:\MPLAB_WORKSPACE\16F88\DANIEL DIGITAL\MAIN.ASM 104 : Found call to macro in column 1. (LOAD)
Warning[206] E:\MPLAB_WORKSPACE\16F88\DANIEL DIGITAL\MAIN.ASM 105 : Found call to macro in column 1. (LOAD)
Warning[206] E:\MPLAB_WORKSPACE\16F88\DANIEL DIGITAL\MAIN.ASM 106 : Found call to macro in column 1. (LOAD)
Warning[206] E:\MPLAB_WORKSPACE\16F88\DANIEL DIGITAL\MAIN.ASM 107 : Found call to macro in column 1. (LOAD)
Warning[206] E:\MPLAB_WORKSPACE\16F88\DANIEL DIGITAL\MAIN.ASM 108 : Found call to macro in column 1. (LOAD)
Warning[206] E:\MPLAB_WORKSPACE\16F88\DANIEL DIGITAL\MAIN.ASM 109 : Found call to macro in column 1. (LOAD)
Warning[203] E:\MPLAB_WORKSPACE\16F88\DANIEL DIGITAL\MAIN.ASM 110 : Found opcode in column 1. (goto)
Warning[203] E:\MPLAB_WORKSPACE\16F88\DANIEL DIGITAL\MAIN.ASM 113 : Found opcode in column 1. (movf)
Warning[203] E:\MPLAB_WORKSPACE\16F88\DANIEL DIGITAL\MAIN.ASM 114 : Found opcode in column 1. (movwf)
Warning[203] E:\MPLAB_WORKSPACE\16F88\DANIEL DIGITAL\MAIN.ASM 115 : Found opcode in column 1. (movlw)
Warning[203] E:\MPLAB_WORKSPACE\16F88\DANIEL DIGITAL\MAIN.ASM 116 : Found opcode in column 1. (andwf)
Message[305] E:\MPLAB_WORKSPACE\16F88\DANIEL DIGITAL\MAIN.ASM 116 : Using default destination of 1 (file).
Warning[203] E:\MPLAB_WORKSPACE\16F88\DANIEL DIGITAL\MAIN.ASM 117 : Found opcode in column 1. (movlw)
Warning[203] E:\MPLAB_WORKSPACE\16F88\DANIEL DIGITAL\MAIN.ASM 118 : Found opcode in column 1. (bcf)
Warning[203] E:\MPLAB_WORKSPACE\16F88\DANIEL DIGITAL\MAIN.ASM 119 : Found opcode in column 1. (xorwf)
Warning[203] E:\MPLAB_WORKSPACE\16F88\DANIEL DIGITAL\MAIN.ASM 120 : Found opcode in column 1. (btfss)
Warning[203] E:\MPLAB_WORKSPACE\16F88\DANIEL DIGITAL\MAIN.ASM 121 : Found opcode in column 1. (GOTO)
Warning[203] E:\MPLAB_WORKSPACE\16F88\DANIEL DIGITAL\MAIN.ASM 123 : Found opcode in column 1. (btfsc)
Warning[203] E:\MPLAB_WORKSPACE\16F88\DANIEL DIGITAL\MAIN.ASM 124 : Found opcode in column 1. (goto)
Warning[203] E:\MPLAB_WORKSPACE\16F88\DANIEL DIGITAL\MAIN.ASM 126 : Found opcode in column 1. (clrf)
Warning[203] E:\MPLAB_WORKSPACE\16F88\DANIEL DIGITAL\MAIN.ASM 127 : Found opcode in column 1. (clrf)
Warning[203] E:\MPLAB_WORKSPACE\16F88\DANIEL DIGITAL\MAIN.ASM 128 : Found opcode in column 1. (clrf)
Warning[203] E:\MPLAB_WORKSPACE\16F88\DANIEL DIGITAL\MAIN.ASM 129 : Found opcode in column 1. (clrf)
Warning[203] E:\MPLAB_WORKSPACE\16F88\DANIEL DIGITAL\MAIN.ASM 130 : Found opcode in column 1. (clrf)
Warning[203] E:\MPLAB_WORKSPACE\16F88\DANIEL DIGITAL\MAIN.ASM 131 : Found opcode in column 1. (bsf)
Warning[203] E:\MPLAB_WORKSPACE\16F88\DANIEL DIGITAL\MAIN.ASM 135 : Found opcode in column 1. (incf)
Message[305] E:\MPLAB_WORKSPACE\16F88\DANIEL DIGITAL\MAIN.ASM 135 : Using default destination of 1 (file).
Warning[203] E:\MPLAB_WORKSPACE\16F88\DANIEL DIGITAL\MAIN.ASM 136 : Found opcode in column 1. (movlw)
Warning[203] E:\MPLAB_WORKSPACE\16F88\DANIEL DIGITAL\MAIN.ASM 137 : Found opcode in column 1. (bcf)
Warning[203] E:\MPLAB_WORKSPACE\16F88\DANIEL DIGITAL\MAIN.ASM 138 : Found opcode in column 1. (xorwf)
Warning[203] E:\MPLAB_WORKSPACE\16F88\DANIEL DIGITAL\MAIN.ASM 139 : Found opcode in column 1. (btfss)
Warning[203] E:\MPLAB_WORKSPACE\16F88\DANIEL DIGITAL\MAIN.ASM 140 : Found opcode in column 1. (GOTO)
Warning[203] E:\MPLAB_WORKSPACE\16F88\DANIEL DIGITAL\MAIN.ASM 141 : Found opcode in column 1. (clrf)
Warning[203] E:\MPLAB_WORKSPACE\16F88\DANIEL DIGITAL\MAIN.ASM 143 : Found opcode in column 1. (movf)
Warning[203] E:\MPLAB_WORKSPACE\16F88\DANIEL DIGITAL\MAIN.ASM 144 : Found opcode in column 1. (movwf)
Warning[203] E:\MPLAB_WORKSPACE\16F88\DANIEL DIGITAL\MAIN.ASM 145 : Found opcode in column 1. (movf)
Warning[203] E:\MPLAB_WORKSPACE\16F88\DANIEL DIGITAL\MAIN.ASM 146 : Found opcode in column 1. (movwf)
Warning[203] E:\MPLAB_WORKSPACE\16F88\DANIEL DIGITAL\MAIN.ASM 147 : Found opcode in column 1. (movf)
Warning[203] E:\MPLAB_WORKSPACE\16F88\DANIEL DIGITAL\MAIN.ASM 148 : Found opcode in column 1. (movwf)
Warning[203] E:\MPLAB_WORKSPACE\16F88\DANIEL DIGITAL\MAIN.ASM 149 : Found opcode in column 1. (incf)
Message[305] E:\MPLAB_WORKSPACE\16F88\DANIEL DIGITAL\MAIN.ASM 149 : Using default destination of 1 (file).
Warning[203] E:\MPLAB_WORKSPACE\16F88\DANIEL DIGITAL\MAIN.ASM 151 : Found opcode in column 1. (movlw)
Warning[203] E:\MPLAB_WORKSPACE\16F88\DANIEL DIGITAL\MAIN.ASM 152 : Found opcode in column 1. (bcf)
Warning[203] E:\MPLAB_WORKSPACE\16F88\DANIEL DIGITAL\MAIN.ASM 153 : Found opcode in column 1. (xorwf)
Warning[203] E:\MPLAB_WORKSPACE\16F88\DANIEL DIGITAL\MAIN.ASM 154 : Found opcode in column 1. (btfss)
Warning[203] E:\MPLAB_WORKSPACE\16F88\DANIEL DIGITAL\MAIN.ASM 155 : Found opcode in column 1. (GOTO)
Warning[203] E:\MPLAB_WORKSPACE\16F88\DANIEL DIGITAL\MAIN.ASM 156 : Found opcode in column 1. (clrf)
Warning[203] E:\MPLAB_WORKSPACE\16F88\DANIEL DIGITAL\MAIN.ASM 158 : Found opcode in column 1. (GOTO)
Warning[203] E:\MPLAB_WORKSPACE\16F88\DANIEL DIGITAL\MAIN.ASM 162 : Found opcode in column 1. (addwf)
Warning[203] E:\MPLAB_WORKSPACE\16F88\DANIEL DIGITAL\MAIN.ASM 163 : Found opcode in column 1. (retlw)
Warning[203] E:\MPLAB_WORKSPACE\16F88\DANIEL DIGITAL\MAIN.ASM 164 : Found opcode in column 1. (retlw)
Warning[203] E:\MPLAB_WORKSPACE\16F88\DANIEL DIGITAL\MAIN.ASM 165 : Found opcode in column 1. (retlw)
Warning[203] E:\MPLAB_WORKSPACE\16F88\DANIEL DIGITAL\MAIN.ASM 166 : Found opcode in column 1. (retlw)
Warning[203] E:\MPLAB_WORKSPACE\16F88\DANIEL DIGITAL\MAIN.ASM 167 : Found opcode in column 1. (retlw)
Warning[203] E:\MPLAB_WORKSPACE\16F88\DANIEL DIGITAL\MAIN.ASM 168 : Found opcode in column 1. (retlw)
Warning[203] E:\MPLAB_WORKSPACE\16F88\DANIEL DIGITAL\MAIN.ASM 169 : Found opcode in column 1. (retlw)
Warning[203] E:\MPLAB_WORKSPACE\16F88\DANIEL DIGITAL\MAIN.ASM 170 : Found opcode in column 1. (retlw)
Warning[203] E:\MPLAB_WORKSPACE\16F88\DANIEL DIGITAL\MAIN.ASM 171 : Found opcode in column 1. (retlw)
Warning[203] E:\MPLAB_WORKSPACE\16F88\DANIEL DIGITAL\MAIN.ASM 172 : Found opcode in column 1. (retlw)
Warning[203] E:\MPLAB_WORKSPACE\16F88\DANIEL DIGITAL\MAIN.ASM 173 : Found opcode in column 1. (retlw)
Warning[203] E:\MPLAB_WORKSPACE\16F88\DANIEL DIGITAL\MAIN.ASM 174 : Found opcode in column 1. (retlw)
Warning[203] E:\MPLAB_WORKSPACE\16F88\DANIEL DIGITAL\MAIN.ASM 175 : Found opcode in column 1. (retlw)
Warning[203] E:\MPLAB_WORKSPACE\16F88\DANIEL DIGITAL\MAIN.ASM 176 : Found opcode in column 1. (retlw)
Warning[203] E:\MPLAB_WORKSPACE\16F88\DANIEL DIGITAL\MAIN.ASM 177 : Found opcode in column 1. (retlw)
Warning[203] E:\MPLAB_WORKSPACE\16F88\DANIEL DIGITAL\MAIN.ASM 178 : Found opcode in column 1. (retlw)
Warning[205] E:\MPLAB_WORKSPACE\16F88\DANIEL DIGITAL\MAIN.ASM 180 : Found directive in column 1. (END)
