Warning[205] E:\MPLAB_WORKSPAC\CAJA\PROY6.ASM 1 : Found directive in column 1. (list)
Warning[203] E:\MPLAB_WORKSPAC\CAJA\PROY6.ASM 22 : Found opcode in column 1. (ADDWF)
Warning[205] E:\MPLAB_WORKSPAC\CAJA\PROY6.ASM 23 : Found directive in column 1. (DT)
Warning[203] E:\MPLAB_WORKSPAC\CAJA\PROY6.ASM 26 : Found opcode in column 1. (ADDWF)
Warning[205] E:\MPLAB_WORKSPAC\CAJA\PROY6.ASM 27 : Found directive in column 1. (DT)
Message[302] E:\MPLAB_WORKSPAC\CAJA\PROY6.ASM 36 : Register in operand not in bank 0.  Ensure that bank bits are correct.
Message[302] E:\MPLAB_WORKSPAC\CAJA\PROY6.ASM 38 : Register in operand not in bank 0.  Ensure that bank bits are correct.
Message[302] E:\MPLAB_WORKSPAC\CAJA\PROY6.ASM 39 : Register in operand not in bank 0.  Ensure that bank bits are correct.
Message[302] E:\MPLAB_WORKSPAC\CAJA\PROY6.ASM 43 : Register in operand not in bank 0.  Ensure that bank bits are correct.
Message[302] E:\MPLAB_WORKSPAC\CAJA\PROY6.ASM 45 : Register in operand not in bank 0.  Ensure that bank bits are correct.
Message[302] E:\MPLAB_WORKSPAC\CAJA\PROY6.ASM 46 : Register in operand not in bank 0.  Ensure that bank bits are correct.
Warning[203] E:\MPLAB_WORKSPAC\CAJA\PROY6.ASM 104 : Found opcode in column 1. (movlw)
Warning[203] E:\MPLAB_WORKSPAC\CAJA\PROY6.ASM 105 : Found opcode in column 1. (xorwf)
Warning[203] E:\MPLAB_WORKSPAC\CAJA\PROY6.ASM 106 : Found opcode in column 1. (btfss)
Warning[203] E:\MPLAB_WORKSPAC\CAJA\PROY6.ASM 107 : Found opcode in column 1. (goto)
Warning[203] E:\MPLAB_WORKSPAC\CAJA\PROY6.ASM 111 : Found opcode in column 1. (movlw)
Warning[203] E:\MPLAB_WORKSPAC\CAJA\PROY6.ASM 112 : Found opcode in column 1. (xorwf)
Warning[203] E:\MPLAB_WORKSPAC\CAJA\PROY6.ASM 113 : Found opcode in column 1. (btfss)
Warning[203] E:\MPLAB_WORKSPAC\CAJA\PROY6.ASM 114 : Found opcode in column 1. (goto)
Warning[203] E:\MPLAB_WORKSPAC\CAJA\PROY6.ASM 120 : Found opcode in column 1. (movlw)
Warning[203] E:\MPLAB_WORKSPAC\CAJA\PROY6.ASM 121 : Found opcode in column 1. (xorwf)
Warning[203] E:\MPLAB_WORKSPAC\CAJA\PROY6.ASM 122 : Found opcode in column 1. (btfss)
Warning[203] E:\MPLAB_WORKSPAC\CAJA\PROY6.ASM 123 : Found opcode in column 1. (goto)
Warning[203] E:\MPLAB_WORKSPAC\CAJA\PROY6.ASM 131 : Found opcode in column 1. (movlw)
Warning[203] E:\MPLAB_WORKSPAC\CAJA\PROY6.ASM 132 : Found opcode in column 1. (xorwf)
Warning[203] E:\MPLAB_WORKSPAC\CAJA\PROY6.ASM 133 : Found opcode in column 1. (btfss)
Warning[203] E:\MPLAB_WORKSPAC\CAJA\PROY6.ASM 134 : Found opcode in column 1. (goto)
Warning[203] E:\MPLAB_WORKSPAC\CAJA\PROY6.ASM 145 : Found opcode in column 1. (call)
Warning[203] E:\MPLAB_WORKSPAC\CAJA\PROY6.ASM 146 : Found opcode in column 1. (call)
Warning[204] E:\MPLAB_WORKSPAC\CAJA\PROY6.ASM 147 : Found pseudo-op in column 1. (movfw)
Warning[203] E:\MPLAB_WORKSPAC\CAJA\PROY6.ASM 148 : Found opcode in column 1. (call)
Warning[203] E:\MPLAB_WORKSPAC\CAJA\PROY6.ASM 149 : Found opcode in column 1. (aDDwf)
Warning[203] E:\MPLAB_WORKSPAC\CAJA\PROY6.ASM 150 : Found opcode in column 1. (incf)
Warning[203] E:\MPLAB_WORKSPAC\CAJA\PROY6.ASM 151 : Found opcode in column 1. (call)
Warning[203] E:\MPLAB_WORKSPAC\CAJA\PROY6.ASM 152 : Found opcode in column 1. (return)
Warning[203] E:\MPLAB_WORKSPAC\CAJA\PROY6.ASM 312 : Found opcode in column 1. (movlw)
Warning[203] E:\MPLAB_WORKSPAC\CAJA\PROY6.ASM 313 : Found opcode in column 1. (movwf)
Warning[203] E:\MPLAB_WORKSPAC\CAJA\PROY6.ASM 315 : Found opcode in column 1. (movlw)
Warning[203] E:\MPLAB_WORKSPAC\CAJA\PROY6.ASM 316 : Found opcode in column 1. (movwf)
Warning[203] E:\MPLAB_WORKSPAC\CAJA\PROY6.ASM 318 : Found opcode in column 1. (decfsz)
Warning[203] E:\MPLAB_WORKSPAC\CAJA\PROY6.ASM 319 : Found opcode in column 1. (goto)
Warning[203] E:\MPLAB_WORKSPAC\CAJA\PROY6.ASM 321 : Found opcode in column 1. (decfsz)
Warning[203] E:\MPLAB_WORKSPAC\CAJA\PROY6.ASM 322 : Found opcode in column 1. (goto)
Warning[203] E:\MPLAB_WORKSPAC\CAJA\PROY6.ASM 323 : Found opcode in column 1. (return)
Warning[203] E:\MPLAB_WORKSPAC\CAJA\PROY6.ASM 326 : Found opcode in column 1. (movlw)
Warning[203] E:\MPLAB_WORKSPAC\CAJA\PROY6.ASM 327 : Found opcode in column 1. (movwf)
Warning[203] E:\MPLAB_WORKSPAC\CAJA\PROY6.ASM 329 : Found opcode in column 1. (movlw)
Warning[203] E:\MPLAB_WORKSPAC\CAJA\PROY6.ASM 330 : Found opcode in column 1. (movwf)
Warning[203] E:\MPLAB_WORKSPAC\CAJA\PROY6.ASM 332 : Found opcode in column 1. (decfsz)
Warning[203] E:\MPLAB_WORKSPAC\CAJA\PROY6.ASM 333 : Found opcode in column 1. (goto)
Warning[203] E:\MPLAB_WORKSPAC\CAJA\PROY6.ASM 335 : Found opcode in column 1. (decfsz)
Warning[203] E:\MPLAB_WORKSPAC\CAJA\PROY6.ASM 336 : Found opcode in column 1. (goto)
Warning[203] E:\MPLAB_WORKSPAC\CAJA\PROY6.ASM 337 : Found opcode in column 1. (return)
